Log file open, 01/04/17 17:24:50
LogInit:Display: Running engine for game: NaughtsNCrosses
LogPlatformFile: Not using cached read wrapper
LogInit:Display: RandInit(-776180048) SRandInit(-776180048).
LogTaskGraph: Started task graph with 5 named threads and 8 total threads with 1 sets of task threads.
LogStats: Stats thread started at 0.080015
LogPluginManager: Loaded Plugin Paper2D, From C:/Program Files (x86)/Epic Games/4.14/Engine/Plugins/2D/Paper2D/Paper2D.uplugin
LogPluginManager: Loaded Plugin LightPropagationVolume, From C:/Program Files (x86)/Epic Games/4.14/Engine/Plugins/Blendables/LightPropagationVolume/LightPropagationVolume.uplugin
LogPluginManager: Loaded Plugin BlankPlugin, From C:/Program Files (x86)/Epic Games/4.14/Engine/Plugins/Developer/BlankPlugin/BlankPlugin.uplugin
LogPluginManager: Loaded Plugin CodeLiteSourceCodeAccess, From C:/Program Files (x86)/Epic Games/4.14/Engine/Plugins/Developer/CodeLiteSourceCodeAccess/CodeLiteSourceCodeAccess.uplugin
LogPluginManager: Loaded Plugin GitSourceControl, From C:/Program Files (x86)/Epic Games/4.14/Engine/Plugins/Developer/GitSourceControl/GitSourceControl.uplugin
LogPluginManager: Loaded Plugin KDevelopSourceCodeAccess, From C:/Program Files (x86)/Epic Games/4.14/Engine/Plugins/Developer/KDevelopSourceCodeAccess/KDevelopSourceCodeAccess.uplugin
LogPluginManager: Loaded Plugin NullSourceCodeAccess, From C:/Program Files (x86)/Epic Games/4.14/Engine/Plugins/Developer/NullSourceCodeAccess/NullSourceCodeAccess.uplugin
LogPluginManager: Loaded Plugin OneSkyLocalizationService, From C:/Program Files (x86)/Epic Games/4.14/Engine/Plugins/Developer/OneSkyLocalizationService/OneSkyLocalizationService.uplugin
LogPluginManager: Loaded Plugin PerforceSourceControl, From C:/Program Files (x86)/Epic Games/4.14/Engine/Plugins/Developer/PerforceSourceControl/PerforceSourceControl.uplugin
LogPluginManager: Loaded Plugin SubversionSourceControl, From C:/Program Files (x86)/Epic Games/4.14/Engine/Plugins/Developer/SubversionSourceControl/SubversionSourceControl.uplugin
LogPluginManager: Loaded Plugin UObjectPlugin, From C:/Program Files (x86)/Epic Games/4.14/Engine/Plugins/Developer/UObjectPlugin/UObjectPlugin.uplugin
LogPluginManager: Loaded Plugin VisualStudioSourceCodeAccess, From C:/Program Files (x86)/Epic Games/4.14/Engine/Plugins/Developer/VisualStudioSourceCodeAccess/VisualStudioSourceCodeAccess.uplugin
LogPluginManager: Loaded Plugin XCodeSourceCodeAccess, From C:/Program Files (x86)/Epic Games/4.14/Engine/Plugins/Developer/XCodeSourceCodeAccess/XCodeSourceCodeAccess.uplugin
LogPluginManager: Loaded Plugin AudioCapture, From C:/Program Files (x86)/Epic Games/4.14/Engine/Plugins/Editor/AudioCapture/AudioCapture.uplugin
LogPluginManager: Loaded Plugin EpicSurvey, From C:/Program Files (x86)/Epic Games/4.14/Engine/Plugins/Editor/EpicSurvey/EpicSurvey.uplugin
LogPluginManager: Loaded Plugin MacGraphicsSwitching, From C:/Program Files (x86)/Epic Games/4.14/Engine/Plugins/Editor/MacGraphicsSwitching/MacGraphicsSwitching.uplugin
LogPluginManager: Loaded Plugin MobileLauncherProfileWizard, From C:/Program Files (x86)/Epic Games/4.14/Engine/Plugins/Editor/MobileLauncherProfileWizard/MobileLauncherProfileWizard.uplugin
LogPluginManager: Loaded Plugin PluginBrowser, From C:/Program Files (x86)/Epic Games/4.14/Engine/Plugins/Editor/PluginBrowser/PluginBrowser.uplugin
LogPluginManager: Loaded Plugin SpeedTreeImporter, From C:/Program Files (x86)/Epic Games/4.14/Engine/Plugins/Editor/SpeedTreeImporter/SpeedTreeImporter.uplugin
LogPluginManager: Loaded Plugin SuperSearchEditor, From C:/Program Files (x86)/Epic Games/4.14/Engine/Plugins/Editor/SuperSearchEditor/SuperSearchEditor.uplugin
LogPluginManager: Loaded Plugin AlembicImporter, From C:/Program Files (x86)/Epic Games/4.14/Engine/Plugins/Experimental/AlembicImporter/AlembicImporter.uplugin
LogPluginManager: Loaded Plugin BlueprintStats, From C:/Program Files (x86)/Epic Games/4.14/Engine/Plugins/Experimental/BlueprintStats/BlueprintStats.uplugin
LogPluginManager: Loaded Plugin CharacterAI, From C:/Program Files (x86)/Epic Games/4.14/Engine/Plugins/Experimental/CharacterAI/CharacterAI.uplugin
LogPluginManager: Loaded Plugin CodeEditor, From C:/Program Files (x86)/Epic Games/4.14/Engine/Plugins/Experimental/CodeEditor/CodeEditor.uplugin
LogPluginManager: Loaded Plugin CodeView, From C:/Program Files (x86)/Epic Games/4.14/Engine/Plugins/Experimental/CodeView/CodeView.uplugin
LogPluginManager: Loaded Plugin HTML5Networking, From C:/Program Files (x86)/Epic Games/4.14/Engine/Plugins/Experimental/HTML5Networking/HTML5Networking.uplugin
LogPluginManager: Loaded Plugin OSVR, From C:/Program Files (x86)/Epic Games/4.14/Engine/Plugins/Experimental/OSVR/OSVR.uplugin
LogPluginManager: Loaded Plugin Phya, From C:/Program Files (x86)/Epic Games/4.14/Engine/Plugins/Experimental/Phya/Phya.uplugin
LogPluginManager: Loaded Plugin SignificanceManager, From C:/Program Files (x86)/Epic Games/4.14/Engine/Plugins/Experimental/SignificanceManager/SignificanceManager.uplugin
LogPluginManager: Loaded Plugin SimpleHMD, From C:/Program Files (x86)/Epic Games/4.14/Engine/Plugins/Experimental/SimpleHMD/SimpleHMD.uplugin
LogPluginManager: Loaded Plugin StereoPanorama, From C:/Program Files (x86)/Epic Games/4.14/Engine/Plugins/Experimental/StereoPanorama/StereoPanorama.uplugin
LogPluginManager: Loaded Plugin StructBox, From C:/Program Files (x86)/Epic Games/4.14/Engine/Plugins/Experimental/StructBox/StructBox.uplugin
LogPluginManager: Loaded Plugin AndroidMedia, From C:/Program Files (x86)/Epic Games/4.14/Engine/Plugins/Media/AndroidMedia/AndroidMedia.uplugin
LogPluginManager: Loaded Plugin AvfMedia, From C:/Program Files (x86)/Epic Games/4.14/Engine/Plugins/Media/AvfMedia/AvfMedia.uplugin
LogPluginManager: Loaded Plugin MediaPlayerEditor, From C:/Program Files (x86)/Epic Games/4.14/Engine/Plugins/Media/MediaPlayerEditor/MediaPlayerEditor.uplugin
LogPluginManager: Loaded Plugin WmfMedia, From C:/Program Files (x86)/Epic Games/4.14/Engine/Plugins/Media/WmfMedia/WmfMedia.uplugin
LogPluginManager: Loaded Plugin MessagingDebugger, From C:/Program Files (x86)/Epic Games/4.14/Engine/Plugins/Messaging/MessagingDebugger/MessagingDebugger.uplugin
LogPluginManager: Loaded Plugin TcpMessaging, From C:/Program Files (x86)/Epic Games/4.14/Engine/Plugins/Messaging/TcpMessaging/TcpMessaging.uplugin
LogPluginManager: Loaded Plugin UdpMessaging, From C:/Program Files (x86)/Epic Games/4.14/Engine/Plugins/Messaging/UdpMessaging/UdpMessaging.uplugin
LogPluginManager: Loaded Plugin LevelSequenceEditor, From C:/Program Files (x86)/Epic Games/4.14/Engine/Plugins/MovieScene/LevelSequenceEditor/LevelSequenceEditor.uplugin
LogPluginManager: Loaded Plugin MatineeToLevelSequence, From C:/Program Files (x86)/Epic Games/4.14/Engine/Plugins/MovieScene/MatineeToLevelSequence/MatineeToLevelSequence.uplugin
LogPluginManager: Loaded Plugin NetcodeUnitTest, From C:/Program Files (x86)/Epic Games/4.14/Engine/Plugins/NetcodeUnitTest/NetcodeUnitTest/NetcodeUnitTest.uplugin
LogPluginManager: Loaded Plugin NUTUnrealEngine4, From C:/Program Files (x86)/Epic Games/4.14/Engine/Plugins/NetcodeUnitTest/NUTUnrealEngine4/NUTUnrealEngine4.uplugin
LogPluginManager: Loaded Plugin OnlineSubsystemGameCircle, From C:/Program Files (x86)/Epic Games/4.14/Engine/Plugins/Online/Android/OnlineSubsystemGameCircle/OnlineSubsystemGameCircle.uplugin
LogPluginManager: Loaded Plugin OnlineSubsystemGooglePlay, From C:/Program Files (x86)/Epic Games/4.14/Engine/Plugins/Online/Android/OnlineSubsystemGooglePlay/OnlineSubsystemGooglePlay.uplugin
LogPluginManager: Loaded Plugin OnlineSubsystemIOS, From C:/Program Files (x86)/Epic Games/4.14/Engine/Plugins/Online/IOS/OnlineSubsystemIOS/OnlineSubsystemIOS.uplugin
LogPluginManager: Loaded Plugin OnlineFramework, From C:/Program Files (x86)/Epic Games/4.14/Engine/Plugins/Online/OnlineFramework/OnlineFramework.uplugin
LogPluginManager: Loaded Plugin OnlineSubsystem, From C:/Program Files (x86)/Epic Games/4.14/Engine/Plugins/Online/OnlineSubsystem/OnlineSubsystem.uplugin
LogPluginManager: Loaded Plugin OnlineSubsystemAmazon, From C:/Program Files (x86)/Epic Games/4.14/Engine/Plugins/Online/OnlineSubsystemAmazon/OnlineSubsystemAmazon.uplugin
LogPluginManager: Loaded Plugin OnlineSubsystemFacebook, From C:/Program Files (x86)/Epic Games/4.14/Engine/Plugins/Online/OnlineSubsystemFacebook/OnlineSubsystemFacebook.uplugin
LogPluginManager: Loaded Plugin OnlineSubsystemNull, From C:/Program Files (x86)/Epic Games/4.14/Engine/Plugins/Online/OnlineSubsystemNull/OnlineSubsystemNull.uplugin
LogPluginManager: Loaded Plugin OnlineSubsystemOculus, From C:/Program Files (x86)/Epic Games/4.14/Engine/Plugins/Online/OnlineSubsystemOculus/OnlineSubsystemOculus.uplugin
LogPluginManager: Loaded Plugin OnlineSubsystemSteam, From C:/Program Files (x86)/Epic Games/4.14/Engine/Plugins/Online/OnlineSubsystemSteam/OnlineSubsystemSteam.uplugin
LogPluginManager: Loaded Plugin OnlineSubsystemUtils, From C:/Program Files (x86)/Epic Games/4.14/Engine/Plugins/Online/OnlineSubsystemUtils/OnlineSubsystemUtils.uplugin
LogPluginManager: Loaded Plugin IOSTapJoy, From C:/Program Files (x86)/Epic Games/4.14/Engine/Plugins/Runtime/Advertising/IOSTapJoy/IOSTapJoy.uplugin
LogPluginManager: Loaded Plugin AnalyticsBlueprintLibrary, From C:/Program Files (x86)/Epic Games/4.14/Engine/Plugins/Runtime/Analytics/AnalyticsBlueprintLibrary/AnalyticsBlueprintLibrary.uplugin
LogPluginManager: Loaded Plugin AnalyticsMulticast, From C:/Program Files (x86)/Epic Games/4.14/Engine/Plugins/Runtime/Analytics/AnalyticsMulticast/AnalyticsMulticast.uplugin
LogPluginManager: Loaded Plugin Apsalar, From C:/Program Files (x86)/Epic Games/4.14/Engine/Plugins/Runtime/Analytics/Apsalar/Apsalar.uplugin
LogPluginManager: Loaded Plugin FileLogging, From C:/Program Files (x86)/Epic Games/4.14/Engine/Plugins/Runtime/Analytics/FileLogging/FileLogging.uplugin
LogPluginManager: Loaded Plugin Flurry, From C:/Program Files (x86)/Epic Games/4.14/Engine/Plugins/Runtime/Analytics/Flurry/Flurry.uplugin
LogPluginManager: Loaded Plugin AndroidDeviceProfileSelector, From C:/Program Files (x86)/Epic Games/4.14/Engine/Plugins/Runtime/AndroidDeviceProfileSelector/AndroidDeviceProfileSelector.uplugin
LogPluginManager: Loaded Plugin AndroidMoviePlayer, From C:/Program Files (x86)/Epic Games/4.14/Engine/Plugins/Runtime/AndroidMoviePlayer/AndroidMoviePlayer.uplugin
LogPluginManager: Loaded Plugin AppleMoviePlayer, From C:/Program Files (x86)/Epic Games/4.14/Engine/Plugins/Runtime/AppleMoviePlayer/AppleMoviePlayer.uplugin
LogPluginManager: Loaded Plugin ArchVisCharacter, From C:/Program Files (x86)/Epic Games/4.14/Engine/Plugins/Runtime/ArchVisCharacter/ArchVisCharacter.uplugin
LogPluginManager: Loaded Plugin CableComponent, From C:/Program Files (x86)/Epic Games/4.14/Engine/Plugins/Runtime/CableComponent/CableComponent.uplugin
LogPluginManager: Loaded Plugin CustomMeshComponent, From C:/Program Files (x86)/Epic Games/4.14/Engine/Plugins/Runtime/CustomMeshComponent/CustomMeshComponent.uplugin
LogPluginManager: Loaded Plugin ExampleDeviceProfileSelector, From C:/Program Files (x86)/Epic Games/4.14/Engine/Plugins/Runtime/ExampleDeviceProfileSelector/ExampleDeviceProfileSelector.uplugin
LogPluginManager: Loaded Plugin GearVR, From C:/Program Files (x86)/Epic Games/4.14/Engine/Plugins/Runtime/GearVR/GearVR.uplugin
LogPluginManager: Loaded Plugin GoogleVRController, From C:/Program Files (x86)/Epic Games/4.14/Engine/Plugins/Runtime/GoogleVR/GoogleVRController/GoogleVRController.uplugin
LogPluginManager: Loaded Plugin GoogleVRHMD, From C:/Program Files (x86)/Epic Games/4.14/Engine/Plugins/Runtime/GoogleVR/GoogleVRHMD/GoogleVRHMD.uplugin
LogPluginManager: Loaded Plugin IOSDeviceProfileSelector, From C:/Program Files (x86)/Epic Games/4.14/Engine/Plugins/Runtime/IOSDeviceProfileSelector/IOSDeviceProfileSelector.uplugin
LogPluginManager: Loaded Plugin LeapMotion, From C:/Program Files (x86)/Epic Games/4.14/Engine/Plugins/Runtime/LeapMotion/LeapMotion.uplugin
LogPluginManager: Loaded Plugin LinuxDeviceProfileSelector, From C:/Program Files (x86)/Epic Games/4.14/Engine/Plugins/Runtime/LinuxDeviceProfileSelector/LinuxDeviceProfileSelector.uplugin
LogPluginManager: Loaded Plugin MIDIDevice, From C:/Program Files (x86)/Epic Games/4.14/Engine/Plugins/Runtime/MIDIDevice/MIDIDevice.uplugin
LogPluginManager: Loaded Plugin MobilePatchingUtils, From C:/Program Files (x86)/Epic Games/4.14/Engine/Plugins/Runtime/MobilePatchingUtils/MobilePatchingUtils.uplugin
LogPluginManager: Loaded Plugin Ansel, From C:/Program Files (x86)/Epic Games/4.14/Engine/Plugins/Runtime/Nvidia/Ansel/Ansel.uplugin
LogPluginManager: Loaded Plugin OculusAudio, From C:/Program Files (x86)/Epic Games/4.14/Engine/Plugins/Runtime/OculusAudio/OculusAudio.uplugin
LogPluginManager: Loaded Plugin OculusInput, From C:/Program Files (x86)/Epic Games/4.14/Engine/Plugins/Runtime/OculusInput/OculusInput.uplugin
LogPluginManager: Loaded Plugin OculusLibrary, From C:/Program Files (x86)/Epic Games/4.14/Engine/Plugins/Runtime/OculusLibrary/OculusLibrary.uplugin
LogPluginManager: Loaded Plugin OculusRift, From C:/Program Files (x86)/Epic Games/4.14/Engine/Plugins/Runtime/OculusRift/OculusRift.uplugin
LogPluginManager: Loaded Plugin Oodle, From C:/Program Files (x86)/Epic Games/4.14/Engine/Plugins/Runtime/PacketHandlers/CompressionComponents/Oodle/Oodle.uplugin
LogPluginManager: Loaded Plugin ProceduralMeshComponent, From C:/Program Files (x86)/Epic Games/4.14/Engine/Plugins/Runtime/ProceduralMeshComponent/ProceduralMeshComponent.uplugin
LogPluginManager: Loaded Plugin SoundMod, From C:/Program Files (x86)/Epic Games/4.14/Engine/Plugins/Runtime/SoundMod/SoundMod.uplugin
LogPluginManager: Loaded Plugin SoundVisualizations, From C:/Program Files (x86)/Epic Games/4.14/Engine/Plugins/Runtime/SoundVisualizations/SoundVisualizations.uplugin
LogPluginManager: Loaded Plugin SteamController, From C:/Program Files (x86)/Epic Games/4.14/Engine/Plugins/Runtime/Steam/SteamController/SteamController.uplugin
LogPluginManager: Loaded Plugin SteamVR, From C:/Program Files (x86)/Epic Games/4.14/Engine/Plugins/Runtime/Steam/SteamVR/SteamVR.uplugin
LogPluginManager: Loaded Plugin WebBrowserWidget, From C:/Program Files (x86)/Epic Games/4.14/Engine/Plugins/Runtime/WebBrowserWidget/WebBrowserWidget.uplugin
LogPluginManager: Loaded Plugin WindowsDeviceProfileSelector, From C:/Program Files (x86)/Epic Games/4.14/Engine/Plugins/Runtime/WindowsDeviceProfileSelector/WindowsDeviceProfileSelector.uplugin
LogPluginManager: Loaded Plugin WindowsMoviePlayer, From C:/Program Files (x86)/Epic Games/4.14/Engine/Plugins/Runtime/WindowsMoviePlayer/WindowsMoviePlayer.uplugin
LogPluginManager: Loaded Plugin ScriptPlugin, From C:/Program Files (x86)/Epic Games/4.14/Engine/Plugins/ScriptPlugin/ScriptPlugin.uplugin
LogPluginManager: Loaded Plugin SlateRemote, From C:/Program Files (x86)/Epic Games/4.14/Engine/Plugins/Slate/SlateRemote/SlateRemote.uplugin
LogPluginManager: Loaded Plugin EditorTests, From C:/Program Files (x86)/Epic Games/4.14/Engine/Plugins/Tests/EditorTests/EditorTests.uplugin
LogPluginManager: Loaded Plugin FbxAutomationTestBuilder, From C:/Program Files (x86)/Epic Games/4.14/Engine/Plugins/Tests/FbxAutomationTestBuilder/FbxAutomationTestBuilder.uplugin
LogPluginManager: Loaded Plugin FunctionalTestingEditor, From C:/Program Files (x86)/Epic Games/4.14/Engine/Plugins/Tests/FunctionalTestingEditor/FunctionalTestingEditor.uplugin
LogPluginManager: Loaded Plugin RuntimeTests, From C:/Program Files (x86)/Epic Games/4.14/Engine/Plugins/Tests/RuntimeTests/RuntimeTests.uplugin
LogPluginManager: Loaded Plugin ScreenshotTools, From C:/Program Files (x86)/Epic Games/4.14/Engine/Plugins/Tests/ScreenshotTools/ScreenshotTools.uplugin
LogInit: Using libcurl 7.47.1
LogInit:  - built for x86_64-pc-win32
LogInit:  - supports SSL with OpenSSL/1.0.2g
LogInit:  - supports HTTP deflate (compression) using libz 1.2.8
LogInit:  - other features:
LogInit:      CURL_VERSION_SSL
LogInit:      CURL_VERSION_LIBZ
LogInit:      CURL_VERSION_IPV6
LogInit:      CURL_VERSION_ASYNCHDNS
LogInit:      CURL_VERSION_LARGEFILE
LogInit:      CURL_VERSION_IDN
LogInit:  CurlRequestOptions (configurable via config and command line):
LogInit:  - bVerifyPeer = false  - Libcurl will NOT verify peer certificate
LogInit:  - bUseHttpProxy = false  - Libcurl will NOT use HTTP proxy
LogInit:  - bDontReuseConnections = false  - Libcurl will reuse connections
LogInit:  - CertBundlePath = nullptr  - Libcurl will use whatever was configured at build time.
LogInit: Build: ++UE4+Release-4.14-CL-3224400
LogInit: Engine Version: 4.14.1-3224400+++UE4+Release-4.14
LogInit: Compatible Engine Version: 4.14.0-3195953+++UE4+Release-4.14
LogInit: Net CL: 3195953
LogDevObjectVersion: Number of dev versions registered: 13
LogDevObjectVersion:   Dev-Blueprints (B0D832E4-1F89-4F0D-ACCF-7EB736FD4AA2): 7
LogDevObjectVersion:   Dev-Build (E1C64328-A22C-4D53-A36C-8E866417BD8C): 0
LogDevObjectVersion:   Dev-Core (375EC13C-06E4-48FB-B500-84F0262A717E): 1
LogDevObjectVersion:   Dev-Editor (E4B068ED-F494-42E9-A231-DA0B2E46BB41): 8
LogDevObjectVersion:   Dev-Framework (CFFC743F-43B0-4480-9391-14DF171D2073): 17
LogDevObjectVersion:   Dev-Mobile (B02B49B5-BB20-44E9-A304-32B752E40360): 0
LogDevObjectVersion:   Dev-Networking (A4E4105C-59A1-49B5-A7C5-40C4547EDFEE): 0
LogDevObjectVersion:   Dev-Online (39C831C9-5AE6-47DC-9A44-9C173E1C8E7C): 0
LogDevObjectVersion:   Dev-Physics (78F01B33-EBEA-4F98-B9B4-84EACCB95AA2): 0
LogDevObjectVersion:   Dev-Platform (6631380F-2D4D-43E0-8009-CF276956A95A): 0
LogDevObjectVersion:   Dev-Rendering (12F88B9F-8875-4AFC-A67C-D90C383ABD29): 12
LogDevObjectVersion:   Dev-Sequencer (7B5AE74C-D270-4C10-A958-57980B212A5A): 1
LogDevObjectVersion:   Dev-VR (D7296918-1DD6-4BDD-9DE2-64A83CC13884): 0
LogInit: Compiled (64-bit): Dec  7 2016 02:14:32
LogInit: Compiled with Visual C++: 19.00.23026.00
LogInit: Build Configuration: Development
LogInit: Branch Name: ++UE4+Release-4.14
LogInit: Command line: -EpicPortal 
LogInit: Base directory: C:/Program Files (x86)/Epic Games/4.14/Engine/Binaries/Win64/
LogInit: Installed Engine Build: 1
LogInit: Presizing for max 8388607 objects, including 0 objects not considered by GC, pre-allocating 0 bytes for permanent pool.
LogInit: Object subsystem initialized
[2017.01.04-17.24.51:352][  0]LogInit: Selected Device Profile: [Windows]
[2017.01.04-17.24.51:352][  0]LogInit: Applying CVar settings loaded from the selected device profile: [Windows]
[2017.01.04-17.24.51:371][  0]LogInit: Computer: USER-PC
[2017.01.04-17.24.51:371][  0]LogInit: User: User
[2017.01.04-17.24.51:371][  0]LogInit: CPU Page size=65536, Cores=4
[2017.01.04-17.24.51:371][  0]LogInit: High frequency timer resolution =2.240957 MHz
[2017.01.04-17.24.51:371][  0]LogMemory: Memory total: Physical=15.9GB (16GB approx)
[2017.01.04-17.24.51:371][  0]LogMemory: Platform Memory Stats for Windows
[2017.01.04-17.24.51:371][  0]LogMemory: Process Physical Memory: 265.13 MB used, 265.13 MB peak
[2017.01.04-17.24.51:371][  0]LogMemory: Process Virtual Memory: 265.86 MB used, 265.86 MB peak
[2017.01.04-17.24.51:371][  0]LogMemory: Physical Memory: 3278.01 MB used,  13014.32 MB free, 16292.33 MB total
[2017.01.04-17.24.51:371][  0]LogMemory: Virtual Memory: 664.41 MB used,  13014.32 MB free, 8388608.00 MB total
[2017.01.04-17.24.51:447][  0]LogTextLocalizationManager: No specific translations for ('en-GB') exist, so ('en') translations will be used.
[2017.01.04-17.24.52:126][  0]LogD3D11RHI: D3D11 adapters:
[2017.01.04-17.24.52:192][  0]LogD3D11RHI:    0. 'NVIDIA GeForce GT 745M' (Feature Level 11_0)
[2017.01.04-17.24.52:192][  0]LogD3D11RHI:       1991/0/7890 MB DedicatedVideo/DedicatedSystem/SharedSystem, Outputs:2, VendorId:0x10de
[2017.01.04-17.24.52:206][  0]LogD3D11RHI:    1. 'NVIDIA GeForce GT 745M' (Feature Level 11_0)
[2017.01.04-17.24.52:206][  0]LogD3D11RHI:       1991/0/7890 MB DedicatedVideo/DedicatedSystem/SharedSystem, Outputs:0, VendorId:0x10de
[2017.01.04-17.24.52:206][  0]LogD3D11RHI: Chosen D3D11 Adapter: 0
[2017.01.04-17.24.52:212][  0]LogD3D11RHI: Creating new Direct3DDevice
[2017.01.04-17.24.52:212][  0]LogD3D11RHI:     GPU DeviceId: 0xfe3 (for the marketing name, search the web for "GPU Device Id")
[2017.01.04-17.24.52:212][  0]LogWindows: EnumDisplayDevices:
[2017.01.04-17.24.52:212][  0]LogWindows:    0. 'Intel(R) HD Graphics 4600' (P:1 D:1)
[2017.01.04-17.24.52:212][  0]LogWindows:    1. 'Intel(R) HD Graphics 4600' (P:0 D:1)
[2017.01.04-17.24.52:212][  0]LogWindows:    2. 'Intel(R) HD Graphics 4600' (P:0 D:0)
[2017.01.04-17.24.52:212][  0]LogWindows:    3. 'NVIDIA GeForce GT 745M' (P:0 D:0)
[2017.01.04-17.24.52:212][  0]LogWindows:    4. 'RDPDD Chained DD' (P:0 D:0)
[2017.01.04-17.24.52:213][  0]LogWindows:    5. 'RDP Encoder Mirror Driver' (P:0 D:0)
[2017.01.04-17.24.52:213][  0]LogWindows:    6. 'RDP Reflector Display Driver' (P:0 D:0)
[2017.01.04-17.24.52:213][  0]LogWindows: DebugString: PrimaryIsNotTheChoosenAdapter PrimaryIsNotTheChoosenAdapter PrimaryIsNotTheChoosenAdapter GetVideoDriverDetailsInvalid PrimaryIsNotTheChoosenAdapter GetVideoDriverDetailsInvalid PrimaryIsNotTheChoosenAdapter GetVideoDriverDetailsInvalid PrimaryIsNotTheChoosenAdapter 
[2017.01.04-17.24.52:213][  0]LogD3D11RHI:     Adapter Name: NVIDIA GeForce GT 745M
[2017.01.04-17.24.52:213][  0]LogD3D11RHI:   Driver Version: 376.33 (internal:21.21.13.7633, unified:376.33)
[2017.01.04-17.24.52:213][  0]LogD3D11RHI:      Driver Date: 12-11-2016
[2017.01.04-17.24.52:213][  0]LogRHI: Texture pool is 1361 MB (70% of 1945 MB)
[2017.01.04-17.24.52:229][  0]LogD3D11RHI: Async texture creation enabled
[2017.01.04-17.24.52:244][  0]LogD3D11RHI: GPU Timing Frequency: 1000.000000 (Debug: 2 2)
[2017.01.04-17.24.52:244][  0]LogShaderCompilers: Guid format shader working directory is -23 characters bigger than the processId version (../../../../../../Users/User/Desktop/NaughtsNCrosses/NaughtsNCrosses/Intermediate/Shaders/WorkingDirectory/5908/).
[2017.01.04-17.24.52:245][  0]LogShaderCompilers: Cleaned the shader compiler working directory 'C:/Users/User/AppData/Local/Temp/UnrealShaderWorkingDir/B73FB19A424E262ADB96C19A16942D2C/'.
[2017.01.04-17.24.52:245][  0]LogShaderCompilers:Display: Using Local Shader Compiler.
[2017.01.04-17.24.53:446][  0]LogTemp:Display: Loaded TP AllDesktopTargetPlatform
[2017.01.04-17.24.53:502][  0]LogTemp:Display: Loaded TP MacClientTargetPlatform
[2017.01.04-17.24.53:560][  0]LogTemp:Display: Loaded TP MacNoEditorTargetPlatform
[2017.01.04-17.24.53:617][  0]LogTemp:Display: Loaded TP MacServerTargetPlatform
[2017.01.04-17.24.53:675][  0]LogTemp:Display: Loaded TP MacTargetPlatform
[2017.01.04-17.24.53:733][  0]LogTemp:Display: Loaded TP WindowsClientTargetPlatform
[2017.01.04-17.24.53:791][  0]LogTemp:Display: Loaded TP WindowsNoEditorTargetPlatform
[2017.01.04-17.24.53:849][  0]LogTemp:Display: Loaded TP WindowsServerTargetPlatform
[2017.01.04-17.24.53:896][  0]LogTemp:Display: Loaded TP WindowsTargetPlatform
[2017.01.04-17.24.53:953][  0]LogTemp:Display: Loaded TP AndroidTargetPlatform
[2017.01.04-17.24.54:010][  0]LogTemp:Display: Loaded TP Android_ASTCTargetPlatform
[2017.01.04-17.24.54:066][  0]LogTemp:Display: Loaded TP Android_ATCTargetPlatform
[2017.01.04-17.24.54:123][  0]LogTemp:Display: Loaded TP Android_DXTTargetPlatform
[2017.01.04-17.24.54:179][  0]LogTemp:Display: Loaded TP Android_ETC1TargetPlatform
[2017.01.04-17.24.54:237][  0]LogTemp:Display: Loaded TP Android_ETC2TargetPlatform
[2017.01.04-17.24.54:352][  0]LogTemp:Display: Loaded TP Android_MultiTargetPlatform
[2017.01.04-17.24.54:352][  0]LogTemp:Display: Loaded TP Android_PVRTCTargetPlatform
[2017.01.04-17.24.54:391][  0]LogTemp:Display: Loaded TP HTML5TargetPlatform
[2017.01.04-17.24.54:478][  0]LogTemp:Display: Loaded TP IOSTargetPlatform
[2017.01.04-17.24.54:513][  0]LogTemp:Display: Loaded TP TVOSTargetPlatform
[2017.01.04-17.24.54:569][  0]LogTemp:Display: Loaded TP LinuxClientTargetPlatform
[2017.01.04-17.24.54:624][  0]LogTemp:Display: Loaded TP LinuxNoEditorTargetPlatform
[2017.01.04-17.24.54:680][  0]LogTemp:Display: Loaded TP LinuxServerTargetPlatform
[2017.01.04-17.24.54:736][  0]LogTemp:Display: Loaded TP LinuxTargetPlatform
[2017.01.04-17.24.54:736][  0]LogTargetPlatformManager:Display: Building Assets For Windows
[2017.01.04-17.24.55:099][  0]LogDerivedDataCache:Display: Max Cache Size: 512 MB
[2017.01.04-17.24.55:191][  0]LogDerivedDataCache: Loaded boot cache 0.09s 50MB C:/Users/User/AppData/Local/UnrealEngine/4.14/DerivedDataCache/Boot.ddc.
[2017.01.04-17.24.55:191][  0]LogDerivedDataCache:Display: Loaded Boot cache: C:/Users/User/AppData/Local/UnrealEngine/4.14/DerivedDataCache/Boot.ddc
[2017.01.04-17.24.55:191][  0]LogDerivedDataCache: FDerivedDataBackendGraph:  Pak pak cache file ../../../../../../Users/User/Desktop/NaughtsNCrosses/NaughtsNCrosses/DerivedDataCache/DDC.ddp not found, will not use a pak cache.
[2017.01.04-17.24.55:191][  0]LogDerivedDataCache: Unable to find inner node Pak for hierarchical cache Hierarchy.
[2017.01.04-17.24.55:191][  0]LogDerivedDataCache: FDerivedDataBackendGraph:  CompressedPak pak cache file ../../../../../../Users/User/Desktop/NaughtsNCrosses/NaughtsNCrosses/DerivedDataCache/Compressed.ddp not found, will not use a pak cache.
[2017.01.04-17.24.55:191][  0]LogDerivedDataCache: Unable to find inner node CompressedPak for hierarchical cache Hierarchy.
[2017.01.04-17.24.55:209][  0]LogDerivedDataCache:Display: Pak cache opened for reading ../../../Engine/DerivedDataCache/Compressed.ddp.
[2017.01.04-17.24.55:221][  0]LogDerivedDataCache: Using Local data cache path C:/Users/User/AppData/Local/UnrealEngine/Common/DerivedDataCache: Writable
[2017.01.04-17.24.55:440][  0]LogInit: Selected Device Profile: [Windows]
[2017.01.04-17.24.55:443][  0]LogContentStreaming: Texture pool size is 0.00 MB
[2017.01.04-17.24.55:743][  0]LogMeshUtilities: Using QuadricMeshReduction for automatic static mesh reduction
[2017.01.04-17.24.55:786][  0]LogSimplygon: Simplygon DLL not present - disabling.
[2017.01.04-17.24.55:832][  0]LogMeshUtilities: Using SimplygonSwarm for distributed automatic mesh merging
[2017.01.04-17.24.55:832][  0]LogMeshUtilities: No automatic skeletal mesh reduction module available
[2017.01.04-17.24.55:832][  0]LogMeshUtilities: No automatic mesh merging module available
[2017.01.04-17.24.56:567][  0]LogNetVersion: GetLocalNetworkVersion: CL: 3195953, ProjectName: naughtsncrosses, ProjectVersion: , EngineNetworkVersion: 2, GameNetworkVersion: 0, NetworkChecksum: 3716353187
[2017.01.04-17.24.56:621][  0]LogAssetRegistry: FAssetRegistry took 0.0199 seconds to start up
[2017.01.04-17.24.56:664][  0]LogPackageLocalizationCache: Processed 3 localized package path(s) for 2 prioritized culture(s) in 0.023551 seconds
[2017.01.04-17.24.56:670][  0]LogUObjectArray: 31946 objects as part of root set at end of initial load.
[2017.01.04-17.24.56:670][  0]LogUObjectAllocator: 6935848 out of 0 bytes used by permanent object pool.
[2017.01.04-17.24.56:670][  0]LogUObjectArray: CloseDisregardForGC: 0/0 objects in disregard for GC pool
[2017.01.04-17.24.56:725][  0]LogInit: WinSock: version 1.1 (2.2), MaxSocks=32767, MaxUdp=65467
[2017.01.04-17.24.57:502][  0]LogSlate: Using Freetype 2.6.0
[2017.01.04-17.24.57:503][  0]LogSlate: SlateFontCache - WITH_FREETYPE: 1, WITH_HARFBUZZ: 1
[2017.01.04-17.24.57:503][  0]LogSlate: SlateFontCache - WITH_FREETYPE: 1, WITH_HARFBUZZ: 1
[2017.01.04-17.24.58:378][  0]LogTcpMessaging: Initializing TcpMessaging bridge
[2017.01.04-17.24.58:415][  0]LogUdpMessaging: Initializing bridge on interface 0.0.0.0:0 to multicast group 230.0.0.1:6666.
[2017.01.04-17.24.58:719][  0]LogMaterial: Uniform references updated for custom material expression Custom.
[2017.01.04-17.24.59:106][  0]SourceControl: Info Source control is disabled
[2017.01.04-17.24.59:175][  0]SourceControl: Info Source control is disabled
[2017.01.04-17.24.59:226][  0]SourceControl: Info Source control is disabled
[2017.01.04-17.24.59:271][  0]SourceControl: Info Source control is disabled
[2017.01.04-17.25.00:495][  0]LogEngine: Initializing Engine...
[2017.01.04-17.25.00:495][  0]LogHMD: Failed to initialize OpenVR with code 110
[2017.01.04-17.25.00:753][  0]LogAIModule: Creating AISystem for world Untitled
[2017.01.04-17.25.00:762][  0]LogInit: XAudio2 using 'Speakers (High Definition Audio Device)' : 2 channels at 44.1 kHz using 16 bits per sample (channel mask 0x3)
[2017.01.04-17.25.00:843][  0]LogInit: FAudioDevice initialized.
[2017.01.04-17.25.00:882][  0]LogDerivedDataCache: Saved boot cache 0.04s 50MB C:/Users/User/AppData/Local/UnrealEngine/4.14/DerivedDataCache/Boot.ddc.
[2017.01.04-17.25.00:886][  0]LogInit: Texture streaming: Enabled
[2017.01.04-17.25.01:060][  0]LogInit: Transaction tracking system initialized
[2017.01.04-17.25.01:400][  0]BlueprintLog: New page: Editor Load
[2017.01.04-17.25.02:252][  0]LocalizationService: Info Localization service is disabled
[2017.01.04-17.25.02:885][  0]LogConsoleResponse:Display: 
[2017.01.04-17.25.03:021][  0]LogCook:Display: Max memory allowance for cook 16384mb min free memory 0mb
[2017.01.04-17.25.03:021][  0]LogCook:Display: Mobile HDR setting 1
[2017.01.04-17.25.03:894][  0]LogFileCache: Scanning file cache for directory 'C:/Users/User/Desktop/NaughtsNCrosses/NaughtsNCrosses/Content/' took 0.01s
[2017.01.04-17.25.03:938][  0]SourceControl: Info Source control is disabled
[2017.01.04-17.25.03:938][  0]Cmd: MAP LOAD FILE="../../../../../../Users/User/Desktop/NaughtsNCrosses/NaughtsNCrosses/Content/Assets/Levels/GameLevel.umap" TEMPLATE=0 SHOWPROGRESS=1 FEATURELEVEL=3
[2017.01.04-17.25.03:938][  0]LightingResults: New page: Lighting Build
[2017.01.04-17.25.03:978][  0]MapCheck: New page: Map Check
[2017.01.04-17.25.03:978][  0]LightingResults: New page: Lighting Build
[2017.01.04-17.25.04:510][  0]LogAIModule: Creating AISystem for world GameLevel
[2017.01.04-17.25.04:529][  0]LogEditorServer: Finished looking for orphan Actors (0.000 secs)
[2017.01.04-17.25.04:530][  0]Cmd: MAP CHECKDEP NOCLEARLOG
[2017.01.04-17.25.04:569][  0]MapCheck: Info Map check complete: 0 Error(s), 0 Warning(s), took 39.191ms to complete.
[2017.01.04-17.25.04:569][  0]LogFileHelpers: Loading map 'GameLevel' took 0.632
[2017.01.04-17.25.04:870][  0]LogCrashTracker: Crashtracker disabled due to settings.
[2017.01.04-17.25.04:913][  0]LogCollectionManager: Loaded 0 collections in 0.001970 seconds
[2017.01.04-17.25.05:008][  0]LogFileCache: Scanning file cache for directory 'C:/Users/User/Desktop/NaughtsNCrosses/NaughtsNCrosses/Saved/Collections/' took 0.01s
[2017.01.04-17.25.05:009][  0]LogFileCache: Scanning file cache for directory 'C:/Users/User/Desktop/NaughtsNCrosses/NaughtsNCrosses/Content/Developers/User/Collections/' took 0.01s
[2017.01.04-17.25.05:009][  0]LogFileCache: Scanning file cache for directory 'C:/Users/User/Desktop/NaughtsNCrosses/NaughtsNCrosses/Content/Collections/' took 0.01s
[2017.01.04-17.25.05:009][  0]LogCollectionManager: Rebuilt the GUID cache for 0 collections in 0.000002 seconds
[2017.01.04-17.25.05:018][  0]LogContentBrowser: Native class hierarchy populated in 0.0094 seconds. Added 2191 classes and 430 folders.
[2017.01.04-17.25.05:060][  0]LogStats: UGameplayTagsManager::ConstructGameplayTagTree: Construct from data asset -  0.000 s
[2017.01.04-17.25.05:060][  0]LogStats: UGameplayTagsManager::ConstructGameplayTagTree: GameplayTagTreeChangedEvent.Broadcast -  0.000 s
[2017.01.04-17.25.05:061][  0]LogContentBrowser: Native class hierarchy updated for 'GameplayTags' in 0.0006 seconds. Added 13 classes and 0 folders.
[2017.01.04-17.25.05:122][  0]LogContentBrowser: Native class hierarchy updated for 'WidgetCarousel' in 0.0005 seconds. Added 0 classes and 0 folders.
[2017.01.04-17.25.05:523][  0]LogContentBrowser: Native class hierarchy updated for 'AddContentDialog' in 0.0006 seconds. Added 0 classes and 0 folders.
[2017.01.04-17.25.05:566][  0]LogUObjectGlobals:Warning: Failed to find object 'Class None.'
[2017.01.04-17.25.05:635][  0]LogContentBrowser: Native class hierarchy updated for 'HierarchicalLODOutliner' in 0.0005 seconds. Added 1 classes and 2 folders.
[2017.01.04-17.25.05:636][  0]LogLoad: (Engine Initialization) Total time: 312.24 seconds
[2017.01.04-17.25.05:636][  0]LogLoad: (Engine Initialization) Total Blueprint compile time: 0.10 seconds
[2017.01.04-17.25.05:636][  0]LogExternalProfiler: Found external profiler: VSPerf
[2017.01.04-17.25.05:636][  0]LogExternalProfiler: Using external profiler: VSPerf
[2017.01.04-17.25.05:975][  0]LogOcInput: OculusInput pre-init called
[2017.01.04-17.25.05:994][  0]LogContentStreaming: Texture pool size now 1000 MB
[2017.01.04-17.25.06:402][  0]LogRenderer: Reallocating scene render targets to support 1208x924 NumSamples 1 (Frame:2).
[2017.01.04-17.25.06:563][  1]LogAssetRegistry: Asset discovery search completed in 9.9617 seconds
[2017.01.04-17.25.06:563][  1]LogCollectionManager: Rebuilt the object cache for 0 collections in 0.000001 seconds (found 0 objects)
[2017.01.04-17.25.06:563][  1]LogCollectionManager: Fixed up redirectors for 0 collections in 0.000020 seconds (updated 0 objects)
[2017.01.04-17.26.17:380][216]LogTemp: Repeting last play command: Selected Viewport
[2017.01.04-17.26.17:391][216]LogPlayLevel: PlayLevel: No blueprints needed recompiling
[2017.01.04-17.26.17:392][216]PIE: New page: PIE session: GameLevel (4 Jan 2017 17:26:17)
[2017.01.04-17.26.17:392][216]LogPlayLevel: Creating play world package: /Game/Assets/Levels/UEDPIE_0_GameLevel
[2017.01.04-17.26.17:396][216]LogPlayLevel: PIE: StaticDuplicateObject took: (0.004291s)
[2017.01.04-17.26.17:397][216]LogAIModule: Creating AISystem for world GameLevel
[2017.01.04-17.26.17:397][216]LogPlayLevel: PIE: World Init took: (0.000633s)
[2017.01.04-17.26.17:397][216]LogPlayLevel: PIE: Created PIE world by copying editor world from /Game/Assets/Levels/GameLevel.GameLevel to /Game/Assets/Levels/UEDPIE_0_GameLevel.GameLevel (0.005173s)
[2017.01.04-17.26.17:414][216]LogInit: XAudio2 using 'Speakers (High Definition Audio Device)' : 2 channels at 44.1 kHz using 16 bits per sample (channel mask 0x3)
[2017.01.04-17.26.17:420][216]LogInit: FAudioDevice initialized.
[2017.01.04-17.26.17:540][216]LogLoad: Game class is 'BP_GameMode_C'
[2017.01.04-17.26.17:543][216]LogWorld: Bringing World /Game/Assets/Levels/UEDPIE_0_GameLevel.GameLevel up for play (max tick rate 0) at 2017.01.04-17.26.17
[2017.01.04-17.26.17:543][216]LogWorld: Bringing up level for play took: 0.001693
[2017.01.04-17.26.17:586][216]LogContentBrowser: Native class hierarchy updated for 'MovieSceneCapture' in 0.0005 seconds. Added 11 classes and 0 folders.
[2017.01.04-17.26.17:587][216]PIE: Info Play in editor start time for /Game/Assets/Levels/UEDPIE_0_GameLevel 0.941
[2017.01.04-17.26.36:330][443]LogScriptCore:Warning: Script Msg: Attempted to access index 0 from array CallFunc_GetAllActorsOfClass_OutActors2 of length 0!
[2017.01.04-17.26.38:262][494]LogContentBrowser: Native class hierarchy updated for 'BlueprintGraph' in 0.0010 seconds. Added 111 classes and 0 folders.
[2017.01.04-17.26.39:174][494]LogScriptCore:Warning: Script Msg: Attempted to access index 0 from array CallFunc_GetAllActorsOfClass_OutActors2 of length 0!
[2017.01.04-17.28.15:025][494]BlueprintLog: New page: Compile BP_GameBoard
[2017.01.04-17.28.15:425][494]LogScriptCore:Warning: Script Msg: Attempted to access index 0 from array CallFunc_GetAllActorsOfClass_OutActors2 of length 0!
[2017.01.04-17.28.15:428][494]LogScriptCore:Warning: Script Msg: Attempted to access index 0 from array CallFunc_GetAllActorsOfClass_OutActors2 of length 0!
[2017.01.04-17.28.19:849][868]LogTemp: Repeting last play command: Selected Viewport
[2017.01.04-17.28.19:901][868]LogPlayLevel: PlayLevel: No blueprints needed recompiling
[2017.01.04-17.28.19:901][868]PIE: New page: PIE session: GameLevel (4 Jan 2017 17:28:19)
[2017.01.04-17.28.19:901][868]LogPlayLevel: Creating play world package: /Game/Assets/Levels/UEDPIE_0_GameLevel
[2017.01.04-17.28.19:917][868]LogPlayLevel: PIE: StaticDuplicateObject took: (0.015028s)
[2017.01.04-17.28.19:918][868]LogAIModule: Creating AISystem for world GameLevel
[2017.01.04-17.28.19:919][868]LogPlayLevel: PIE: World Init took: (0.002123s)
[2017.01.04-17.28.19:919][868]LogPlayLevel: PIE: Created PIE world by copying editor world from /Game/Assets/Levels/GameLevel.GameLevel to /Game/Assets/Levels/UEDPIE_0_GameLevel.GameLevel (0.017894s)
[2017.01.04-17.28.19:973][868]LogInit: XAudio2 using 'Speakers (High Definition Audio Device)' : 2 channels at 44.1 kHz using 16 bits per sample (channel mask 0x3)
[2017.01.04-17.28.19:995][868]LogInit: FAudioDevice initialized.
[2017.01.04-17.28.20:101][868]LogLoad: Game class is 'BP_GameMode_C'
[2017.01.04-17.28.20:110][868]LogWorld: Bringing World /Game/Assets/Levels/UEDPIE_0_GameLevel.GameLevel up for play (max tick rate 0) at 2017.01.04-17.28.20
[2017.01.04-17.28.20:111][868]LogWorld: Bringing up level for play took: 0.006125
[2017.01.04-17.28.20:114][868]PIE: Info Play in editor start time for /Game/Assets/Levels/UEDPIE_0_GameLevel -0.533
[2017.01.04-17.29.38:571][344]Cmd: OBJ SAVEPACKAGE PACKAGE="/Game/Assets/Blueprints/BP_GameBoard" FILE="../../../../../../Users/User/Desktop/NaughtsNCrosses/NaughtsNCrosses/Content/Assets/Blueprints/BP_GameBoard.uasset" SILENT=true
[2017.01.04-17.29.38:634][344]LogSavePackage: Save=36.09ms
[2017.01.04-17.29.38:634][344]LogSavePackage: Moving '../../../../../../Users/User/Desktop/NaughtsNCrosses/NaughtsNCrosses/Saved/BP_GameBoard911F5DFA4CCC23DCF0B0E2BD50FFA2A0.tmp' to '../../../../../../Users/User/Desktop/NaughtsNCrosses/NaughtsNCrosses/Content/Assets/Blueprints/BP_GameBoard.uasset'
[2017.01.04-17.29.38:636][344]LogSavePackage:Display: Finished SavePackage ../../../../../../Users/User/Desktop/NaughtsNCrosses/NaughtsNCrosses/Content/Assets/Blueprints/BP_GameBoard.uasset
[2017.01.04-17.35.21:885][748]LogSavePackage: Save=38.50ms
[2017.01.04-17.35.21:885][748]LogSavePackage: Moving '../../../../../../Users/User/Desktop/NaughtsNCrosses/NaughtsNCrosses/Saved/GameLevel_Auto128E9948E4AC38E74D557F18943C95C19.tmp' to '../../../../../../Users/User/Desktop/NaughtsNCrosses/NaughtsNCrosses/Saved/Autosaves/Game/Assets/Levels/GameLevel_Auto1.umap'
[2017.01.04-17.35.21:887][748]LogSavePackage:Display: Finished SavePackage ../../../../../../Users/User/Desktop/NaughtsNCrosses/NaughtsNCrosses/Saved/Autosaves/Game/Assets/Levels/GameLevel_Auto1.umap
[2017.01.04-17.35.21:888][748]LogFileHelpers: Editor autosave (incl. sublevels) for '/Game/Assets/Levels/GameLevel' took 0.077
[2017.01.04-17.35.21:888][748]LogFileHelpers: Editor autosave (incl. sublevels) for all levels took 0.077
[2017.01.04-17.38.29:646][880]LogEditorTransaction: Undo Delete current selection
[2017.01.04-17.40.05:506][247]BlueprintLog: New page: Compile BP_GameBoard
[2017.01.04-17.40.05:675][247]LogScriptCore:Warning: Script Msg: Attempted to access index 0 from array CallFunc_GetAllActorsOfClass_OutActors2 of length 0!
[2017.01.04-17.40.05:676][247]LogScriptCore:Warning: Script Msg: Attempted to access index 0 from array CallFunc_GetAllActorsOfClass_OutActors2 of length 0!
[2017.01.04-17.40.08:691][556]LogSavePackage: Save=52.90ms
[2017.01.04-17.40.08:691][556]LogSavePackage: Moving '../../../../../../Users/User/Desktop/NaughtsNCrosses/NaughtsNCrosses/Saved/GameLevel4B3221154326C25C7BDC6BBD6CDFB14D.tmp' to '../../../../../../Users/User/Desktop/NaughtsNCrosses/NaughtsNCrosses/Content/Assets/Levels/GameLevel.umap'
[2017.01.04-17.40.08:694][556]LogSavePackage:Display: Finished SavePackage ../../../../../../Users/User/Desktop/NaughtsNCrosses/NaughtsNCrosses/Content/Assets/Levels/GameLevel.umap
[2017.01.04-17.40.10:026][690]LogTemp: Repeting last play command: Selected Viewport
[2017.01.04-17.40.10:038][690]LogPlayLevel: PlayLevel: No blueprints needed recompiling
[2017.01.04-17.40.10:038][690]PIE: New page: PIE session: GameLevel (4 Jan 2017 17:40:10)
[2017.01.04-17.40.10:038][690]LogPlayLevel: Creating play world package: /Game/Assets/Levels/UEDPIE_0_GameLevel
[2017.01.04-17.40.10:043][690]LogPlayLevel: PIE: StaticDuplicateObject took: (0.004389s)
[2017.01.04-17.40.10:043][690]LogAIModule: Creating AISystem for world GameLevel
[2017.01.04-17.40.10:043][690]LogPlayLevel: PIE: World Init took: (0.000681s)
[2017.01.04-17.40.10:043][690]LogPlayLevel: PIE: Created PIE world by copying editor world from /Game/Assets/Levels/GameLevel.GameLevel to /Game/Assets/Levels/UEDPIE_0_GameLevel.GameLevel (0.005295s)
[2017.01.04-17.40.10:062][690]LogInit: XAudio2 using 'Speakers (High Definition Audio Device)' : 2 channels at 44.1 kHz using 16 bits per sample (channel mask 0x3)
[2017.01.04-17.40.10:069][690]LogInit: FAudioDevice initialized.
[2017.01.04-17.40.10:096][690]LogLoad: Game class is 'BP_GameMode_C'
[2017.01.04-17.40.10:098][690]LogWorld: Bringing World /Game/Assets/Levels/UEDPIE_0_GameLevel.GameLevel up for play (max tick rate 0) at 2017.01.04-17.40.10
[2017.01.04-17.40.10:099][690]LogWorld: Bringing up level for play took: 0.001838
[2017.01.04-17.40.10:100][690]PIE: Info Play in editor start time for /Game/Assets/Levels/UEDPIE_0_GameLevel -0.563
[2017.01.04-17.42.29:576][863]Cmd: TRANSACTION UNDO
[2017.01.04-17.42.29:576][863]LogEditorTransaction: Undo Paste clipboard contents
[2017.01.04-17.42.31:603][ 80]LogEditorTransaction: Redo Paste clipboard contents
[2017.01.04-17.42.33:650][316]LogEditorTransaction: Undo Paste clipboard contents
[2017.01.04-17.43.37:429][487]BlueprintLog: New page: Compile BP_GameBoard
[2017.01.04-17.43.37:892][487]LogScriptCore:Warning: Script Msg: Attempted to access index 0 from array CallFunc_GetAllActorsOfClass_OutActors2 of length 0!
[2017.01.04-17.43.37:894][487]LogScriptCore:Warning: Script Msg: Attempted to access index 0 from array CallFunc_GetAllActorsOfClass_OutActors2 of length 0!
[2017.01.04-17.45.46:288][169]LogTemp: Repeting last play command: Selected Viewport
[2017.01.04-17.45.46:301][169]LogPlayLevel: PlayLevel: No blueprints needed recompiling
[2017.01.04-17.45.46:301][169]PIE: New page: PIE session: GameLevel (4 Jan 2017 17:45:46)
[2017.01.04-17.45.46:301][169]LogPlayLevel: Creating play world package: /Game/Assets/Levels/UEDPIE_0_GameLevel
[2017.01.04-17.45.46:306][169]LogPlayLevel: PIE: StaticDuplicateObject took: (0.004591s)
[2017.01.04-17.45.46:306][169]LogAIModule: Creating AISystem for world GameLevel
[2017.01.04-17.45.46:306][169]LogPlayLevel: PIE: World Init took: (0.000782s)
[2017.01.04-17.45.46:307][169]LogPlayLevel: PIE: Created PIE world by copying editor world from /Game/Assets/Levels/GameLevel.GameLevel to /Game/Assets/Levels/UEDPIE_0_GameLevel.GameLevel (0.005611s)
[2017.01.04-17.45.46:329][169]LogInit: XAudio2 using 'Speakers (High Definition Audio Device)' : 2 channels at 44.1 kHz using 16 bits per sample (channel mask 0x3)
[2017.01.04-17.45.46:335][169]LogInit: FAudioDevice initialized.
[2017.01.04-17.45.46:367][169]LogLoad: Game class is 'BP_GameMode_C'
[2017.01.04-17.45.46:370][169]LogWorld: Bringing World /Game/Assets/Levels/UEDPIE_0_GameLevel.GameLevel up for play (max tick rate 0) at 2017.01.04-17.45.46
[2017.01.04-17.45.46:370][169]LogWorld: Bringing up level for play took: 0.002012
[2017.01.04-17.45.46:371][169]PIE: Info Play in editor start time for /Game/Assets/Levels/UEDPIE_0_GameLevel -0.297
[2017.01.04-17.45.49:701][303]LogBlueprintDebug:Warning: Hit breakpoint on node 'K2Node_IfThenElse', from offset 1452
[2017.01.04-17.45.49:701][303]LogBlueprintDebug: 
Script call stack:
	Function /Game/Assets/Blueprints/BP_GameBoard.BP_GameBoard_C:ExecuteUbergraph_BP_GameBoard

[2017.01.04-17.46.08:985][773]LogTemp: Repeting last play command: Selected Viewport
[2017.01.04-17.46.08:997][773]LogPlayLevel: PlayLevel: No blueprints needed recompiling
[2017.01.04-17.46.08:997][773]PIE: New page: PIE session: GameLevel (4 Jan 2017 17:46:08)
[2017.01.04-17.46.08:997][773]LogPlayLevel: Creating play world package: /Game/Assets/Levels/UEDPIE_0_GameLevel
[2017.01.04-17.46.09:002][773]LogPlayLevel: PIE: StaticDuplicateObject took: (0.004234s)
[2017.01.04-17.46.09:003][773]LogAIModule: Creating AISystem for world GameLevel
[2017.01.04-17.46.09:003][773]LogPlayLevel: PIE: World Init took: (0.001108s)
[2017.01.04-17.46.09:003][773]LogPlayLevel: PIE: Created PIE world by copying editor world from /Game/Assets/Levels/GameLevel.GameLevel to /Game/Assets/Levels/UEDPIE_0_GameLevel.GameLevel (0.005705s)
[2017.01.04-17.46.09:019][773]LogInit: XAudio2 using 'Speakers (High Definition Audio Device)' : 2 channels at 44.1 kHz using 16 bits per sample (channel mask 0x3)
[2017.01.04-17.46.09:025][773]LogInit: FAudioDevice initialized.
[2017.01.04-17.46.09:054][773]LogLoad: Game class is 'BP_GameMode_C'
[2017.01.04-17.46.09:057][773]LogWorld: Bringing World /Game/Assets/Levels/UEDPIE_0_GameLevel.GameLevel up for play (max tick rate 0) at 2017.01.04-17.46.09
[2017.01.04-17.46.09:058][773]LogWorld: Bringing up level for play took: 0.001791
[2017.01.04-17.46.09:059][773]PIE: Info Play in editor start time for /Game/Assets/Levels/UEDPIE_0_GameLevel 0.389
[2017.01.04-17.46.24:414][383]LogScript:Warning: Accessed None trying to read property m_rightNode
	BP_GameBoard_C /Game/Assets/Levels/UEDPIE_0_GameLevel.GameLevel:PersistentLevel.BP_GameBoard
	Function /Game/Assets/Blueprints/BP_GameBoard.BP_GameBoard_C:ExecuteUbergraph_BP_GameBoard:0395
[2017.01.04-17.46.24:414][383]PIE:Error: Error Blueprint Runtime Error: Accessed None trying to read property m_rightNode from function: 'ExecuteUbergraph_BP_GameBoard' from node: CheckVictory in graph: EventGraph in object: BP_GameBoard with description: Accessed None trying to read property m_rightNode
[2017.01.04-17.46.24:415][383]LogScript:Warning: Accessed None trying to read property m_rightNode
	BP_GameBoard_C /Game/Assets/Levels/UEDPIE_0_GameLevel.GameLevel:PersistentLevel.BP_GameBoard
	Function /Game/Assets/Blueprints/BP_GameBoard.BP_GameBoard_C:ExecuteUbergraph_BP_GameBoard:06FA
[2017.01.04-17.46.24:415][383]PIE:Error: Error Blueprint Runtime Error: Accessed None trying to read property m_rightNode from function: 'ExecuteUbergraph_BP_GameBoard' from node: CheckVictory in graph: EventGraph in object: BP_GameBoard with description: Accessed None trying to read property m_rightNode
[2017.01.04-17.46.24:415][383]LogScript:Warning: Accessed None trying to read property m_rightNode
	BP_GameBoard_C /Game/Assets/Levels/UEDPIE_0_GameLevel.GameLevel:PersistentLevel.BP_GameBoard
	Function /Game/Assets/Blueprints/BP_GameBoard.BP_GameBoard_C:ExecuteUbergraph_BP_GameBoard:02E1
[2017.01.04-17.46.24:415][383]PIE:Error: Error Blueprint Runtime Error: Accessed None trying to read property m_rightNode from function: 'ExecuteUbergraph_BP_GameBoard' from node: CheckVictory in graph: EventGraph in object: BP_GameBoard with description: Accessed None trying to read property m_rightNode
[2017.01.04-17.46.24:415][383]LogScript:Warning: Accessed None trying to read property m_rightNode
	BP_GameBoard_C /Game/Assets/Levels/UEDPIE_0_GameLevel.GameLevel:PersistentLevel.BP_GameBoard
	Function /Game/Assets/Blueprints/BP_GameBoard.BP_GameBoard_C:ExecuteUbergraph_BP_GameBoard:0646
[2017.01.04-17.46.24:415][383]PIE:Error: Error Blueprint Runtime Error: Accessed None trying to read property m_rightNode from function: 'ExecuteUbergraph_BP_GameBoard' from node: CheckVictory in graph: EventGraph in object: BP_GameBoard with description: Accessed None trying to read property m_rightNode
[2017.01.04-17.46.27:689][508]LogScript:Warning: Accessed None trying to read property m_rightNode
	BP_GameBoard_C /Game/Assets/Levels/UEDPIE_0_GameLevel.GameLevel:PersistentLevel.BP_GameBoard
	Function /Game/Assets/Blueprints/BP_GameBoard.BP_GameBoard_C:ExecuteUbergraph_BP_GameBoard:0395
[2017.01.04-17.46.27:689][508]PIE:Error: Error Blueprint Runtime Error: Accessed None trying to read property m_rightNode from function: 'ExecuteUbergraph_BP_GameBoard' from node: CheckVictory in graph: EventGraph in object: BP_GameBoard with description: Accessed None trying to read property m_rightNode
[2017.01.04-17.46.27:689][508]LogScript:Warning: Accessed None trying to read property m_rightNode
	BP_GameBoard_C /Game/Assets/Levels/UEDPIE_0_GameLevel.GameLevel:PersistentLevel.BP_GameBoard
	Function /Game/Assets/Blueprints/BP_GameBoard.BP_GameBoard_C:ExecuteUbergraph_BP_GameBoard:06FA
[2017.01.04-17.46.27:689][508]PIE:Error: Error Blueprint Runtime Error: Accessed None trying to read property m_rightNode from function: 'ExecuteUbergraph_BP_GameBoard' from node: CheckVictory in graph: EventGraph in object: BP_GameBoard with description: Accessed None trying to read property m_rightNode
[2017.01.04-17.46.27:690][508]LogScript:Warning: Accessed None trying to read property m_rightNode
	BP_GameBoard_C /Game/Assets/Levels/UEDPIE_0_GameLevel.GameLevel:PersistentLevel.BP_GameBoard
	Function /Game/Assets/Blueprints/BP_GameBoard.BP_GameBoard_C:ExecuteUbergraph_BP_GameBoard:02E1
[2017.01.04-17.46.27:690][508]PIE:Error: Error Blueprint Runtime Error: Accessed None trying to read property m_rightNode from function: 'ExecuteUbergraph_BP_GameBoard' from node: CheckVictory in graph: EventGraph in object: BP_GameBoard with description: Accessed None trying to read property m_rightNode
[2017.01.04-17.46.27:690][508]LogScript:Warning: Accessed None trying to read property m_rightNode
	BP_GameBoard_C /Game/Assets/Levels/UEDPIE_0_GameLevel.GameLevel:PersistentLevel.BP_GameBoard
	Function /Game/Assets/Blueprints/BP_GameBoard.BP_GameBoard_C:ExecuteUbergraph_BP_GameBoard:0646
[2017.01.04-17.46.27:690][508]PIE:Error: Error Blueprint Runtime Error: Accessed None trying to read property m_rightNode from function: 'ExecuteUbergraph_BP_GameBoard' from node: CheckVictory in graph: EventGraph in object: BP_GameBoard with description: Accessed None trying to read property m_rightNode
[2017.01.04-17.46.28:742][548]LogScript:Warning: Accessed None trying to read property m_rightNode
	BP_GameBoard_C /Game/Assets/Levels/UEDPIE_0_GameLevel.GameLevel:PersistentLevel.BP_GameBoard
	Function /Game/Assets/Blueprints/BP_GameBoard.BP_GameBoard_C:ExecuteUbergraph_BP_GameBoard:0395
[2017.01.04-17.46.28:743][548]PIE:Error: Error Blueprint Runtime Error: Accessed None trying to read property m_rightNode from function: 'ExecuteUbergraph_BP_GameBoard' from node: CheckVictory in graph: EventGraph in object: BP_GameBoard with description: Accessed None trying to read property m_rightNode
[2017.01.04-17.46.28:743][548]LogScript:Warning: Accessed None trying to read property m_rightNode
	BP_GameBoard_C /Game/Assets/Levels/UEDPIE_0_GameLevel.GameLevel:PersistentLevel.BP_GameBoard
	Function /Game/Assets/Blueprints/BP_GameBoard.BP_GameBoard_C:ExecuteUbergraph_BP_GameBoard:06FA
[2017.01.04-17.46.28:743][548]PIE:Error: Error Blueprint Runtime Error: Accessed None trying to read property m_rightNode from function: 'ExecuteUbergraph_BP_GameBoard' from node: CheckVictory in graph: EventGraph in object: BP_GameBoard with description: Accessed None trying to read property m_rightNode
[2017.01.04-17.46.28:743][548]LogScript:Warning: Accessed None trying to read property m_rightNode
	BP_GameBoard_C /Game/Assets/Levels/UEDPIE_0_GameLevel.GameLevel:PersistentLevel.BP_GameBoard
	Function /Game/Assets/Blueprints/BP_GameBoard.BP_GameBoard_C:ExecuteUbergraph_BP_GameBoard:02E1
[2017.01.04-17.46.28:743][548]PIE:Error: Error Blueprint Runtime Error: Accessed None trying to read property m_rightNode from function: 'ExecuteUbergraph_BP_GameBoard' from node: CheckVictory in graph: EventGraph in object: BP_GameBoard with description: Accessed None trying to read property m_rightNode
[2017.01.04-17.46.28:743][548]LogScript:Warning: Accessed None trying to read property m_rightNode
	BP_GameBoard_C /Game/Assets/Levels/UEDPIE_0_GameLevel.GameLevel:PersistentLevel.BP_GameBoard
	Function /Game/Assets/Blueprints/BP_GameBoard.BP_GameBoard_C:ExecuteUbergraph_BP_GameBoard:0646
[2017.01.04-17.46.28:743][548]PIE:Error: Error Blueprint Runtime Error: Accessed None trying to read property m_rightNode from function: 'ExecuteUbergraph_BP_GameBoard' from node: CheckVictory in graph: EventGraph in object: BP_GameBoard with description: Accessed None trying to read property m_rightNode
[2017.01.04-17.51.04:897][500]LogSavePackage: Save=40.35ms
[2017.01.04-17.51.04:897][500]LogSavePackage: Moving '../../../../../../Users/User/Desktop/NaughtsNCrosses/NaughtsNCrosses/Saved/GameLevel_Auto2B2F6484E4992037542588889B3A957CC.tmp' to '../../../../../../Users/User/Desktop/NaughtsNCrosses/NaughtsNCrosses/Saved/Autosaves/Game/Assets/Levels/GameLevel_Auto2.umap'
[2017.01.04-17.51.04:899][500]LogSavePackage:Display: Finished SavePackage ../../../../../../Users/User/Desktop/NaughtsNCrosses/NaughtsNCrosses/Saved/Autosaves/Game/Assets/Levels/GameLevel_Auto2.umap
[2017.01.04-17.51.04:900][500]LogFileHelpers: Editor autosave (incl. sublevels) for '/Game/Assets/Levels/GameLevel' took 0.078
[2017.01.04-17.51.04:900][500]LogFileHelpers: Editor autosave (incl. sublevels) for all levels took 0.078
[2017.01.04-17.51.04:947][500]OBJ SavePackage: Generating thumbnails for [1] asset(s) in package [/Game/Assets/Blueprints/BP_GameBoard] ([1] browsable assets)...
[2017.01.04-17.51.04:982][500]OBJ SavePackage:     Rendered thumbnail for [Blueprint /Game/Assets/Blueprints/BP_GameBoard.BP_GameBoard]
[2017.01.04-17.51.04:982][500]OBJ SavePackage: Finished generating thumbnails for package [/Game/Assets/Blueprints/BP_GameBoard]
[2017.01.04-17.51.05:033][500]LogSavePackage: Save=43.40ms
[2017.01.04-17.51.05:033][500]LogSavePackage: Moving '../../../../../../Users/User/Desktop/NaughtsNCrosses/NaughtsNCrosses/Saved/BP_GameBoard_Auto260BD9E75471347E286A0E2B811CF0DF5.tmp' to '../../../../../../Users/User/Desktop/NaughtsNCrosses/NaughtsNCrosses/Saved/Autosaves/Game/Assets/Blueprints/BP_GameBoard_Auto2.uasset'
[2017.01.04-17.51.05:034][500]LogSavePackage:Display: Finished SavePackage ../../../../../../Users/User/Desktop/NaughtsNCrosses/NaughtsNCrosses/Saved/Autosaves/Game/Assets/Blueprints/BP_GameBoard_Auto2.uasset
[2017.01.04-17.51.05:034][500]LogFileHelpers: Auto-saving content packages took 0.088
[2017.01.04-17.55.48:584][319]BlueprintLog: New page: Compile BP_GameBoard
[2017.01.04-17.55.49:029][319]LogScriptCore:Warning: Script Msg: Attempted to access index 0 from array CallFunc_GetAllActorsOfClass_OutActors2 of length 0!
[2017.01.04-17.55.49:031][319]LogScriptCore:Warning: Script Msg: Attempted to access index 0 from array CallFunc_GetAllActorsOfClass_OutActors2 of length 0!
[2017.01.04-17.55.52:574][462]Cmd: OBJ SAVEPACKAGE PACKAGE="/Game/Assets/Blueprints/BP_GameBoard" FILE="../../../../../../Users/User/Desktop/NaughtsNCrosses/NaughtsNCrosses/Content/Assets/Blueprints/BP_GameBoard.uasset" SILENT=true
[2017.01.04-17.55.52:820][462]LogSavePackage: Save=191.79ms
[2017.01.04-17.55.52:821][462]LogSavePackage: Moving '../../../../../../Users/User/Desktop/NaughtsNCrosses/NaughtsNCrosses/Saved/BP_GameBoard7186F4BD462FAF5C72456BB9C637552C.tmp' to '../../../../../../Users/User/Desktop/NaughtsNCrosses/NaughtsNCrosses/Content/Assets/Blueprints/BP_GameBoard.uasset'
[2017.01.04-17.55.52:829][462]LogSavePackage:Display: Finished SavePackage ../../../../../../Users/User/Desktop/NaughtsNCrosses/NaughtsNCrosses/Content/Assets/Blueprints/BP_GameBoard.uasset
[2017.01.04-17.55.54:300][531]LogTemp: Repeting last play command: Selected Viewport
[2017.01.04-17.55.54:343][531]LogPlayLevel: PlayLevel: No blueprints needed recompiling
[2017.01.04-17.55.54:344][531]PIE: New page: PIE session: GameLevel (4 Jan 2017 17:55:54)
[2017.01.04-17.55.54:344][531]LogPlayLevel: Creating play world package: /Game/Assets/Levels/UEDPIE_0_GameLevel
[2017.01.04-17.55.54:360][531]LogPlayLevel: PIE: StaticDuplicateObject took: (0.016177s)
[2017.01.04-17.55.54:362][531]LogAIModule: Creating AISystem for world GameLevel
[2017.01.04-17.55.54:362][531]LogPlayLevel: PIE: World Init took: (0.002107s)
[2017.01.04-17.55.54:363][531]LogPlayLevel: PIE: Created PIE world by copying editor world from /Game/Assets/Levels/GameLevel.GameLevel to /Game/Assets/Levels/UEDPIE_0_GameLevel.GameLevel (0.018979s)
[2017.01.04-17.55.54:415][531]LogInit: XAudio2 using 'Speakers (High Definition Audio Device)' : 2 channels at 44.1 kHz using 16 bits per sample (channel mask 0x3)
[2017.01.04-17.55.54:436][531]LogInit: FAudioDevice initialized.
[2017.01.04-17.55.54:545][531]LogLoad: Game class is 'BP_GameMode_C'
[2017.01.04-17.55.54:553][531]LogWorld: Bringing World /Game/Assets/Levels/UEDPIE_0_GameLevel.GameLevel up for play (max tick rate 0) at 2017.01.04-17.55.54
[2017.01.04-17.55.54:554][531]LogWorld: Bringing up level for play took: 0.005821
[2017.01.04-17.55.54:558][531]PIE: Info Play in editor start time for /Game/Assets/Levels/UEDPIE_0_GameLevel -0.118
[2017.01.04-17.56.03:861][823]LogScript:Warning: Accessed None trying to read property m_rightNode
	BP_GameBoard_C /Game/Assets/Levels/UEDPIE_0_GameLevel.GameLevel:PersistentLevel.BP_GameBoard
	Function /Game/Assets/Blueprints/BP_GameBoard.BP_GameBoard_C:ExecuteUbergraph_BP_GameBoard:02E1
[2017.01.04-17.56.03:862][823]PIE:Error: Error Blueprint Runtime Error: Accessed None trying to read property m_rightNode from function: 'ExecuteUbergraph_BP_GameBoard' from node: CheckVictory in graph: EventGraph in object: BP_GameBoard with description: Accessed None trying to read property m_rightNode
[2017.01.04-17.56.03:862][823]LogScript:Warning: Accessed None trying to read property m_rightNode
	BP_GameBoard_C /Game/Assets/Levels/UEDPIE_0_GameLevel.GameLevel:PersistentLevel.BP_GameBoard
	Function /Game/Assets/Blueprints/BP_GameBoard.BP_GameBoard_C:ExecuteUbergraph_BP_GameBoard:0646
[2017.01.04-17.56.03:863][823]PIE:Error: Error Blueprint Runtime Error: Accessed None trying to read property m_rightNode from function: 'ExecuteUbergraph_BP_GameBoard' from node: CheckVictory in graph: EventGraph in object: BP_GameBoard with description: Accessed None trying to read property m_rightNode
[2017.01.04-17.56.07:051][926]LogScript:Warning: Accessed None trying to read property m_rightNode
	BP_GameBoard_C /Game/Assets/Levels/UEDPIE_0_GameLevel.GameLevel:PersistentLevel.BP_GameBoard
	Function /Game/Assets/Blueprints/BP_GameBoard.BP_GameBoard_C:ExecuteUbergraph_BP_GameBoard:02E1
[2017.01.04-17.56.07:052][926]PIE:Error: Error Blueprint Runtime Error: Accessed None trying to read property m_rightNode from function: 'ExecuteUbergraph_BP_GameBoard' from node: CheckVictory in graph: EventGraph in object: BP_GameBoard with description: Accessed None trying to read property m_rightNode
[2017.01.04-17.56.07:052][926]LogScript:Warning: Accessed None trying to read property m_rightNode
	BP_GameBoard_C /Game/Assets/Levels/UEDPIE_0_GameLevel.GameLevel:PersistentLevel.BP_GameBoard
	Function /Game/Assets/Blueprints/BP_GameBoard.BP_GameBoard_C:ExecuteUbergraph_BP_GameBoard:0646
[2017.01.04-17.56.07:052][926]PIE:Error: Error Blueprint Runtime Error: Accessed None trying to read property m_rightNode from function: 'ExecuteUbergraph_BP_GameBoard' from node: CheckVictory in graph: EventGraph in object: BP_GameBoard with description: Accessed None trying to read property m_rightNode
[2017.01.04-17.56.08:422][970]LogScript:Warning: Accessed None trying to read property m_rightNode
	BP_GameBoard_C /Game/Assets/Levels/UEDPIE_0_GameLevel.GameLevel:PersistentLevel.BP_GameBoard
	Function /Game/Assets/Blueprints/BP_GameBoard.BP_GameBoard_C:ExecuteUbergraph_BP_GameBoard:02E1
[2017.01.04-17.56.08:423][970]PIE:Error: Error Blueprint Runtime Error: Accessed None trying to read property m_rightNode from function: 'ExecuteUbergraph_BP_GameBoard' from node: CheckVictory in graph: EventGraph in object: BP_GameBoard with description: Accessed None trying to read property m_rightNode
[2017.01.04-17.56.08:423][970]PIE:Error: Error Blueprint Runtime Error: Accessed None trying to read property m_rightNode from function: 'ExecuteUbergraph_BP_GameBoard' from node: CheckVictory in graph: EventGraph in object: BP_GameBoard with description: Accessed None trying to read property m_rightNode
[2017.01.04-17.58.40:393][369]BlueprintLog: New page: Compile BP_GameBoard
[2017.01.04-17.58.40:822][369]LogScriptCore:Warning: Script Msg: Attempted to access index 0 from array CallFunc_GetAllActorsOfClass_OutActors2 of length 0!
[2017.01.04-17.58.40:824][369]LogScriptCore:Warning: Script Msg: Attempted to access index 0 from array CallFunc_GetAllActorsOfClass_OutActors2 of length 0!
[2017.01.04-17.58.44:837][505]LogTemp: Repeting last play command: Selected Viewport
[2017.01.04-17.58.44:879][505]LogPlayLevel: PlayLevel: No blueprints needed recompiling
[2017.01.04-17.58.44:879][505]PIE: New page: PIE session: GameLevel (4 Jan 2017 17:58:44)
[2017.01.04-17.58.44:880][505]LogPlayLevel: Creating play world package: /Game/Assets/Levels/UEDPIE_0_GameLevel
[2017.01.04-17.58.44:895][505]LogPlayLevel: PIE: StaticDuplicateObject took: (0.015432s)
[2017.01.04-17.58.44:897][505]LogAIModule: Creating AISystem for world GameLevel
[2017.01.04-17.58.44:897][505]LogPlayLevel: PIE: World Init took: (0.002245s)
[2017.01.04-17.58.44:898][505]LogPlayLevel: PIE: Created PIE world by copying editor world from /Game/Assets/Levels/GameLevel.GameLevel to /Game/Assets/Levels/UEDPIE_0_GameLevel.GameLevel (0.018420s)
[2017.01.04-17.58.44:950][505]LogInit: XAudio2 using 'Speakers (High Definition Audio Device)' : 2 channels at 44.1 kHz using 16 bits per sample (channel mask 0x3)
[2017.01.04-17.58.44:970][505]LogInit: FAudioDevice initialized.
[2017.01.04-17.58.45:078][505]LogLoad: Game class is 'BP_GameMode_C'
[2017.01.04-17.58.45:086][505]LogWorld: Bringing World /Game/Assets/Levels/UEDPIE_0_GameLevel.GameLevel up for play (max tick rate 0) at 2017.01.04-17.58.45
[2017.01.04-17.58.45:087][505]LogWorld: Bringing up level for play took: 0.005970
[2017.01.04-17.58.45:091][505]PIE: Info Play in editor start time for /Game/Assets/Levels/UEDPIE_0_GameLevel 0.419
[2017.01.04-17.58.57:562][903]PIE:Error: Error Blueprint Runtime Error: Accessed None trying to read property m_rightNode from function: 'ExecuteUbergraph_BP_GameBoard' from node: CheckVictory in graph: EventGraph in object: BP_GameBoard with description: Accessed None trying to read property m_rightNode
[2017.01.04-17.58.57:563][903]PIE:Error: Error Blueprint Runtime Error: Accessed None trying to read property m_rightNode from function: 'ExecuteUbergraph_BP_GameBoard' from node: CheckVictory in graph: EventGraph in object: BP_GameBoard with description: Accessed None trying to read property m_rightNode
[2017.01.04-17.58.59:070][952]PIE:Error: Error Blueprint Runtime Error: Accessed None trying to read property m_rightNode from function: 'ExecuteUbergraph_BP_GameBoard' from node: CheckVictory in graph: EventGraph in object: BP_GameBoard with description: Accessed None trying to read property m_rightNode
[2017.01.04-17.58.59:071][952]PIE:Error: Error Blueprint Runtime Error: Accessed None trying to read property m_rightNode from function: 'ExecuteUbergraph_BP_GameBoard' from node: CheckVictory in graph: EventGraph in object: BP_GameBoard with description: Accessed None trying to read property m_rightNode
[2017.01.04-17.59.02:019][ 47]PIE:Error: Error Blueprint Runtime Error: Accessed None trying to read property m_rightNode from function: 'ExecuteUbergraph_BP_GameBoard' from node: CheckVictory in graph: EventGraph in object: BP_GameBoard with description: Accessed None trying to read property m_rightNode
[2017.01.04-17.59.02:019][ 47]PIE:Error: Error Blueprint Runtime Error: Accessed None trying to read property m_rightNode from function: 'ExecuteUbergraph_BP_GameBoard' from node: CheckVictory in graph: EventGraph in object: BP_GameBoard with description: Accessed None trying to read property m_rightNode
[2017.01.04-17.59.02:789][ 72]PIE:Error: Error Blueprint Runtime Error: Accessed None trying to read property m_rightNode from function: 'ExecuteUbergraph_BP_GameBoard' from node: CheckVictory in graph: EventGraph in object: BP_GameBoard with description: Accessed None trying to read property m_rightNode
[2017.01.04-17.59.02:789][ 72]PIE:Error: Error Blueprint Runtime Error: Accessed None trying to read property m_rightNode from function: 'ExecuteUbergraph_BP_GameBoard' from node: CheckVictory in graph: EventGraph in object: BP_GameBoard with description: Accessed None trying to read property m_rightNode
[2017.01.04-17.59.05:231][150]PIE:Error: Error Blueprint Runtime Error: Accessed None trying to read property m_rightNode from function: 'ExecuteUbergraph_BP_GameBoard' from node: CheckVictory in graph: EventGraph in object: BP_GameBoard with description: Accessed None trying to read property m_rightNode
[2017.01.04-17.59.05:232][150]PIE:Error: Error Blueprint Runtime Error: Accessed None trying to read property m_rightNode from function: 'ExecuteUbergraph_BP_GameBoard' from node: CheckVictory in graph: EventGraph in object: BP_GameBoard with description: Accessed None trying to read property m_rightNode
[2017.01.04-17.59.06:141][179]PIE:Error: Error Blueprint Runtime Error: Accessed None trying to read property m_rightNode from function: 'ExecuteUbergraph_BP_GameBoard' from node: CheckVictory in graph: EventGraph in object: BP_GameBoard with description: Accessed None trying to read property m_rightNode
[2017.01.04-17.59.06:142][179]PIE:Error: Error Blueprint Runtime Error: Accessed None trying to read property m_rightNode from function: 'ExecuteUbergraph_BP_GameBoard' from node: CheckVictory in graph: EventGraph in object: BP_GameBoard with description: Accessed None trying to read property m_rightNode
[2017.01.04-17.59.09:705][290]PIE:Error: Error Blueprint Runtime Error: Accessed None trying to read property m_rightNode from function: 'ExecuteUbergraph_BP_GameBoard' from node: CheckVictory in graph: EventGraph in object: BP_GameBoard with description: Accessed None trying to read property m_rightNode
[2017.01.04-17.59.09:706][290]PIE:Error: Error Blueprint Runtime Error: Accessed None trying to read property m_rightNode from function: 'ExecuteUbergraph_BP_GameBoard' from node: CheckVictory in graph: EventGraph in object: BP_GameBoard with description: Accessed None trying to read property m_rightNode
[2017.01.04-17.59.10:533][316]PIE:Error: Error Blueprint Runtime Error: Accessed None trying to read property m_rightNode from function: 'ExecuteUbergraph_BP_GameBoard' from node: CheckVictory in graph: EventGraph in object: BP_GameBoard with description: Accessed None trying to read property m_rightNode
[2017.01.04-17.59.10:533][316]PIE:Error: Error Blueprint Runtime Error: Accessed None trying to read property m_rightNode from function: 'ExecuteUbergraph_BP_GameBoard' from node: CheckVictory in graph: EventGraph in object: BP_GameBoard with description: Accessed None trying to read property m_rightNode
[2017.01.04-18.01.47:723][ 22]LogSavePackage: Save=39.54ms
[2017.01.04-18.01.47:723][ 22]LogSavePackage: Moving '../../../../../../Users/User/Desktop/NaughtsNCrosses/NaughtsNCrosses/Saved/GameLevel_Auto36B5808D6441B291F89751AB8A31386B1.tmp' to '../../../../../../Users/User/Desktop/NaughtsNCrosses/NaughtsNCrosses/Saved/Autosaves/Game/Assets/Levels/GameLevel_Auto3.umap'
[2017.01.04-18.01.47:725][ 22]LogSavePackage:Display: Finished SavePackage ../../../../../../Users/User/Desktop/NaughtsNCrosses/NaughtsNCrosses/Saved/Autosaves/Game/Assets/Levels/GameLevel_Auto3.umap
[2017.01.04-18.01.47:726][ 22]LogFileHelpers: Editor autosave (incl. sublevels) for '/Game/Assets/Levels/GameLevel' took 0.078
[2017.01.04-18.01.47:726][ 22]LogFileHelpers: Editor autosave (incl. sublevels) for all levels took 0.078
[2017.01.04-18.01.47:767][ 22]OBJ SavePackage: Generating thumbnails for [1] asset(s) in package [/Game/Assets/Blueprints/BP_GameBoard] ([1] browsable assets)...
[2017.01.04-18.01.47:801][ 22]OBJ SavePackage:     Rendered thumbnail for [Blueprint /Game/Assets/Blueprints/BP_GameBoard.BP_GameBoard]
[2017.01.04-18.01.47:801][ 22]OBJ SavePackage: Finished generating thumbnails for package [/Game/Assets/Blueprints/BP_GameBoard]
[2017.01.04-18.01.47:854][ 22]LogSavePackage: Save=45.96ms
[2017.01.04-18.01.47:854][ 22]LogSavePackage: Moving '../../../../../../Users/User/Desktop/NaughtsNCrosses/NaughtsNCrosses/Saved/BP_GameBoard_Auto3B37133C641100D71D8C9659225DA73E6.tmp' to '../../../../../../Users/User/Desktop/NaughtsNCrosses/NaughtsNCrosses/Saved/Autosaves/Game/Assets/Blueprints/BP_GameBoard_Auto3.uasset'
[2017.01.04-18.01.47:855][ 22]LogSavePackage:Display: Finished SavePackage ../../../../../../Users/User/Desktop/NaughtsNCrosses/NaughtsNCrosses/Saved/Autosaves/Game/Assets/Blueprints/BP_GameBoard_Auto3.uasset
[2017.01.04-18.01.47:855][ 22]LogFileHelpers: Auto-saving content packages took 0.089
[2017.01.04-18.11.54:071][666]LogFileHelpers: Editor autosave (incl. sublevels) for '/Game/Assets/Levels/GameLevel' took 0.024
[2017.01.04-18.11.54:073][666]OBJ SavePackage: Generating thumbnails for [1] asset(s) in package [/Game/Assets/Blueprints/BP_GameBoard] ([1] browsable assets)...
[2017.01.04-18.11.54:102][666]OBJ SavePackage:     Rendered thumbnail for [Blueprint /Game/Assets/Blueprints/BP_GameBoard.BP_GameBoard]
[2017.01.04-18.11.54:102][666]OBJ SavePackage: Finished generating thumbnails for package [/Game/Assets/Blueprints/BP_GameBoard]
[2017.01.04-18.11.54:198][666]LogSavePackage: Save=72.90ms
[2017.01.04-18.11.54:198][666]LogSavePackage: Moving '../../../../../../Users/User/Desktop/NaughtsNCrosses/NaughtsNCrosses/Saved/BP_GameBoard_Auto49C5C767841E8E76824D045B5E5B2B932.tmp' to '../../../../../../Users/User/Desktop/NaughtsNCrosses/NaughtsNCrosses/Saved/Autosaves/Game/Assets/Blueprints/BP_GameBoard_Auto4.uasset'
[2017.01.04-18.11.54:200][666]LogSavePackage:Display: Finished SavePackage ../../../../../../Users/User/Desktop/NaughtsNCrosses/NaughtsNCrosses/Saved/Autosaves/Game/Assets/Blueprints/BP_GameBoard_Auto4.uasset
[2017.01.04-18.11.54:200][666]LogFileHelpers: Auto-saving content packages took 0.128
[2017.01.04-18.15.32:879][204]BlueprintLog: New page: Compile BP_GameBoard
[2017.01.04-18.15.33:004][204]LogScriptCore:Warning: Script Msg: Attempted to access index 0 from array CallFunc_GetAllActorsOfClass_OutActors2 of length 0!
[2017.01.04-18.15.33:005][204]LogScriptCore:Warning: Script Msg: Attempted to access index 0 from array CallFunc_GetAllActorsOfClass_OutActors2 of length 0!
[2017.01.04-18.15.35:577][404]LogTemp: Repeting last play command: Selected Viewport
[2017.01.04-18.15.35:589][404]LogPlayLevel: PlayLevel: No blueprints needed recompiling
[2017.01.04-18.15.35:589][404]PIE: New page: PIE session: GameLevel (4 Jan 2017 18:15:35)
[2017.01.04-18.15.35:589][404]LogPlayLevel: Creating play world package: /Game/Assets/Levels/UEDPIE_0_GameLevel
[2017.01.04-18.15.35:594][404]LogPlayLevel: PIE: StaticDuplicateObject took: (0.004767s)
[2017.01.04-18.15.35:594][404]LogAIModule: Creating AISystem for world GameLevel
[2017.01.04-18.15.35:595][404]LogPlayLevel: PIE: World Init took: (0.000732s)
[2017.01.04-18.15.35:595][404]LogPlayLevel: PIE: Created PIE world by copying editor world from /Game/Assets/Levels/GameLevel.GameLevel to /Game/Assets/Levels/UEDPIE_0_GameLevel.GameLevel (0.005734s)
[2017.01.04-18.15.35:613][404]LogInit: XAudio2 using 'Speakers (High Definition Audio Device)' : 2 channels at 44.1 kHz using 16 bits per sample (channel mask 0x3)
[2017.01.04-18.15.35:619][404]LogInit: FAudioDevice initialized.
[2017.01.04-18.15.35:645][404]LogLoad: Game class is 'BP_GameMode_C'
[2017.01.04-18.15.35:648][404]LogWorld: Bringing World /Game/Assets/Levels/UEDPIE_0_GameLevel.GameLevel up for play (max tick rate 0) at 2017.01.04-18.15.35
[2017.01.04-18.15.35:649][404]LogWorld: Bringing up level for play took: 0.001926
[2017.01.04-18.15.35:650][404]PIE: Info Play in editor start time for /Game/Assets/Levels/UEDPIE_0_GameLevel 0.961
[2017.01.04-18.15.40:358][568]PIE:Error: Error Blueprint Runtime Error: Accessed None trying to read property m_rightNode from function: 'ExecuteUbergraph_BP_GameBoard' from node: CheckVictory in graph: EventGraph in object: BP_GameBoard with description: Accessed None trying to read property m_rightNode
[2017.01.04-18.22.02:746][881]LogSavePackage: Save=37.40ms
[2017.01.04-18.22.02:746][881]LogSavePackage: Moving '../../../../../../Users/User/Desktop/NaughtsNCrosses/NaughtsNCrosses/Saved/GameLevel_Auto5484E3568459E0F4AFCFF14B4CAB94BAB.tmp' to '../../../../../../Users/User/Desktop/NaughtsNCrosses/NaughtsNCrosses/Saved/Autosaves/Game/Assets/Levels/GameLevel_Auto5.umap'
[2017.01.04-18.22.02:747][881]LogSavePackage:Display: Finished SavePackage ../../../../../../Users/User/Desktop/NaughtsNCrosses/NaughtsNCrosses/Saved/Autosaves/Game/Assets/Levels/GameLevel_Auto5.umap
[2017.01.04-18.22.02:748][881]LogFileHelpers: Editor autosave (incl. sublevels) for '/Game/Assets/Levels/GameLevel' took 0.067
[2017.01.04-18.22.02:748][881]LogFileHelpers: Editor autosave (incl. sublevels) for all levels took 0.067
[2017.01.04-18.22.02:752][881]OBJ SavePackage: Generating thumbnails for [1] asset(s) in package [/Game/Assets/Blueprints/BP_GameBoard] ([1] browsable assets)...
[2017.01.04-18.22.02:797][881]OBJ SavePackage:     Rendered thumbnail for [Blueprint /Game/Assets/Blueprints/BP_GameBoard.BP_GameBoard]
[2017.01.04-18.22.02:798][881]OBJ SavePackage: Finished generating thumbnails for package [/Game/Assets/Blueprints/BP_GameBoard]
[2017.01.04-18.22.02:852][881]LogSavePackage: Save=47.17ms
[2017.01.04-18.22.02:852][881]LogSavePackage: Moving '../../../../../../Users/User/Desktop/NaughtsNCrosses/NaughtsNCrosses/Saved/BP_GameBoard_Auto5D0FD1BE0435BB1D529C1C7B3E1FC0847.tmp' to '../../../../../../Users/User/Desktop/NaughtsNCrosses/NaughtsNCrosses/Saved/Autosaves/Game/Assets/Blueprints/BP_GameBoard_Auto5.uasset'
[2017.01.04-18.22.02:853][881]LogSavePackage:Display: Finished SavePackage ../../../../../../Users/User/Desktop/NaughtsNCrosses/NaughtsNCrosses/Saved/Autosaves/Game/Assets/Blueprints/BP_GameBoard_Auto5.uasset
[2017.01.04-18.22.02:853][881]LogFileHelpers: Auto-saving content packages took 0.102
[2017.01.04-18.55.47:986][272]LogTemp: Repeting last play command: Selected Viewport
[2017.01.04-18.55.48:000][272]LogPlayLevel: PlayLevel: No blueprints needed recompiling
[2017.01.04-18.55.48:000][272]PIE: New page: PIE session: GameLevel (4 Jan 2017 18:55:48)
[2017.01.04-18.55.48:000][272]LogPlayLevel: Creating play world package: /Game/Assets/Levels/UEDPIE_0_GameLevel
[2017.01.04-18.55.48:005][272]LogPlayLevel: PIE: StaticDuplicateObject took: (0.005181s)
[2017.01.04-18.55.48:007][272]LogAIModule: Creating AISystem for world GameLevel
[2017.01.04-18.55.48:007][272]LogPlayLevel: PIE: World Init took: (0.001372s)
[2017.01.04-18.55.48:007][272]LogPlayLevel: PIE: Created PIE world by copying editor world from /Game/Assets/Levels/GameLevel.GameLevel to /Game/Assets/Levels/UEDPIE_0_GameLevel.GameLevel (0.006921s)
[2017.01.04-18.55.48:027][272]LogInit: XAudio2 using 'Speakers (High Definition Audio Device)' : 2 channels at 44.1 kHz using 16 bits per sample (channel mask 0x3)
[2017.01.04-18.55.48:034][272]LogInit: FAudioDevice initialized.
[2017.01.04-18.55.48:066][272]LogLoad: Game class is 'BP_GameMode_C'
[2017.01.04-18.55.48:069][272]LogWorld: Bringing World /Game/Assets/Levels/UEDPIE_0_GameLevel.GameLevel up for play (max tick rate 0) at 2017.01.04-18.55.48
[2017.01.04-18.55.48:070][272]LogWorld: Bringing up level for play took: 0.002357
[2017.01.04-18.55.48:071][272]PIE: Info Play in editor start time for /Game/Assets/Levels/UEDPIE_0_GameLevel -0.675
[2017.01.04-18.55.57:211][588]PIE:Error: Error Blueprint Runtime Error: Accessed None trying to read property m_rightNode from function: 'ExecuteUbergraph_BP_GameBoard' from node: CheckVictory in graph: EventGraph in object: BP_GameBoard with description: Accessed None trying to read property m_rightNode
[2017.01.04-18.55.59:676][674]PIE:Error: Error Blueprint Runtime Error: Accessed None trying to read property m_rightNode from function: 'ExecuteUbergraph_BP_GameBoard' from node: CheckVictory in graph: EventGraph in object: BP_GameBoard with description: Accessed None trying to read property m_rightNode
[2017.01.04-18.59.33:636][652]LogFileHelpers: Editor autosave (incl. sublevels) for '/Game/Assets/Levels/GameLevel' took 0.019
[2017.01.04-18.59.33:637][652]OBJ SavePackage: Generating thumbnails for [0] asset(s) in package [/Game/Assets/Blueprints/BP_GameBoard] ([1] browsable assets)...
[2017.01.04-18.59.33:637][652]OBJ SavePackage: Finished generating thumbnails for package [/Game/Assets/Blueprints/BP_GameBoard]
[2017.01.04-18.59.33:699][652]LogSavePackage: Save=44.45ms
[2017.01.04-18.59.33:699][652]LogSavePackage: Moving '../../../../../../Users/User/Desktop/NaughtsNCrosses/NaughtsNCrosses/Saved/BP_GameBoard_Auto6089D77D4485F30172FF379A231DF953B.tmp' to '../../../../../../Users/User/Desktop/NaughtsNCrosses/NaughtsNCrosses/Saved/Autosaves/Game/Assets/Blueprints/BP_GameBoard_Auto6.uasset'
[2017.01.04-18.59.33:701][652]LogSavePackage:Display: Finished SavePackage ../../../../../../Users/User/Desktop/NaughtsNCrosses/NaughtsNCrosses/Saved/Autosaves/Game/Assets/Blueprints/BP_GameBoard_Auto6.uasset
[2017.01.04-18.59.33:701][652]LogFileHelpers: Auto-saving content packages took 0.064
[2017.01.04-19.03.11:254][752]LogD3D11RHI:Error: Result failed 
 at D:\Build\++UE4+Release-4.14+Compile\Sync\Engine\Source\Runtime\Windows\D3D11RHI\Private\D3D11Viewport.cpp:275 
 with error DXGI_ERROR_DEVICE_REMOVED DXGI_ERROR_DEVICE_REMOVED
[2017.01.04-19.03.11:360][752]LogWindows: Windows GetLastError: The operation completed successfully. (0)
[2017.01.04-19.03.43:070][752]LogCrashTracker: 


