Log file open, 01/04/17 20:02:12
LogInit:Display: Running engine for game: NaughtsNCrosses
LogPlatformFile: Not using cached read wrapper
LogInit:Display: RandInit(-1483524387) SRandInit(-1483524387).
LogTaskGraph: Started task graph with 5 named threads and 8 total threads with 1 sets of task threads.
LogStats: Stats thread started at 0.081016
LogPluginManager: Loaded Plugin Paper2D, From C:/Program Files (x86)/Epic Games/4.14/Engine/Plugins/2D/Paper2D/Paper2D.uplugin
LogPluginManager: Loaded Plugin LightPropagationVolume, From C:/Program Files (x86)/Epic Games/4.14/Engine/Plugins/Blendables/LightPropagationVolume/LightPropagationVolume.uplugin
LogPluginManager: Loaded Plugin BlankPlugin, From C:/Program Files (x86)/Epic Games/4.14/Engine/Plugins/Developer/BlankPlugin/BlankPlugin.uplugin
LogPluginManager: Loaded Plugin CodeLiteSourceCodeAccess, From C:/Program Files (x86)/Epic Games/4.14/Engine/Plugins/Developer/CodeLiteSourceCodeAccess/CodeLiteSourceCodeAccess.uplugin
LogPluginManager: Loaded Plugin GitSourceControl, From C:/Program Files (x86)/Epic Games/4.14/Engine/Plugins/Developer/GitSourceControl/GitSourceControl.uplugin
LogPluginManager: Loaded Plugin KDevelopSourceCodeAccess, From C:/Program Files (x86)/Epic Games/4.14/Engine/Plugins/Developer/KDevelopSourceCodeAccess/KDevelopSourceCodeAccess.uplugin
LogPluginManager: Loaded Plugin NullSourceCodeAccess, From C:/Program Files (x86)/Epic Games/4.14/Engine/Plugins/Developer/NullSourceCodeAccess/NullSourceCodeAccess.uplugin
LogPluginManager: Loaded Plugin OneSkyLocalizationService, From C:/Program Files (x86)/Epic Games/4.14/Engine/Plugins/Developer/OneSkyLocalizationService/OneSkyLocalizationService.uplugin
LogPluginManager: Loaded Plugin PerforceSourceControl, From C:/Program Files (x86)/Epic Games/4.14/Engine/Plugins/Developer/PerforceSourceControl/PerforceSourceControl.uplugin
LogPluginManager: Loaded Plugin SubversionSourceControl, From C:/Program Files (x86)/Epic Games/4.14/Engine/Plugins/Developer/SubversionSourceControl/SubversionSourceControl.uplugin
LogPluginManager: Loaded Plugin UObjectPlugin, From C:/Program Files (x86)/Epic Games/4.14/Engine/Plugins/Developer/UObjectPlugin/UObjectPlugin.uplugin
LogPluginManager: Loaded Plugin VisualStudioSourceCodeAccess, From C:/Program Files (x86)/Epic Games/4.14/Engine/Plugins/Developer/VisualStudioSourceCodeAccess/VisualStudioSourceCodeAccess.uplugin
LogPluginManager: Loaded Plugin XCodeSourceCodeAccess, From C:/Program Files (x86)/Epic Games/4.14/Engine/Plugins/Developer/XCodeSourceCodeAccess/XCodeSourceCodeAccess.uplugin
LogPluginManager: Loaded Plugin AudioCapture, From C:/Program Files (x86)/Epic Games/4.14/Engine/Plugins/Editor/AudioCapture/AudioCapture.uplugin
LogPluginManager: Loaded Plugin EpicSurvey, From C:/Program Files (x86)/Epic Games/4.14/Engine/Plugins/Editor/EpicSurvey/EpicSurvey.uplugin
LogPluginManager: Loaded Plugin MacGraphicsSwitching, From C:/Program Files (x86)/Epic Games/4.14/Engine/Plugins/Editor/MacGraphicsSwitching/MacGraphicsSwitching.uplugin
LogPluginManager: Loaded Plugin MobileLauncherProfileWizard, From C:/Program Files (x86)/Epic Games/4.14/Engine/Plugins/Editor/MobileLauncherProfileWizard/MobileLauncherProfileWizard.uplugin
LogPluginManager: Loaded Plugin PluginBrowser, From C:/Program Files (x86)/Epic Games/4.14/Engine/Plugins/Editor/PluginBrowser/PluginBrowser.uplugin
LogPluginManager: Loaded Plugin SpeedTreeImporter, From C:/Program Files (x86)/Epic Games/4.14/Engine/Plugins/Editor/SpeedTreeImporter/SpeedTreeImporter.uplugin
LogPluginManager: Loaded Plugin SuperSearchEditor, From C:/Program Files (x86)/Epic Games/4.14/Engine/Plugins/Editor/SuperSearchEditor/SuperSearchEditor.uplugin
LogPluginManager: Loaded Plugin AlembicImporter, From C:/Program Files (x86)/Epic Games/4.14/Engine/Plugins/Experimental/AlembicImporter/AlembicImporter.uplugin
LogPluginManager: Loaded Plugin BlueprintStats, From C:/Program Files (x86)/Epic Games/4.14/Engine/Plugins/Experimental/BlueprintStats/BlueprintStats.uplugin
LogPluginManager: Loaded Plugin CharacterAI, From C:/Program Files (x86)/Epic Games/4.14/Engine/Plugins/Experimental/CharacterAI/CharacterAI.uplugin
LogPluginManager: Loaded Plugin CodeEditor, From C:/Program Files (x86)/Epic Games/4.14/Engine/Plugins/Experimental/CodeEditor/CodeEditor.uplugin
LogPluginManager: Loaded Plugin CodeView, From C:/Program Files (x86)/Epic Games/4.14/Engine/Plugins/Experimental/CodeView/CodeView.uplugin
LogPluginManager: Loaded Plugin HTML5Networking, From C:/Program Files (x86)/Epic Games/4.14/Engine/Plugins/Experimental/HTML5Networking/HTML5Networking.uplugin
LogPluginManager: Loaded Plugin OSVR, From C:/Program Files (x86)/Epic Games/4.14/Engine/Plugins/Experimental/OSVR/OSVR.uplugin
LogPluginManager: Loaded Plugin Phya, From C:/Program Files (x86)/Epic Games/4.14/Engine/Plugins/Experimental/Phya/Phya.uplugin
LogPluginManager: Loaded Plugin SignificanceManager, From C:/Program Files (x86)/Epic Games/4.14/Engine/Plugins/Experimental/SignificanceManager/SignificanceManager.uplugin
LogPluginManager: Loaded Plugin SimpleHMD, From C:/Program Files (x86)/Epic Games/4.14/Engine/Plugins/Experimental/SimpleHMD/SimpleHMD.uplugin
LogPluginManager: Loaded Plugin StereoPanorama, From C:/Program Files (x86)/Epic Games/4.14/Engine/Plugins/Experimental/StereoPanorama/StereoPanorama.uplugin
LogPluginManager: Loaded Plugin StructBox, From C:/Program Files (x86)/Epic Games/4.14/Engine/Plugins/Experimental/StructBox/StructBox.uplugin
LogPluginManager: Loaded Plugin AndroidMedia, From C:/Program Files (x86)/Epic Games/4.14/Engine/Plugins/Media/AndroidMedia/AndroidMedia.uplugin
LogPluginManager: Loaded Plugin AvfMedia, From C:/Program Files (x86)/Epic Games/4.14/Engine/Plugins/Media/AvfMedia/AvfMedia.uplugin
LogPluginManager: Loaded Plugin MediaPlayerEditor, From C:/Program Files (x86)/Epic Games/4.14/Engine/Plugins/Media/MediaPlayerEditor/MediaPlayerEditor.uplugin
LogPluginManager: Loaded Plugin WmfMedia, From C:/Program Files (x86)/Epic Games/4.14/Engine/Plugins/Media/WmfMedia/WmfMedia.uplugin
LogPluginManager: Loaded Plugin MessagingDebugger, From C:/Program Files (x86)/Epic Games/4.14/Engine/Plugins/Messaging/MessagingDebugger/MessagingDebugger.uplugin
LogPluginManager: Loaded Plugin TcpMessaging, From C:/Program Files (x86)/Epic Games/4.14/Engine/Plugins/Messaging/TcpMessaging/TcpMessaging.uplugin
LogPluginManager: Loaded Plugin UdpMessaging, From C:/Program Files (x86)/Epic Games/4.14/Engine/Plugins/Messaging/UdpMessaging/UdpMessaging.uplugin
LogPluginManager: Loaded Plugin LevelSequenceEditor, From C:/Program Files (x86)/Epic Games/4.14/Engine/Plugins/MovieScene/LevelSequenceEditor/LevelSequenceEditor.uplugin
LogPluginManager: Loaded Plugin MatineeToLevelSequence, From C:/Program Files (x86)/Epic Games/4.14/Engine/Plugins/MovieScene/MatineeToLevelSequence/MatineeToLevelSequence.uplugin
LogPluginManager: Loaded Plugin NetcodeUnitTest, From C:/Program Files (x86)/Epic Games/4.14/Engine/Plugins/NetcodeUnitTest/NetcodeUnitTest/NetcodeUnitTest.uplugin
LogPluginManager: Loaded Plugin NUTUnrealEngine4, From C:/Program Files (x86)/Epic Games/4.14/Engine/Plugins/NetcodeUnitTest/NUTUnrealEngine4/NUTUnrealEngine4.uplugin
LogPluginManager: Loaded Plugin OnlineSubsystemGameCircle, From C:/Program Files (x86)/Epic Games/4.14/Engine/Plugins/Online/Android/OnlineSubsystemGameCircle/OnlineSubsystemGameCircle.uplugin
LogPluginManager: Loaded Plugin OnlineSubsystemGooglePlay, From C:/Program Files (x86)/Epic Games/4.14/Engine/Plugins/Online/Android/OnlineSubsystemGooglePlay/OnlineSubsystemGooglePlay.uplugin
LogPluginManager: Loaded Plugin OnlineSubsystemIOS, From C:/Program Files (x86)/Epic Games/4.14/Engine/Plugins/Online/IOS/OnlineSubsystemIOS/OnlineSubsystemIOS.uplugin
LogPluginManager: Loaded Plugin OnlineFramework, From C:/Program Files (x86)/Epic Games/4.14/Engine/Plugins/Online/OnlineFramework/OnlineFramework.uplugin
LogPluginManager: Loaded Plugin OnlineSubsystem, From C:/Program Files (x86)/Epic Games/4.14/Engine/Plugins/Online/OnlineSubsystem/OnlineSubsystem.uplugin
LogPluginManager: Loaded Plugin OnlineSubsystemAmazon, From C:/Program Files (x86)/Epic Games/4.14/Engine/Plugins/Online/OnlineSubsystemAmazon/OnlineSubsystemAmazon.uplugin
LogPluginManager: Loaded Plugin OnlineSubsystemFacebook, From C:/Program Files (x86)/Epic Games/4.14/Engine/Plugins/Online/OnlineSubsystemFacebook/OnlineSubsystemFacebook.uplugin
LogPluginManager: Loaded Plugin OnlineSubsystemNull, From C:/Program Files (x86)/Epic Games/4.14/Engine/Plugins/Online/OnlineSubsystemNull/OnlineSubsystemNull.uplugin
LogPluginManager: Loaded Plugin OnlineSubsystemOculus, From C:/Program Files (x86)/Epic Games/4.14/Engine/Plugins/Online/OnlineSubsystemOculus/OnlineSubsystemOculus.uplugin
LogPluginManager: Loaded Plugin OnlineSubsystemSteam, From C:/Program Files (x86)/Epic Games/4.14/Engine/Plugins/Online/OnlineSubsystemSteam/OnlineSubsystemSteam.uplugin
LogPluginManager: Loaded Plugin OnlineSubsystemUtils, From C:/Program Files (x86)/Epic Games/4.14/Engine/Plugins/Online/OnlineSubsystemUtils/OnlineSubsystemUtils.uplugin
LogPluginManager: Loaded Plugin IOSTapJoy, From C:/Program Files (x86)/Epic Games/4.14/Engine/Plugins/Runtime/Advertising/IOSTapJoy/IOSTapJoy.uplugin
LogPluginManager: Loaded Plugin AnalyticsBlueprintLibrary, From C:/Program Files (x86)/Epic Games/4.14/Engine/Plugins/Runtime/Analytics/AnalyticsBlueprintLibrary/AnalyticsBlueprintLibrary.uplugin
LogPluginManager: Loaded Plugin AnalyticsMulticast, From C:/Program Files (x86)/Epic Games/4.14/Engine/Plugins/Runtime/Analytics/AnalyticsMulticast/AnalyticsMulticast.uplugin
LogPluginManager: Loaded Plugin Apsalar, From C:/Program Files (x86)/Epic Games/4.14/Engine/Plugins/Runtime/Analytics/Apsalar/Apsalar.uplugin
LogPluginManager: Loaded Plugin FileLogging, From C:/Program Files (x86)/Epic Games/4.14/Engine/Plugins/Runtime/Analytics/FileLogging/FileLogging.uplugin
LogPluginManager: Loaded Plugin Flurry, From C:/Program Files (x86)/Epic Games/4.14/Engine/Plugins/Runtime/Analytics/Flurry/Flurry.uplugin
LogPluginManager: Loaded Plugin AndroidDeviceProfileSelector, From C:/Program Files (x86)/Epic Games/4.14/Engine/Plugins/Runtime/AndroidDeviceProfileSelector/AndroidDeviceProfileSelector.uplugin
LogPluginManager: Loaded Plugin AndroidMoviePlayer, From C:/Program Files (x86)/Epic Games/4.14/Engine/Plugins/Runtime/AndroidMoviePlayer/AndroidMoviePlayer.uplugin
LogPluginManager: Loaded Plugin AppleMoviePlayer, From C:/Program Files (x86)/Epic Games/4.14/Engine/Plugins/Runtime/AppleMoviePlayer/AppleMoviePlayer.uplugin
LogPluginManager: Loaded Plugin ArchVisCharacter, From C:/Program Files (x86)/Epic Games/4.14/Engine/Plugins/Runtime/ArchVisCharacter/ArchVisCharacter.uplugin
LogPluginManager: Loaded Plugin CableComponent, From C:/Program Files (x86)/Epic Games/4.14/Engine/Plugins/Runtime/CableComponent/CableComponent.uplugin
LogPluginManager: Loaded Plugin CustomMeshComponent, From C:/Program Files (x86)/Epic Games/4.14/Engine/Plugins/Runtime/CustomMeshComponent/CustomMeshComponent.uplugin
LogPluginManager: Loaded Plugin ExampleDeviceProfileSelector, From C:/Program Files (x86)/Epic Games/4.14/Engine/Plugins/Runtime/ExampleDeviceProfileSelector/ExampleDeviceProfileSelector.uplugin
LogPluginManager: Loaded Plugin GearVR, From C:/Program Files (x86)/Epic Games/4.14/Engine/Plugins/Runtime/GearVR/GearVR.uplugin
LogPluginManager: Loaded Plugin GoogleVRController, From C:/Program Files (x86)/Epic Games/4.14/Engine/Plugins/Runtime/GoogleVR/GoogleVRController/GoogleVRController.uplugin
LogPluginManager: Loaded Plugin GoogleVRHMD, From C:/Program Files (x86)/Epic Games/4.14/Engine/Plugins/Runtime/GoogleVR/GoogleVRHMD/GoogleVRHMD.uplugin
LogPluginManager: Loaded Plugin IOSDeviceProfileSelector, From C:/Program Files (x86)/Epic Games/4.14/Engine/Plugins/Runtime/IOSDeviceProfileSelector/IOSDeviceProfileSelector.uplugin
LogPluginManager: Loaded Plugin LeapMotion, From C:/Program Files (x86)/Epic Games/4.14/Engine/Plugins/Runtime/LeapMotion/LeapMotion.uplugin
LogPluginManager: Loaded Plugin LinuxDeviceProfileSelector, From C:/Program Files (x86)/Epic Games/4.14/Engine/Plugins/Runtime/LinuxDeviceProfileSelector/LinuxDeviceProfileSelector.uplugin
LogPluginManager: Loaded Plugin MIDIDevice, From C:/Program Files (x86)/Epic Games/4.14/Engine/Plugins/Runtime/MIDIDevice/MIDIDevice.uplugin
LogPluginManager: Loaded Plugin MobilePatchingUtils, From C:/Program Files (x86)/Epic Games/4.14/Engine/Plugins/Runtime/MobilePatchingUtils/MobilePatchingUtils.uplugin
LogPluginManager: Loaded Plugin Ansel, From C:/Program Files (x86)/Epic Games/4.14/Engine/Plugins/Runtime/Nvidia/Ansel/Ansel.uplugin
LogPluginManager: Loaded Plugin OculusAudio, From C:/Program Files (x86)/Epic Games/4.14/Engine/Plugins/Runtime/OculusAudio/OculusAudio.uplugin
LogPluginManager: Loaded Plugin OculusInput, From C:/Program Files (x86)/Epic Games/4.14/Engine/Plugins/Runtime/OculusInput/OculusInput.uplugin
LogPluginManager: Loaded Plugin OculusLibrary, From C:/Program Files (x86)/Epic Games/4.14/Engine/Plugins/Runtime/OculusLibrary/OculusLibrary.uplugin
LogPluginManager: Loaded Plugin OculusRift, From C:/Program Files (x86)/Epic Games/4.14/Engine/Plugins/Runtime/OculusRift/OculusRift.uplugin
LogPluginManager: Loaded Plugin Oodle, From C:/Program Files (x86)/Epic Games/4.14/Engine/Plugins/Runtime/PacketHandlers/CompressionComponents/Oodle/Oodle.uplugin
LogPluginManager: Loaded Plugin ProceduralMeshComponent, From C:/Program Files (x86)/Epic Games/4.14/Engine/Plugins/Runtime/ProceduralMeshComponent/ProceduralMeshComponent.uplugin
LogPluginManager: Loaded Plugin SoundMod, From C:/Program Files (x86)/Epic Games/4.14/Engine/Plugins/Runtime/SoundMod/SoundMod.uplugin
LogPluginManager: Loaded Plugin SoundVisualizations, From C:/Program Files (x86)/Epic Games/4.14/Engine/Plugins/Runtime/SoundVisualizations/SoundVisualizations.uplugin
LogPluginManager: Loaded Plugin SteamController, From C:/Program Files (x86)/Epic Games/4.14/Engine/Plugins/Runtime/Steam/SteamController/SteamController.uplugin
LogPluginManager: Loaded Plugin SteamVR, From C:/Program Files (x86)/Epic Games/4.14/Engine/Plugins/Runtime/Steam/SteamVR/SteamVR.uplugin
LogPluginManager: Loaded Plugin WebBrowserWidget, From C:/Program Files (x86)/Epic Games/4.14/Engine/Plugins/Runtime/WebBrowserWidget/WebBrowserWidget.uplugin
LogPluginManager: Loaded Plugin WindowsDeviceProfileSelector, From C:/Program Files (x86)/Epic Games/4.14/Engine/Plugins/Runtime/WindowsDeviceProfileSelector/WindowsDeviceProfileSelector.uplugin
LogPluginManager: Loaded Plugin WindowsMoviePlayer, From C:/Program Files (x86)/Epic Games/4.14/Engine/Plugins/Runtime/WindowsMoviePlayer/WindowsMoviePlayer.uplugin
LogPluginManager: Loaded Plugin ScriptPlugin, From C:/Program Files (x86)/Epic Games/4.14/Engine/Plugins/ScriptPlugin/ScriptPlugin.uplugin
LogPluginManager: Loaded Plugin SlateRemote, From C:/Program Files (x86)/Epic Games/4.14/Engine/Plugins/Slate/SlateRemote/SlateRemote.uplugin
LogPluginManager: Loaded Plugin EditorTests, From C:/Program Files (x86)/Epic Games/4.14/Engine/Plugins/Tests/EditorTests/EditorTests.uplugin
LogPluginManager: Loaded Plugin FbxAutomationTestBuilder, From C:/Program Files (x86)/Epic Games/4.14/Engine/Plugins/Tests/FbxAutomationTestBuilder/FbxAutomationTestBuilder.uplugin
LogPluginManager: Loaded Plugin FunctionalTestingEditor, From C:/Program Files (x86)/Epic Games/4.14/Engine/Plugins/Tests/FunctionalTestingEditor/FunctionalTestingEditor.uplugin
LogPluginManager: Loaded Plugin RuntimeTests, From C:/Program Files (x86)/Epic Games/4.14/Engine/Plugins/Tests/RuntimeTests/RuntimeTests.uplugin
LogPluginManager: Loaded Plugin ScreenshotTools, From C:/Program Files (x86)/Epic Games/4.14/Engine/Plugins/Tests/ScreenshotTools/ScreenshotTools.uplugin
LogInit: Using libcurl 7.47.1
LogInit:  - built for x86_64-pc-win32
LogInit:  - supports SSL with OpenSSL/1.0.2g
LogInit:  - supports HTTP deflate (compression) using libz 1.2.8
LogInit:  - other features:
LogInit:      CURL_VERSION_SSL
LogInit:      CURL_VERSION_LIBZ
LogInit:      CURL_VERSION_IPV6
LogInit:      CURL_VERSION_ASYNCHDNS
LogInit:      CURL_VERSION_LARGEFILE
LogInit:      CURL_VERSION_IDN
LogInit:  CurlRequestOptions (configurable via config and command line):
LogInit:  - bVerifyPeer = false  - Libcurl will NOT verify peer certificate
LogInit:  - bUseHttpProxy = false  - Libcurl will NOT use HTTP proxy
LogInit:  - bDontReuseConnections = false  - Libcurl will reuse connections
LogInit:  - CertBundlePath = nullptr  - Libcurl will use whatever was configured at build time.
LogInit: Build: ++UE4+Release-4.14-CL-3224400
LogInit: Engine Version: 4.14.1-3224400+++UE4+Release-4.14
LogInit: Compatible Engine Version: 4.14.0-3195953+++UE4+Release-4.14
LogInit: Net CL: 3195953
LogDevObjectVersion: Number of dev versions registered: 13
LogDevObjectVersion:   Dev-Blueprints (B0D832E4-1F89-4F0D-ACCF-7EB736FD4AA2): 7
LogDevObjectVersion:   Dev-Build (E1C64328-A22C-4D53-A36C-8E866417BD8C): 0
LogDevObjectVersion:   Dev-Core (375EC13C-06E4-48FB-B500-84F0262A717E): 1
LogDevObjectVersion:   Dev-Editor (E4B068ED-F494-42E9-A231-DA0B2E46BB41): 8
LogDevObjectVersion:   Dev-Framework (CFFC743F-43B0-4480-9391-14DF171D2073): 17
LogDevObjectVersion:   Dev-Mobile (B02B49B5-BB20-44E9-A304-32B752E40360): 0
LogDevObjectVersion:   Dev-Networking (A4E4105C-59A1-49B5-A7C5-40C4547EDFEE): 0
LogDevObjectVersion:   Dev-Online (39C831C9-5AE6-47DC-9A44-9C173E1C8E7C): 0
LogDevObjectVersion:   Dev-Physics (78F01B33-EBEA-4F98-B9B4-84EACCB95AA2): 0
LogDevObjectVersion:   Dev-Platform (6631380F-2D4D-43E0-8009-CF276956A95A): 0
LogDevObjectVersion:   Dev-Rendering (12F88B9F-8875-4AFC-A67C-D90C383ABD29): 12
LogDevObjectVersion:   Dev-Sequencer (7B5AE74C-D270-4C10-A958-57980B212A5A): 1
LogDevObjectVersion:   Dev-VR (D7296918-1DD6-4BDD-9DE2-64A83CC13884): 0
LogInit: Compiled (64-bit): Dec  7 2016 02:14:32
LogInit: Compiled with Visual C++: 19.00.23026.00
LogInit: Build Configuration: Development
LogInit: Branch Name: ++UE4+Release-4.14
LogInit: Command line: -EpicPortal 
LogInit: Base directory: C:/Program Files (x86)/Epic Games/4.14/Engine/Binaries/Win64/
LogInit: Installed Engine Build: 1
LogInit: Presizing for max 8388607 objects, including 0 objects not considered by GC, pre-allocating 0 bytes for permanent pool.
LogInit: Object subsystem initialized
[2017.01.04-20.02.12:588][  0]LogInit: Selected Device Profile: [Windows]
[2017.01.04-20.02.12:588][  0]LogInit: Applying CVar settings loaded from the selected device profile: [Windows]
[2017.01.04-20.02.12:607][  0]LogInit: Computer: USER-PC
[2017.01.04-20.02.12:607][  0]LogInit: User: User
[2017.01.04-20.02.12:607][  0]LogInit: CPU Page size=65536, Cores=4
[2017.01.04-20.02.12:607][  0]LogInit: High frequency timer resolution =2.240966 MHz
[2017.01.04-20.02.12:607][  0]LogMemory: Memory total: Physical=15.9GB (16GB approx)
[2017.01.04-20.02.12:607][  0]LogMemory: Platform Memory Stats for Windows
[2017.01.04-20.02.12:607][  0]LogMemory: Process Physical Memory: 265.43 MB used, 265.43 MB peak
[2017.01.04-20.02.12:607][  0]LogMemory: Process Virtual Memory: 266.10 MB used, 266.10 MB peak
[2017.01.04-20.02.12:607][  0]LogMemory: Physical Memory: 3610.00 MB used,  12682.33 MB free, 16292.33 MB total
[2017.01.04-20.02.12:607][  0]LogMemory: Virtual Memory: 664.41 MB used,  12682.33 MB free, 8388608.00 MB total
[2017.01.04-20.02.12:682][  0]LogTextLocalizationManager: No specific translations for ('en-GB') exist, so ('en') translations will be used.
[2017.01.04-20.02.13:286][  0]LogD3D11RHI: D3D11 adapters:
[2017.01.04-20.02.13:353][  0]LogD3D11RHI:    0. 'NVIDIA GeForce GT 745M' (Feature Level 11_0)
[2017.01.04-20.02.13:353][  0]LogD3D11RHI:       1991/0/7890 MB DedicatedVideo/DedicatedSystem/SharedSystem, Outputs:2, VendorId:0x10de
[2017.01.04-20.02.13:367][  0]LogD3D11RHI:    1. 'NVIDIA GeForce GT 745M' (Feature Level 11_0)
[2017.01.04-20.02.13:367][  0]LogD3D11RHI:       1991/0/7890 MB DedicatedVideo/DedicatedSystem/SharedSystem, Outputs:0, VendorId:0x10de
[2017.01.04-20.02.13:367][  0]LogD3D11RHI: Chosen D3D11 Adapter: 0
[2017.01.04-20.02.13:373][  0]LogD3D11RHI: Creating new Direct3DDevice
[2017.01.04-20.02.13:374][  0]LogD3D11RHI:     GPU DeviceId: 0xfe3 (for the marketing name, search the web for "GPU Device Id")
[2017.01.04-20.02.13:374][  0]LogWindows: EnumDisplayDevices:
[2017.01.04-20.02.13:374][  0]LogWindows:    0. 'Intel(R) HD Graphics 4600' (P:1 D:1)
[2017.01.04-20.02.13:374][  0]LogWindows:    1. 'Intel(R) HD Graphics 4600' (P:0 D:1)
[2017.01.04-20.02.13:374][  0]LogWindows:    2. 'Intel(R) HD Graphics 4600' (P:0 D:0)
[2017.01.04-20.02.13:374][  0]LogWindows:    3. 'NVIDIA GeForce GT 745M' (P:0 D:0)
[2017.01.04-20.02.13:374][  0]LogWindows:    4. 'RDPDD Chained DD' (P:0 D:0)
[2017.01.04-20.02.13:374][  0]LogWindows:    5. 'RDP Encoder Mirror Driver' (P:0 D:0)
[2017.01.04-20.02.13:374][  0]LogWindows:    6. 'RDP Reflector Display Driver' (P:0 D:0)
[2017.01.04-20.02.13:374][  0]LogWindows: DebugString: PrimaryIsNotTheChoosenAdapter PrimaryIsNotTheChoosenAdapter PrimaryIsNotTheChoosenAdapter GetVideoDriverDetailsInvalid PrimaryIsNotTheChoosenAdapter GetVideoDriverDetailsInvalid PrimaryIsNotTheChoosenAdapter GetVideoDriverDetailsInvalid PrimaryIsNotTheChoosenAdapter 
[2017.01.04-20.02.13:374][  0]LogD3D11RHI:     Adapter Name: NVIDIA GeForce GT 745M
[2017.01.04-20.02.13:374][  0]LogD3D11RHI:   Driver Version: 376.33 (internal:21.21.13.7633, unified:376.33)
[2017.01.04-20.02.13:374][  0]LogD3D11RHI:      Driver Date: 12-11-2016
[2017.01.04-20.02.13:374][  0]LogRHI: Texture pool is 1361 MB (70% of 1945 MB)
[2017.01.04-20.02.13:391][  0]LogD3D11RHI: Async texture creation enabled
[2017.01.04-20.02.13:406][  0]LogD3D11RHI: GPU Timing Frequency: 1000.000000 (Debug: 2 2)
[2017.01.04-20.02.13:406][  0]LogShaderCompilers: Guid format shader working directory is -23 characters bigger than the processId version (../../../../../../Users/User/Desktop/NaughtsNCrosses/NaughtsNCrosses/Intermediate/Shaders/WorkingDirectory/2908/).
[2017.01.04-20.02.13:406][  0]LogShaderCompilers: Cleaned the shader compiler working directory 'C:/Users/User/AppData/Local/Temp/UnrealShaderWorkingDir/2DE09A914D193357BF43EF898010CE18/'.
[2017.01.04-20.02.13:406][  0]LogShaderCompilers:Display: Using Local Shader Compiler.
[2017.01.04-20.02.14:564][  0]LogTemp:Display: Loaded TP AllDesktopTargetPlatform
[2017.01.04-20.02.14:617][  0]LogTemp:Display: Loaded TP MacClientTargetPlatform
[2017.01.04-20.02.14:672][  0]LogTemp:Display: Loaded TP MacNoEditorTargetPlatform
[2017.01.04-20.02.14:725][  0]LogTemp:Display: Loaded TP MacServerTargetPlatform
[2017.01.04-20.02.14:780][  0]LogTemp:Display: Loaded TP MacTargetPlatform
[2017.01.04-20.02.14:833][  0]LogTemp:Display: Loaded TP WindowsClientTargetPlatform
[2017.01.04-20.02.14:887][  0]LogTemp:Display: Loaded TP WindowsNoEditorTargetPlatform
[2017.01.04-20.02.14:941][  0]LogTemp:Display: Loaded TP WindowsServerTargetPlatform
[2017.01.04-20.02.14:985][  0]LogTemp:Display: Loaded TP WindowsTargetPlatform
[2017.01.04-20.02.15:037][  0]LogTemp:Display: Loaded TP AndroidTargetPlatform
[2017.01.04-20.02.15:089][  0]LogTemp:Display: Loaded TP Android_ASTCTargetPlatform
[2017.01.04-20.02.15:141][  0]LogTemp:Display: Loaded TP Android_ATCTargetPlatform
[2017.01.04-20.02.15:195][  0]LogTemp:Display: Loaded TP Android_DXTTargetPlatform
[2017.01.04-20.02.15:248][  0]LogTemp:Display: Loaded TP Android_ETC1TargetPlatform
[2017.01.04-20.02.15:300][  0]LogTemp:Display: Loaded TP Android_ETC2TargetPlatform
[2017.01.04-20.02.15:404][  0]LogTemp:Display: Loaded TP Android_MultiTargetPlatform
[2017.01.04-20.02.15:404][  0]LogTemp:Display: Loaded TP Android_PVRTCTargetPlatform
[2017.01.04-20.02.15:441][  0]LogTemp:Display: Loaded TP HTML5TargetPlatform
[2017.01.04-20.02.15:522][  0]LogTemp:Display: Loaded TP IOSTargetPlatform
[2017.01.04-20.02.15:553][  0]LogTemp:Display: Loaded TP TVOSTargetPlatform
[2017.01.04-20.02.15:605][  0]LogTemp:Display: Loaded TP LinuxClientTargetPlatform
[2017.01.04-20.02.15:658][  0]LogTemp:Display: Loaded TP LinuxNoEditorTargetPlatform
[2017.01.04-20.02.15:710][  0]LogTemp:Display: Loaded TP LinuxServerTargetPlatform
[2017.01.04-20.02.15:762][  0]LogTemp:Display: Loaded TP LinuxTargetPlatform
[2017.01.04-20.02.15:762][  0]LogTargetPlatformManager:Display: Building Assets For Windows
[2017.01.04-20.02.16:112][  0]LogDerivedDataCache:Display: Max Cache Size: 512 MB
[2017.01.04-20.02.16:161][  0]LogDerivedDataCache: Loaded boot cache 0.05s 50MB C:/Users/User/AppData/Local/UnrealEngine/4.14/DerivedDataCache/Boot.ddc.
[2017.01.04-20.02.16:161][  0]LogDerivedDataCache:Display: Loaded Boot cache: C:/Users/User/AppData/Local/UnrealEngine/4.14/DerivedDataCache/Boot.ddc
[2017.01.04-20.02.16:161][  0]LogDerivedDataCache: FDerivedDataBackendGraph:  Pak pak cache file ../../../../../../Users/User/Desktop/NaughtsNCrosses/NaughtsNCrosses/DerivedDataCache/DDC.ddp not found, will not use a pak cache.
[2017.01.04-20.02.16:161][  0]LogDerivedDataCache: Unable to find inner node Pak for hierarchical cache Hierarchy.
[2017.01.04-20.02.16:161][  0]LogDerivedDataCache: FDerivedDataBackendGraph:  CompressedPak pak cache file ../../../../../../Users/User/Desktop/NaughtsNCrosses/NaughtsNCrosses/DerivedDataCache/Compressed.ddp not found, will not use a pak cache.
[2017.01.04-20.02.16:161][  0]LogDerivedDataCache: Unable to find inner node CompressedPak for hierarchical cache Hierarchy.
[2017.01.04-20.02.16:180][  0]LogDerivedDataCache:Display: Pak cache opened for reading ../../../Engine/DerivedDataCache/Compressed.ddp.
[2017.01.04-20.02.16:191][  0]LogDerivedDataCache: Using Local data cache path C:/Users/User/AppData/Local/UnrealEngine/Common/DerivedDataCache: Writable
[2017.01.04-20.02.16:387][  0]LogInit: Selected Device Profile: [Windows]
[2017.01.04-20.02.16:390][  0]LogContentStreaming: Texture pool size is 0.00 MB
[2017.01.04-20.02.16:641][  0]LogMeshUtilities: Using QuadricMeshReduction for automatic static mesh reduction
[2017.01.04-20.02.16:682][  0]LogSimplygon: Simplygon DLL not present - disabling.
[2017.01.04-20.02.16:727][  0]LogMeshUtilities: Using SimplygonSwarm for distributed automatic mesh merging
[2017.01.04-20.02.16:727][  0]LogMeshUtilities: No automatic skeletal mesh reduction module available
[2017.01.04-20.02.16:727][  0]LogMeshUtilities: No automatic mesh merging module available
[2017.01.04-20.02.17:257][  0]LogNetVersion: GetLocalNetworkVersion: CL: 3195953, ProjectName: naughtsncrosses, ProjectVersion: , EngineNetworkVersion: 2, GameNetworkVersion: 0, NetworkChecksum: 3716353187
[2017.01.04-20.02.17:310][  0]LogAssetRegistry: FAssetRegistry took 0.0203 seconds to start up
[2017.01.04-20.02.17:396][  0]LogPackageLocalizationCache: Processed 3 localized package path(s) for 2 prioritized culture(s) in 0.065022 seconds
[2017.01.04-20.02.17:402][  0]LogUObjectArray: 31946 objects as part of root set at end of initial load.
[2017.01.04-20.02.17:402][  0]LogUObjectAllocator: 6935848 out of 0 bytes used by permanent object pool.
[2017.01.04-20.02.17:402][  0]LogUObjectArray: CloseDisregardForGC: 0/0 objects in disregard for GC pool
[2017.01.04-20.02.17:462][  0]LogInit: WinSock: version 1.1 (2.2), MaxSocks=32767, MaxUdp=65467
[2017.01.04-20.02.18:188][  0]LogSlate: Using Freetype 2.6.0
[2017.01.04-20.02.18:189][  0]LogSlate: SlateFontCache - WITH_FREETYPE: 1, WITH_HARFBUZZ: 1
[2017.01.04-20.02.18:189][  0]LogSlate: SlateFontCache - WITH_FREETYPE: 1, WITH_HARFBUZZ: 1
[2017.01.04-20.02.18:981][  0]LogTcpMessaging: Initializing TcpMessaging bridge
[2017.01.04-20.02.19:015][  0]LogUdpMessaging: Initializing bridge on interface 0.0.0.0:0 to multicast group 230.0.0.1:6666.
[2017.01.04-20.02.19:310][  0]LogMaterial: Uniform references updated for custom material expression Custom.
[2017.01.04-20.02.19:680][  0]SourceControl: Info Source control is disabled
[2017.01.04-20.02.19:737][  0]SourceControl: Info Source control is disabled
[2017.01.04-20.02.19:782][  0]SourceControl: Info Source control is disabled
[2017.01.04-20.02.19:825][  0]SourceControl: Info Source control is disabled
[2017.01.04-20.02.21:015][  0]LogEngine: Initializing Engine...
[2017.01.04-20.02.21:016][  0]LogHMD: Failed to initialize OpenVR with code 110
[2017.01.04-20.02.21:258][  0]LogAIModule: Creating AISystem for world Untitled
[2017.01.04-20.02.21:267][  0]LogInit: XAudio2 using 'Speakers (High Definition Audio Device)' : 2 channels at 44.1 kHz using 16 bits per sample (channel mask 0x3)
[2017.01.04-20.02.21:286][  0]LogInit: FAudioDevice initialized.
[2017.01.04-20.02.21:311][  0]LogDerivedDataCache: Saved boot cache 0.02s 50MB C:/Users/User/AppData/Local/UnrealEngine/4.14/DerivedDataCache/Boot.ddc.
[2017.01.04-20.02.21:315][  0]LogInit: Texture streaming: Enabled
[2017.01.04-20.02.21:483][  0]LogInit: Transaction tracking system initialized
[2017.01.04-20.02.21:811][  0]BlueprintLog: New page: Editor Load
[2017.01.04-20.02.22:632][  0]LocalizationService: Info Localization service is disabled
[2017.01.04-20.02.23:242][  0]LogConsoleResponse:Display: 
[2017.01.04-20.02.23:382][  0]LogCook:Display: Max memory allowance for cook 16384mb min free memory 0mb
[2017.01.04-20.02.23:382][  0]LogCook:Display: Mobile HDR setting 1
[2017.01.04-20.02.24:227][  0]LogFileCache: Scanning file cache for directory 'C:/Users/User/Desktop/NaughtsNCrosses/NaughtsNCrosses/Content/' took 0.01s
[2017.01.04-20.02.24:270][  0]SourceControl: Info Source control is disabled
[2017.01.04-20.02.24:270][  0]Cmd: MAP LOAD FILE="../../../../../../Users/User/Desktop/NaughtsNCrosses/NaughtsNCrosses/Content/Assets/Levels/GameLevel.umap" TEMPLATE=0 SHOWPROGRESS=1 FEATURELEVEL=3
[2017.01.04-20.02.24:272][  0]LightingResults: New page: Lighting Build
[2017.01.04-20.02.24:311][  0]MapCheck: New page: Map Check
[2017.01.04-20.02.24:311][  0]LightingResults: New page: Lighting Build
[2017.01.04-20.02.24:582][  0]LogAIModule: Creating AISystem for world GameLevel
[2017.01.04-20.02.24:601][  0]LogEditorServer: Finished looking for orphan Actors (0.000 secs)
[2017.01.04-20.02.24:601][  0]Cmd: MAP CHECKDEP NOCLEARLOG
[2017.01.04-20.02.24:640][  0]MapCheck: Info Map check complete: 0 Error(s), 0 Warning(s), took 38.207ms to complete.
[2017.01.04-20.02.24:640][  0]LogFileHelpers: Loading map 'GameLevel' took 0.370
[2017.01.04-20.02.24:922][  0]LogCrashTracker: Crashtracker disabled due to settings.
[2017.01.04-20.02.24:945][  0]LogCollectionManager: Loaded 0 collections in 0.001960 seconds
[2017.01.04-20.02.25:022][  0]LogFileCache: Scanning file cache for directory 'C:/Users/User/Desktop/NaughtsNCrosses/NaughtsNCrosses/Saved/Collections/' took 0.01s
[2017.01.04-20.02.25:022][  0]LogFileCache: Scanning file cache for directory 'C:/Users/User/Desktop/NaughtsNCrosses/NaughtsNCrosses/Content/Developers/User/Collections/' took 0.01s
[2017.01.04-20.02.25:022][  0]LogFileCache: Scanning file cache for directory 'C:/Users/User/Desktop/NaughtsNCrosses/NaughtsNCrosses/Content/Collections/' took 0.01s
[2017.01.04-20.02.25:022][  0]LogCollectionManager: Rebuilt the GUID cache for 0 collections in 0.000001 seconds
[2017.01.04-20.02.25:032][  0]LogContentBrowser: Native class hierarchy populated in 0.0093 seconds. Added 2191 classes and 430 folders.
[2017.01.04-20.02.25:071][  0]LogStats: UGameplayTagsManager::ConstructGameplayTagTree: Construct from data asset -  0.000 s
[2017.01.04-20.02.25:071][  0]LogStats: UGameplayTagsManager::ConstructGameplayTagTree: GameplayTagTreeChangedEvent.Broadcast -  0.000 s
[2017.01.04-20.02.25:072][  0]LogContentBrowser: Native class hierarchy updated for 'GameplayTags' in 0.0006 seconds. Added 13 classes and 0 folders.
[2017.01.04-20.02.25:129][  0]LogContentBrowser: Native class hierarchy updated for 'WidgetCarousel' in 0.0004 seconds. Added 0 classes and 0 folders.
[2017.01.04-20.02.26:284][  0]LogContentBrowser: Native class hierarchy updated for 'AddContentDialog' in 0.0005 seconds. Added 0 classes and 0 folders.
[2017.01.04-20.02.26:327][  0]LogUObjectGlobals:Warning: Failed to find object 'Class None.'
[2017.01.04-20.02.26:395][  0]LogContentBrowser: Native class hierarchy updated for 'HierarchicalLODOutliner' in 0.0008 seconds. Added 1 classes and 2 folders.
[2017.01.04-20.02.26:395][  0]LogLoad: (Engine Initialization) Total time: 17.60 seconds
[2017.01.04-20.02.26:395][  0]LogLoad: (Engine Initialization) Total Blueprint compile time: 0.10 seconds
[2017.01.04-20.02.26:395][  0]LogExternalProfiler: Found external profiler: VSPerf
[2017.01.04-20.02.26:395][  0]LogExternalProfiler: Using external profiler: VSPerf
[2017.01.04-20.02.26:734][  0]LogOcInput: OculusInput pre-init called
[2017.01.04-20.02.26:753][  0]LogContentStreaming: Texture pool size now 1000 MB
[2017.01.04-20.02.27:024][  0]LogRenderer: Reallocating scene render targets to support 1208x924 NumSamples 1 (Frame:2).
[2017.01.04-20.02.27:100][  1]LogAssetRegistry: Asset discovery search completed in 9.8114 seconds
[2017.01.04-20.02.27:100][  1]LogCollectionManager: Rebuilt the object cache for 0 collections in 0.000000 seconds (found 0 objects)
[2017.01.04-20.02.27:100][  1]LogCollectionManager: Fixed up redirectors for 0 collections in 0.000020 seconds (updated 0 objects)
[2017.01.04-20.15.16:781][310]LogTemp: Repeting last play command: Selected Viewport
[2017.01.04-20.15.16:793][310]LogPlayLevel: PlayLevel: No blueprints needed recompiling
[2017.01.04-20.15.16:794][310]PIE: New page: PIE session: GameLevel (4 Jan 2017 20:15:16)
[2017.01.04-20.15.16:794][310]LogPlayLevel: Creating play world package: /Game/Assets/Levels/UEDPIE_0_GameLevel
[2017.01.04-20.15.16:798][310]LogPlayLevel: PIE: StaticDuplicateObject took: (0.004463s)
[2017.01.04-20.15.16:799][310]LogAIModule: Creating AISystem for world GameLevel
[2017.01.04-20.15.16:799][310]LogPlayLevel: PIE: World Init took: (0.000813s)
[2017.01.04-20.15.16:799][310]LogPlayLevel: PIE: Created PIE world by copying editor world from /Game/Assets/Levels/GameLevel.GameLevel to /Game/Assets/Levels/UEDPIE_0_GameLevel.GameLevel (0.005555s)
[2017.01.04-20.15.16:841][310]LogInit: XAudio2 using 'Speakers (High Definition Audio Device)' : 2 channels at 44.1 kHz using 16 bits per sample (channel mask 0x3)
[2017.01.04-20.15.16:848][310]LogInit: FAudioDevice initialized.
[2017.01.04-20.15.17:270][310]LogLoad: Game class is 'BP_GameMode_C'
[2017.01.04-20.15.17:273][310]LogWorld: Bringing World /Game/Assets/Levels/UEDPIE_0_GameLevel.GameLevel up for play (max tick rate 0) at 2017.01.04-20.15.17
[2017.01.04-20.15.17:274][310]LogWorld: Bringing up level for play took: 0.001892
[2017.01.04-20.15.17:314][310]LogContentBrowser: Native class hierarchy updated for 'MovieSceneCapture' in 0.0006 seconds. Added 11 classes and 0 folders.
[2017.01.04-20.15.17:315][310]PIE: Info Play in editor start time for /Game/Assets/Levels/UEDPIE_0_GameLevel -0.402
[2017.01.04-20.15.30:007][818]LogScript:Warning: Accessed None trying to read property m_rightNode
	BP_GameBoard_C /Game/Assets/Levels/UEDPIE_0_GameLevel.GameLevel:PersistentLevel.BP_GameBoard
	Function /Game/Assets/Blueprints/BP_GameBoard.BP_GameBoard_C:ExecuteUbergraph_BP_GameBoard:091A
[2017.01.04-20.15.30:007][818]PIE:Error: Error Blueprint Runtime Error: Accessed None trying to read property m_rightNode from function: 'ExecuteUbergraph_BP_GameBoard' from node: CheckVictory in graph: EventGraph in object: BP_GameBoard with description: Accessed None trying to read property m_rightNode
[2017.01.04-20.15.31:285][870]LogScript:Warning: Accessed None trying to read property m_rightNode
	BP_GameBoard_C /Game/Assets/Levels/UEDPIE_0_GameLevel.GameLevel:PersistentLevel.BP_GameBoard
	Function /Game/Assets/Blueprints/BP_GameBoard.BP_GameBoard_C:ExecuteUbergraph_BP_GameBoard:091A
[2017.01.04-20.15.31:285][870]PIE:Error: Error Blueprint Runtime Error: Accessed None trying to read property m_rightNode from function: 'ExecuteUbergraph_BP_GameBoard' from node: CheckVictory in graph: EventGraph in object: BP_GameBoard with description: Accessed None trying to read property m_rightNode
[2017.01.04-20.15.34:856][ 15]LogScript:Warning: Accessed None trying to read property m_rightNode
	BP_GameBoard_C /Game/Assets/Levels/UEDPIE_0_GameLevel.GameLevel:PersistentLevel.BP_GameBoard
	Function /Game/Assets/Blueprints/BP_GameBoard.BP_GameBoard_C:ExecuteUbergraph_BP_GameBoard:0A63
[2017.01.04-20.15.34:856][ 15]PIE:Error: Error Blueprint Runtime Error: Accessed None trying to read property m_rightNode from function: 'ExecuteUbergraph_BP_GameBoard' from node: CheckVictory in graph: EventGraph in object: BP_GameBoard with description: Accessed None trying to read property m_rightNode
[2017.01.04-20.15.34:856][ 15]LogScript:Warning: Accessed None trying to read property m_rightNode
	BP_GameBoard_C /Game/Assets/Levels/UEDPIE_0_GameLevel.GameLevel:PersistentLevel.BP_GameBoard
	Function /Game/Assets/Blueprints/BP_GameBoard.BP_GameBoard_C:ExecuteUbergraph_BP_GameBoard:091A
[2017.01.04-20.15.34:856][ 15]PIE:Error: Error Blueprint Runtime Error: Accessed None trying to read property m_rightNode from function: 'ExecuteUbergraph_BP_GameBoard' from node: CheckVictory in graph: EventGraph in object: BP_GameBoard with description: Accessed None trying to read property m_rightNode
[2017.01.04-20.15.35:839][ 55]LogScript:Warning: Accessed None trying to read property m_rightNode
	BP_GameBoard_C /Game/Assets/Levels/UEDPIE_0_GameLevel.GameLevel:PersistentLevel.BP_GameBoard
	Function /Game/Assets/Blueprints/BP_GameBoard.BP_GameBoard_C:ExecuteUbergraph_BP_GameBoard:0A63
[2017.01.04-20.15.35:839][ 55]PIE:Error: Error Blueprint Runtime Error: Accessed None trying to read property m_rightNode from function: 'ExecuteUbergraph_BP_GameBoard' from node: CheckVictory in graph: EventGraph in object: BP_GameBoard with description: Accessed None trying to read property m_rightNode
[2017.01.04-20.15.35:839][ 55]LogScript:Warning: Accessed None trying to read property m_rightNode
	BP_GameBoard_C /Game/Assets/Levels/UEDPIE_0_GameLevel.GameLevel:PersistentLevel.BP_GameBoard
	Function /Game/Assets/Blueprints/BP_GameBoard.BP_GameBoard_C:ExecuteUbergraph_BP_GameBoard:091A
[2017.01.04-20.15.35:839][ 55]PIE:Error: Error Blueprint Runtime Error: Accessed None trying to read property m_rightNode from function: 'ExecuteUbergraph_BP_GameBoard' from node: CheckVictory in graph: EventGraph in object: BP_GameBoard with description: Accessed None trying to read property m_rightNode
[2017.01.04-20.15.39:213][192]LogScript:Warning: Accessed None trying to read property m_rightNode
	BP_GameBoard_C /Game/Assets/Levels/UEDPIE_0_GameLevel.GameLevel:PersistentLevel.BP_GameBoard
	Function /Game/Assets/Blueprints/BP_GameBoard.BP_GameBoard_C:ExecuteUbergraph_BP_GameBoard:0A63
[2017.01.04-20.15.39:213][192]PIE:Error: Error Blueprint Runtime Error: Accessed None trying to read property m_rightNode from function: 'ExecuteUbergraph_BP_GameBoard' from node: CheckVictory in graph: EventGraph in object: BP_GameBoard with description: Accessed None trying to read property m_rightNode
[2017.01.04-20.15.39:213][192]LogScript:Warning: Accessed None trying to read property m_rightNode
	BP_GameBoard_C /Game/Assets/Levels/UEDPIE_0_GameLevel.GameLevel:PersistentLevel.BP_GameBoard
	Function /Game/Assets/Blueprints/BP_GameBoard.BP_GameBoard_C:ExecuteUbergraph_BP_GameBoard:091A
[2017.01.04-20.15.39:213][192]PIE:Error: Error Blueprint Runtime Error: Accessed None trying to read property m_rightNode from function: 'ExecuteUbergraph_BP_GameBoard' from node: CheckVictory in graph: EventGraph in object: BP_GameBoard with description: Accessed None trying to read property m_rightNode
[2017.01.04-20.15.50:869][205]LogScriptCore:Warning: Script Msg: Attempted to access index 0 from array CallFunc_GetAllActorsOfClass_OutActors2 of length 0!
[2017.01.04-20.15.52:900][261]LogContentBrowser: Native class hierarchy updated for 'BlueprintGraph' in 0.0009 seconds. Added 111 classes and 0 folders.
[2017.01.04-20.15.53:609][261]LogScriptCore:Warning: Script Msg: Attempted to access index 0 from array CallFunc_GetAllActorsOfClass_OutActors2 of length 0!
[2017.01.04-20.18.26:818][338]LogFileHelpers: Editor autosave (incl. sublevels) for '/Game/Assets/Levels/GameLevel' took 0.025
[2017.01.04-20.18.26:820][338]OBJ SavePackage: Generating thumbnails for [1] asset(s) in package [/Game/Assets/Blueprints/BP_GameBoard] ([1] browsable assets)...
[2017.01.04-20.18.26:842][338]OBJ SavePackage:     Rendered thumbnail for [Blueprint /Game/Assets/Blueprints/BP_GameBoard.BP_GameBoard]
[2017.01.04-20.18.26:842][338]OBJ SavePackage: Finished generating thumbnails for package [/Game/Assets/Blueprints/BP_GameBoard]
[2017.01.04-20.18.26:901][338]LogSavePackage: Save=47.41ms
[2017.01.04-20.18.26:901][338]LogSavePackage: Moving '../../../../../../Users/User/Desktop/NaughtsNCrosses/NaughtsNCrosses/Saved/BP_GameBoard_Auto10E1EF6274C010FFD98CA9891B54CA3F9.tmp' to '../../../../../../Users/User/Desktop/NaughtsNCrosses/NaughtsNCrosses/Saved/Autosaves/Game/Assets/Blueprints/BP_GameBoard_Auto1.uasset'
[2017.01.04-20.18.26:902][338]LogSavePackage:Display: Finished SavePackage ../../../../../../Users/User/Desktop/NaughtsNCrosses/NaughtsNCrosses/Saved/Autosaves/Game/Assets/Blueprints/BP_GameBoard_Auto1.uasset
[2017.01.04-20.18.26:903][338]LogFileHelpers: Auto-saving content packages took 0.083
[2017.01.04-20.19.41:985][281]BlueprintLog: New page: Compile BP_GameBoard
[2017.01.04-20.19.42:119][281]LogScriptCore:Warning: Script Msg: Attempted to access index 0 from array CallFunc_GetAllActorsOfClass_OutActors2 of length 0!
[2017.01.04-20.19.42:120][281]LogScriptCore:Warning: Script Msg: Attempted to access index 0 from array CallFunc_GetAllActorsOfClass_OutActors2 of length 0!
[2017.01.04-20.21.06:512][350]Cmd: OBJ SAVEPACKAGE PACKAGE="/Game/Assets/Blueprints/BP_GameBoard" FILE="../../../../../../Users/User/Desktop/NaughtsNCrosses/NaughtsNCrosses/Content/Assets/Blueprints/BP_GameBoard.uasset" SILENT=true
[2017.01.04-20.21.06:601][350]LogSavePackage: Save=75.82ms
[2017.01.04-20.21.06:601][350]LogSavePackage: Moving '../../../../../../Users/User/Desktop/NaughtsNCrosses/NaughtsNCrosses/Saved/BP_GameBoard03A988284A1CAD07B4CF77B8D6327BD5.tmp' to '../../../../../../Users/User/Desktop/NaughtsNCrosses/NaughtsNCrosses/Content/Assets/Blueprints/BP_GameBoard.uasset'
[2017.01.04-20.21.06:604][350]LogSavePackage:Display: Finished SavePackage ../../../../../../Users/User/Desktop/NaughtsNCrosses/NaughtsNCrosses/Content/Assets/Blueprints/BP_GameBoard.uasset
[2017.01.04-20.22.06:343][464]BlueprintLog: New page: Compile BP_GameBoard
[2017.01.04-20.22.06:766][464]LogScriptCore:Warning: Script Msg: Attempted to access index 0 from array CallFunc_GetAllActorsOfClass_OutActors2 of length 0!
[2017.01.04-20.22.06:768][464]LogScriptCore:Warning: Script Msg: Attempted to access index 0 from array CallFunc_GetAllActorsOfClass_OutActors2 of length 0!
[2017.01.04-20.22.08:671][578]LogTemp: Repeting last play command: Selected Viewport
[2017.01.04-20.22.08:712][578]LogPlayLevel: PlayLevel: No blueprints needed recompiling
[2017.01.04-20.22.08:712][578]PIE: New page: PIE session: GameLevel (4 Jan 2017 20:22:08)
[2017.01.04-20.22.08:713][578]LogPlayLevel: Creating play world package: /Game/Assets/Levels/UEDPIE_0_GameLevel
[2017.01.04-20.22.08:728][578]LogPlayLevel: PIE: StaticDuplicateObject took: (0.014971s)
[2017.01.04-20.22.08:730][578]LogAIModule: Creating AISystem for world GameLevel
[2017.01.04-20.22.08:730][578]LogPlayLevel: PIE: World Init took: (0.002330s)
[2017.01.04-20.22.08:730][578]LogPlayLevel: PIE: Created PIE world by copying editor world from /Game/Assets/Levels/GameLevel.GameLevel to /Game/Assets/Levels/UEDPIE_0_GameLevel.GameLevel (0.017937s)
[2017.01.04-20.22.08:809][578]LogInit: XAudio2 using 'Speakers (High Definition Audio Device)' : 2 channels at 44.1 kHz using 16 bits per sample (channel mask 0x3)
[2017.01.04-20.22.08:833][578]LogInit: FAudioDevice initialized.
[2017.01.04-20.22.08:879][578]LogLoad: Game class is 'BP_GameMode_C'
[2017.01.04-20.22.08:888][578]LogWorld: Bringing World /Game/Assets/Levels/UEDPIE_0_GameLevel.GameLevel up for play (max tick rate 0) at 2017.01.04-20.22.08
[2017.01.04-20.22.08:889][578]LogWorld: Bringing up level for play took: 0.006014
[2017.01.04-20.22.08:893][578]PIE: Info Play in editor start time for /Game/Assets/Levels/UEDPIE_0_GameLevel 1.164
[2017.01.04-20.29.33:649][852]LogSavePackage: Save=39.10ms
[2017.01.04-20.29.33:649][852]LogSavePackage: Moving '../../../../../../Users/User/Desktop/NaughtsNCrosses/NaughtsNCrosses/Saved/GameLevel_Auto2697F3D3145D2C92A803418BCBE85364C.tmp' to '../../../../../../Users/User/Desktop/NaughtsNCrosses/NaughtsNCrosses/Saved/Autosaves/Game/Assets/Levels/GameLevel_Auto2.umap'
[2017.01.04-20.29.33:651][852]LogSavePackage:Display: Finished SavePackage ../../../../../../Users/User/Desktop/NaughtsNCrosses/NaughtsNCrosses/Saved/Autosaves/Game/Assets/Levels/GameLevel_Auto2.umap
[2017.01.04-20.29.33:653][852]LogFileHelpers: Editor autosave (incl. sublevels) for '/Game/Assets/Levels/GameLevel' took 0.088
[2017.01.04-20.29.33:653][852]LogFileHelpers: Editor autosave (incl. sublevels) for all levels took 0.088
[2017.01.04-20.29.33:695][852]OBJ SavePackage: Generating thumbnails for [1] asset(s) in package [/Game/Assets/Blueprints/BP_GameBoard] ([1] browsable assets)...
[2017.01.04-20.29.33:730][852]OBJ SavePackage:     Rendered thumbnail for [Blueprint /Game/Assets/Blueprints/BP_GameBoard.BP_GameBoard]
[2017.01.04-20.29.33:730][852]OBJ SavePackage: Finished generating thumbnails for package [/Game/Assets/Blueprints/BP_GameBoard]
[2017.01.04-20.29.33:789][852]LogSavePackage: Save=51.03ms
[2017.01.04-20.29.33:789][852]LogSavePackage: Moving '../../../../../../Users/User/Desktop/NaughtsNCrosses/NaughtsNCrosses/Saved/BP_GameBoard_Auto25C810C8544CB90C441F483BA9841C79B.tmp' to '../../../../../../Users/User/Desktop/NaughtsNCrosses/NaughtsNCrosses/Saved/Autosaves/Game/Assets/Blueprints/BP_GameBoard_Auto2.uasset'
[2017.01.04-20.29.33:792][852]LogSavePackage:Display: Finished SavePackage ../../../../../../Users/User/Desktop/NaughtsNCrosses/NaughtsNCrosses/Saved/Autosaves/Game/Assets/Blueprints/BP_GameBoard_Auto2.uasset
[2017.01.04-20.29.33:792][852]LogFileHelpers: Auto-saving content packages took 0.097
[2017.01.04-20.39.31:869][825]LogSavePackage: Save=65.72ms
[2017.01.04-20.39.31:869][825]LogSavePackage: Moving '../../../../../../Users/User/Desktop/NaughtsNCrosses/NaughtsNCrosses/Saved/GameLevel_Auto3DE436D9D44A6180594B714A1F634346B.tmp' to '../../../../../../Users/User/Desktop/NaughtsNCrosses/NaughtsNCrosses/Saved/Autosaves/Game/Assets/Levels/GameLevel_Auto3.umap'
[2017.01.04-20.39.31:872][825]LogSavePackage:Display: Finished SavePackage ../../../../../../Users/User/Desktop/NaughtsNCrosses/NaughtsNCrosses/Saved/Autosaves/Game/Assets/Levels/GameLevel_Auto3.umap
[2017.01.04-20.39.31:875][825]LogFileHelpers: Editor autosave (incl. sublevels) for '/Game/Assets/Levels/GameLevel' took 0.136
[2017.01.04-20.39.31:875][825]LogFileHelpers: Editor autosave (incl. sublevels) for all levels took 0.136
[2017.01.04-20.39.31:919][825]OBJ SavePackage: Generating thumbnails for [1] asset(s) in package [/Game/Assets/Blueprints/BP_GameBoard] ([1] browsable assets)...
[2017.01.04-20.39.31:960][825]OBJ SavePackage:     Rendered thumbnail for [Blueprint /Game/Assets/Blueprints/BP_GameBoard.BP_GameBoard]
[2017.01.04-20.39.31:960][825]OBJ SavePackage: Finished generating thumbnails for package [/Game/Assets/Blueprints/BP_GameBoard]
[2017.01.04-20.39.32:052][825]LogSavePackage: Save=79.61ms
[2017.01.04-20.39.32:052][825]LogSavePackage: Moving '../../../../../../Users/User/Desktop/NaughtsNCrosses/NaughtsNCrosses/Saved/BP_GameBoard_Auto37F78054F4DD1D228F72FDFB30C77BE23.tmp' to '../../../../../../Users/User/Desktop/NaughtsNCrosses/NaughtsNCrosses/Saved/Autosaves/Game/Assets/Blueprints/BP_GameBoard_Auto3.uasset'
[2017.01.04-20.39.32:060][825]LogSavePackage:Display: Finished SavePackage ../../../../../../Users/User/Desktop/NaughtsNCrosses/NaughtsNCrosses/Saved/Autosaves/Game/Assets/Blueprints/BP_GameBoard_Auto3.uasset
[2017.01.04-20.39.32:060][825]LogFileHelpers: Auto-saving content packages took 0.142
[2017.01.04-20.49.32:382][127]LogFileHelpers: Editor autosave (incl. sublevels) for '/Game/Assets/Levels/GameLevel' took 0.024
[2017.01.04-20.49.32:383][127]OBJ SavePackage: Generating thumbnails for [0] asset(s) in package [/Game/Assets/Blueprints/BP_GameBoard] ([1] browsable assets)...
[2017.01.04-20.49.32:383][127]OBJ SavePackage: Finished generating thumbnails for package [/Game/Assets/Blueprints/BP_GameBoard]
[2017.01.04-20.49.32:461][127]LogSavePackage: Save=54.00ms
[2017.01.04-20.49.32:461][127]LogSavePackage: Moving '../../../../../../Users/User/Desktop/NaughtsNCrosses/NaughtsNCrosses/Saved/BP_GameBoard_Auto4A305DC4544F0645BCBC91AB356A70B28.tmp' to '../../../../../../Users/User/Desktop/NaughtsNCrosses/NaughtsNCrosses/Saved/Autosaves/Game/Assets/Blueprints/BP_GameBoard_Auto4.uasset'
[2017.01.04-20.49.32:463][127]LogSavePackage:Display: Finished SavePackage ../../../../../../Users/User/Desktop/NaughtsNCrosses/NaughtsNCrosses/Saved/Autosaves/Game/Assets/Blueprints/BP_GameBoard_Auto4.uasset
[2017.01.04-20.49.32:463][127]LogFileHelpers: Auto-saving content packages took 0.080
[2017.01.04-21.00.02:558][867]LogSavePackage: Save=168.09ms
[2017.01.04-21.00.02:558][867]LogSavePackage: Moving '../../../../../../Users/User/Desktop/NaughtsNCrosses/NaughtsNCrosses/Saved/GameLevel_Auto52DCC11584FEAFF1D0938C4BED8B0D06F.tmp' to '../../../../../../Users/User/Desktop/NaughtsNCrosses/NaughtsNCrosses/Saved/Autosaves/Game/Assets/Levels/GameLevel_Auto5.umap'
[2017.01.04-21.00.02:564][867]LogSavePackage:Display: Finished SavePackage ../../../../../../Users/User/Desktop/NaughtsNCrosses/NaughtsNCrosses/Saved/Autosaves/Game/Assets/Levels/GameLevel_Auto5.umap
[2017.01.04-21.00.02:570][867]LogFileHelpers: Editor autosave (incl. sublevels) for '/Game/Assets/Levels/GameLevel' took 0.333
[2017.01.04-21.00.02:570][867]LogFileHelpers: Editor autosave (incl. sublevels) for all levels took 0.333
[2017.01.04-21.00.02:577][867]OBJ SavePackage: Generating thumbnails for [1] asset(s) in package [/Game/Assets/Blueprints/BP_GameBoard] ([1] browsable assets)...
[2017.01.04-21.00.02:643][867]OBJ SavePackage:     Rendered thumbnail for [Blueprint /Game/Assets/Blueprints/BP_GameBoard.BP_GameBoard]
[2017.01.04-21.00.02:643][867]OBJ SavePackage: Finished generating thumbnails for package [/Game/Assets/Blueprints/BP_GameBoard]
[2017.01.04-21.00.02:896][867]LogSavePackage: Save=224.17ms
[2017.01.04-21.00.02:896][867]LogSavePackage: Moving '../../../../../../Users/User/Desktop/NaughtsNCrosses/NaughtsNCrosses/Saved/BP_GameBoard_Auto56A118332471319280CBFB9A5DEF2A697.tmp' to '../../../../../../Users/User/Desktop/NaughtsNCrosses/NaughtsNCrosses/Saved/Autosaves/Game/Assets/Blueprints/BP_GameBoard_Auto5.uasset'
[2017.01.04-21.00.02:905][867]LogSavePackage:Display: Finished SavePackage ../../../../../../Users/User/Desktop/NaughtsNCrosses/NaughtsNCrosses/Saved/Autosaves/Game/Assets/Blueprints/BP_GameBoard_Auto5.uasset
[2017.01.04-21.00.02:905][867]LogFileHelpers: Auto-saving content packages took 0.331
[2017.01.04-21.10.01:366][622]LogSavePackage: Save=164.69ms
[2017.01.04-21.10.01:366][622]LogSavePackage: Moving '../../../../../../Users/User/Desktop/NaughtsNCrosses/NaughtsNCrosses/Saved/GameLevel_Auto60E997A964DBE04F5472685903F71EE57.tmp' to '../../../../../../Users/User/Desktop/NaughtsNCrosses/NaughtsNCrosses/Saved/Autosaves/Game/Assets/Levels/GameLevel_Auto6.umap'
[2017.01.04-21.10.01:370][622]LogSavePackage:Display: Finished SavePackage ../../../../../../Users/User/Desktop/NaughtsNCrosses/NaughtsNCrosses/Saved/Autosaves/Game/Assets/Levels/GameLevel_Auto6.umap
[2017.01.04-21.10.01:375][622]LogFileHelpers: Editor autosave (incl. sublevels) for '/Game/Assets/Levels/GameLevel' took 0.330
[2017.01.04-21.10.01:375][622]LogFileHelpers: Editor autosave (incl. sublevels) for all levels took 0.330
[2017.01.04-21.10.01:380][622]OBJ SavePackage: Generating thumbnails for [1] asset(s) in package [/Game/Assets/Blueprints/BP_GameBoard] ([1] browsable assets)...
[2017.01.04-21.10.01:443][622]OBJ SavePackage:     Rendered thumbnail for [Blueprint /Game/Assets/Blueprints/BP_GameBoard.BP_GameBoard]
[2017.01.04-21.10.01:443][622]OBJ SavePackage: Finished generating thumbnails for package [/Game/Assets/Blueprints/BP_GameBoard]
[2017.01.04-21.10.01:710][622]LogSavePackage: Save=237.44ms
[2017.01.04-21.10.01:710][622]LogSavePackage: Moving '../../../../../../Users/User/Desktop/NaughtsNCrosses/NaughtsNCrosses/Saved/BP_GameBoard_Auto6BA8065CE40C89815117251857EEF8727.tmp' to '../../../../../../Users/User/Desktop/NaughtsNCrosses/NaughtsNCrosses/Saved/Autosaves/Game/Assets/Blueprints/BP_GameBoard_Auto6.uasset'
[2017.01.04-21.10.01:718][622]LogSavePackage:Display: Finished SavePackage ../../../../../../Users/User/Desktop/NaughtsNCrosses/NaughtsNCrosses/Saved/Autosaves/Game/Assets/Blueprints/BP_GameBoard_Auto6.uasset
[2017.01.04-21.10.01:718][622]LogFileHelpers: Auto-saving content packages took 0.341
[2017.01.04-21.17.41:780][436]BlueprintLog: New page: Compile BP_GameBoard
[2017.01.04-21.17.42:331][436]LogScriptCore:Warning: Script Msg: Attempted to access index 0 from array CallFunc_GetAllActorsOfClass_OutActors2 of length 0!
[2017.01.04-21.17.42:334][436]LogScriptCore:Warning: Script Msg: Attempted to access index 0 from array CallFunc_GetAllActorsOfClass_OutActors2 of length 0!
[2017.01.04-21.20.02:418][993]LogSavePackage: Save=183.32ms
[2017.01.04-21.20.02:418][993]LogSavePackage: Moving '../../../../../../Users/User/Desktop/NaughtsNCrosses/NaughtsNCrosses/Saved/GameLevel_Auto7DB9888B142FD90CED7C5C8AECEE882FA.tmp' to '../../../../../../Users/User/Desktop/NaughtsNCrosses/NaughtsNCrosses/Saved/Autosaves/Game/Assets/Levels/GameLevel_Auto7.umap'
[2017.01.04-21.20.02:424][993]LogSavePackage:Display: Finished SavePackage ../../../../../../Users/User/Desktop/NaughtsNCrosses/NaughtsNCrosses/Saved/Autosaves/Game/Assets/Levels/GameLevel_Auto7.umap
[2017.01.04-21.20.02:429][993]LogFileHelpers: Editor autosave (incl. sublevels) for '/Game/Assets/Levels/GameLevel' took 0.362
[2017.01.04-21.20.02:429][993]LogFileHelpers: Editor autosave (incl. sublevels) for all levels took 0.362
[2017.01.04-21.20.02:438][993]OBJ SavePackage: Generating thumbnails for [1] asset(s) in package [/Game/Assets/Blueprints/BP_GameBoard] ([1] browsable assets)...
[2017.01.04-21.20.02:512][993]OBJ SavePackage:     Rendered thumbnail for [Blueprint /Game/Assets/Blueprints/BP_GameBoard.BP_GameBoard]
[2017.01.04-21.20.02:512][993]OBJ SavePackage: Finished generating thumbnails for package [/Game/Assets/Blueprints/BP_GameBoard]
[2017.01.04-21.20.02:790][993]LogSavePackage: Save=243.61ms
[2017.01.04-21.20.02:790][993]LogSavePackage: Moving '../../../../../../Users/User/Desktop/NaughtsNCrosses/NaughtsNCrosses/Saved/BP_GameBoard_Auto70D4A4F524A9FED8F8E2370A72FD1A742.tmp' to '../../../../../../Users/User/Desktop/NaughtsNCrosses/NaughtsNCrosses/Saved/Autosaves/Game/Assets/Blueprints/BP_GameBoard_Auto7.uasset'
[2017.01.04-21.20.02:796][993]LogSavePackage:Display: Finished SavePackage ../../../../../../Users/User/Desktop/NaughtsNCrosses/NaughtsNCrosses/Saved/Autosaves/Game/Assets/Blueprints/BP_GameBoard_Auto7.uasset
[2017.01.04-21.20.02:796][993]LogFileHelpers: Auto-saving content packages took 0.362
[2017.01.04-21.26.42:588][805]BlueprintLog: New page: Compile BP_GameBoard
[2017.01.04-21.26.43:087][805]LogScriptCore:Warning: Script Msg: Attempted to access index 0 from array CallFunc_GetAllActorsOfClass_OutActors2 of length 0!
[2017.01.04-21.26.43:090][805]LogScriptCore:Warning: Script Msg: Attempted to access index 0 from array CallFunc_GetAllActorsOfClass_OutActors2 of length 0!
[2017.01.04-21.26.45:841][918]Cmd: OBJ SAVEPACKAGE PACKAGE="/Game/Assets/Blueprints/BP_GameBoard" FILE="../../../../../../Users/User/Desktop/NaughtsNCrosses/NaughtsNCrosses/Content/Assets/Blueprints/BP_GameBoard.uasset" SILENT=true
[2017.01.04-21.26.46:133][918]LogSavePackage: Save=260.93ms
[2017.01.04-21.26.46:133][918]LogSavePackage: Moving '../../../../../../Users/User/Desktop/NaughtsNCrosses/NaughtsNCrosses/Saved/BP_GameBoardE186E4D049DE1A5F601F459D3471C6B4.tmp' to '../../../../../../Users/User/Desktop/NaughtsNCrosses/NaughtsNCrosses/Content/Assets/Blueprints/BP_GameBoard.uasset'
[2017.01.04-21.26.46:150][918]LogSavePackage:Display: Finished SavePackage ../../../../../../Users/User/Desktop/NaughtsNCrosses/NaughtsNCrosses/Content/Assets/Blueprints/BP_GameBoard.uasset
[2017.01.04-21.26.54:351][549]LogTemp: Repeting last play command: Selected Viewport
[2017.01.04-21.26.54:394][549]LogPlayLevel: PlayLevel: No blueprints needed recompiling
[2017.01.04-21.26.54:394][549]PIE: New page: PIE session: GameLevel (4 Jan 2017 21:26:54)
[2017.01.04-21.26.54:395][549]LogPlayLevel: Creating play world package: /Game/Assets/Levels/UEDPIE_0_GameLevel
[2017.01.04-21.26.54:415][549]LogPlayLevel: PIE: StaticDuplicateObject took: (0.020184s)
[2017.01.04-21.26.54:417][549]LogAIModule: Creating AISystem for world GameLevel
[2017.01.04-21.26.54:418][549]LogPlayLevel: PIE: World Init took: (0.002816s)
[2017.01.04-21.26.54:419][549]LogPlayLevel: PIE: Created PIE world by copying editor world from /Game/Assets/Levels/GameLevel.GameLevel to /Game/Assets/Levels/UEDPIE_0_GameLevel.GameLevel (0.023894s)
[2017.01.04-21.26.54:481][549]LogInit: XAudio2 using 'Speakers (High Definition Audio Device)' : 2 channels at 44.1 kHz using 16 bits per sample (channel mask 0x3)
[2017.01.04-21.26.54:510][549]LogInit: FAudioDevice initialized.
[2017.01.04-21.26.54:565][549]LogLoad: Game class is 'BP_GameMode_C'
[2017.01.04-21.26.54:573][549]LogWorld: Bringing World /Game/Assets/Levels/UEDPIE_0_GameLevel.GameLevel up for play (max tick rate 0) at 2017.01.04-21.26.54
[2017.01.04-21.26.54:574][549]LogWorld: Bringing up level for play took: 0.005619
[2017.01.04-21.26.54:578][549]PIE: Info Play in editor start time for /Game/Assets/Levels/UEDPIE_0_GameLevel 0.774
[2017.01.04-21.30.29:624][157]LogSavePackage: Save=45.64ms
[2017.01.04-21.30.29:624][157]LogSavePackage: Moving '../../../../../../Users/User/Desktop/NaughtsNCrosses/NaughtsNCrosses/Saved/GameLevel_Auto891963F7240AF84DAA19DC3A12C1F7754.tmp' to '../../../../../../Users/User/Desktop/NaughtsNCrosses/NaughtsNCrosses/Saved/Autosaves/Game/Assets/Levels/GameLevel_Auto8.umap'
[2017.01.04-21.30.29:626][157]LogSavePackage:Display: Finished SavePackage ../../../../../../Users/User/Desktop/NaughtsNCrosses/NaughtsNCrosses/Saved/Autosaves/Game/Assets/Levels/GameLevel_Auto8.umap
[2017.01.04-21.30.29:627][157]LogFileHelpers: Editor autosave (incl. sublevels) for '/Game/Assets/Levels/GameLevel' took 0.093
[2017.01.04-21.30.29:627][157]LogFileHelpers: Editor autosave (incl. sublevels) for all levels took 0.093
[2017.01.04-21.30.29:671][157]OBJ SavePackage: Generating thumbnails for [0] asset(s) in package [/Game/Assets/Blueprints/BP_GameBoard] ([1] browsable assets)...
[2017.01.04-21.30.29:671][157]OBJ SavePackage: Finished generating thumbnails for package [/Game/Assets/Blueprints/BP_GameBoard]
[2017.01.04-21.30.29:728][157]LogSavePackage: Save=49.58ms
[2017.01.04-21.30.29:728][157]LogSavePackage: Moving '../../../../../../Users/User/Desktop/NaughtsNCrosses/NaughtsNCrosses/Saved/BP_GameBoard_Auto808681A9543CEB315F0E6B8B009ACA6BE.tmp' to '../../../../../../Users/User/Desktop/NaughtsNCrosses/NaughtsNCrosses/Saved/Autosaves/Game/Assets/Blueprints/BP_GameBoard_Auto8.uasset'
[2017.01.04-21.30.29:731][157]LogSavePackage:Display: Finished SavePackage ../../../../../../Users/User/Desktop/NaughtsNCrosses/NaughtsNCrosses/Saved/Autosaves/Game/Assets/Blueprints/BP_GameBoard_Auto8.uasset
[2017.01.04-21.30.29:731][157]LogFileHelpers: Auto-saving content packages took 0.061
[2017.01.04-21.32.56:943][141]BlueprintLog: New page: Compile BP_GameBoard
[2017.01.04-21.32.57:487][141]LogScriptCore:Warning: Script Msg: Attempted to access index 0 from array CallFunc_GetAllActorsOfClass_OutActors2 of length 0!
[2017.01.04-21.32.57:489][141]LogScriptCore:Warning: Script Msg: Attempted to access index 0 from array CallFunc_GetAllActorsOfClass_OutActors2 of length 0!
[2017.01.04-21.32.59:232][233]LogTemp: Repeting last play command: Selected Viewport
[2017.01.04-21.32.59:282][233]LogPlayLevel: PlayLevel: No blueprints needed recompiling
[2017.01.04-21.32.59:282][233]PIE: New page: PIE session: GameLevel (4 Jan 2017 21:32:59)
[2017.01.04-21.32.59:283][233]LogPlayLevel: Creating play world package: /Game/Assets/Levels/UEDPIE_0_GameLevel
[2017.01.04-21.32.59:301][233]LogPlayLevel: PIE: StaticDuplicateObject took: (0.018513s)
[2017.01.04-21.32.59:304][233]LogAIModule: Creating AISystem for world GameLevel
[2017.01.04-21.32.59:304][233]LogPlayLevel: PIE: World Init took: (0.002787s)
[2017.01.04-21.32.59:305][233]LogPlayLevel: PIE: Created PIE world by copying editor world from /Game/Assets/Levels/GameLevel.GameLevel to /Game/Assets/Levels/UEDPIE_0_GameLevel.GameLevel (0.022343s)
[2017.01.04-21.32.59:387][233]LogInit: XAudio2 using 'Speakers (High Definition Audio Device)' : 2 channels at 44.1 kHz using 16 bits per sample (channel mask 0x3)
[2017.01.04-21.32.59:413][233]LogInit: FAudioDevice initialized.
[2017.01.04-21.32.59:465][233]LogLoad: Game class is 'BP_GameMode_C'
[2017.01.04-21.32.59:475][233]LogWorld: Bringing World /Game/Assets/Levels/UEDPIE_0_GameLevel.GameLevel up for play (max tick rate 0) at 2017.01.04-21.32.59
[2017.01.04-21.32.59:476][233]LogWorld: Bringing up level for play took: 0.006127
[2017.01.04-21.32.59:481][233]PIE: Info Play in editor start time for /Game/Assets/Levels/UEDPIE_0_GameLevel -0.33
[2017.01.04-21.33.10:677][626]Cmd: OBJ SAVEPACKAGE PACKAGE="/Game/Assets/Blueprints/BP_GameBoard" FILE="../../../../../../Users/User/Desktop/NaughtsNCrosses/NaughtsNCrosses/Content/Assets/Blueprints/BP_GameBoard.uasset" SILENT=true
[2017.01.04-21.33.10:941][626]LogSavePackage: Save=229.31ms
[2017.01.04-21.33.10:941][626]LogSavePackage: Moving '../../../../../../Users/User/Desktop/NaughtsNCrosses/NaughtsNCrosses/Saved/BP_GameBoard8CC6F4DC4F0F2A766BC0CF8766CC94DD.tmp' to '../../../../../../Users/User/Desktop/NaughtsNCrosses/NaughtsNCrosses/Content/Assets/Blueprints/BP_GameBoard.uasset'
[2017.01.04-21.33.10:950][626]LogSavePackage:Display: Finished SavePackage ../../../../../../Users/User/Desktop/NaughtsNCrosses/NaughtsNCrosses/Content/Assets/Blueprints/BP_GameBoard.uasset
[2017.01.04-21.39.25:091][763]BlueprintLog: New page: Compile BP_GameBoard
[2017.01.04-21.39.25:618][763]LogScriptCore:Warning: Script Msg: Attempted to access index 0 from array CallFunc_GetAllActorsOfClass_OutActors2 of length 0!
[2017.01.04-21.39.25:621][763]LogScriptCore:Warning: Script Msg: Attempted to access index 0 from array CallFunc_GetAllActorsOfClass_OutActors2 of length 0!
[2017.01.04-21.39.28:143][884]LogTemp: Repeting last play command: Selected Viewport
[2017.01.04-21.39.28:187][884]LogPlayLevel: PlayLevel: No blueprints needed recompiling
[2017.01.04-21.39.28:188][884]PIE: New page: PIE session: GameLevel (4 Jan 2017 21:39:28)
[2017.01.04-21.39.28:188][884]LogPlayLevel: Creating play world package: /Game/Assets/Levels/UEDPIE_0_GameLevel
[2017.01.04-21.39.28:207][884]LogPlayLevel: PIE: StaticDuplicateObject took: (0.018859s)
[2017.01.04-21.39.28:209][884]LogAIModule: Creating AISystem for world GameLevel
[2017.01.04-21.39.28:210][884]LogPlayLevel: PIE: World Init took: (0.002180s)
[2017.01.04-21.39.28:210][884]LogPlayLevel: PIE: Created PIE world by copying editor world from /Game/Assets/Levels/GameLevel.GameLevel to /Game/Assets/Levels/UEDPIE_0_GameLevel.GameLevel (0.021741s)
[2017.01.04-21.39.28:273][884]LogInit: XAudio2 using 'Speakers (High Definition Audio Device)' : 2 channels at 44.1 kHz using 16 bits per sample (channel mask 0x3)
[2017.01.04-21.39.28:295][884]LogInit: FAudioDevice initialized.
[2017.01.04-21.39.28:395][884]LogLoad: Game class is 'BP_GameMode_C'
[2017.01.04-21.39.28:405][884]LogWorld: Bringing World /Game/Assets/Levels/UEDPIE_0_GameLevel.GameLevel up for play (max tick rate 0) at 2017.01.04-21.39.28
[2017.01.04-21.39.28:406][884]LogWorld: Bringing up level for play took: 0.007388
[2017.01.04-21.39.28:410][884]PIE: Info Play in editor start time for /Game/Assets/Levels/UEDPIE_0_GameLevel 0.589
[2017.01.04-21.41.48:203][186]LogSavePackage: Save=199.72ms
[2017.01.04-21.41.48:204][186]LogSavePackage: Moving '../../../../../../Users/User/Desktop/NaughtsNCrosses/NaughtsNCrosses/Saved/GameLevel_Auto9377C106A41E3E045D969B8B5EE8C9EE8.tmp' to '../../../../../../Users/User/Desktop/NaughtsNCrosses/NaughtsNCrosses/Saved/Autosaves/Game/Assets/Levels/GameLevel_Auto9.umap'
[2017.01.04-21.41.48:208][186]LogSavePackage:Display: Finished SavePackage ../../../../../../Users/User/Desktop/NaughtsNCrosses/NaughtsNCrosses/Saved/Autosaves/Game/Assets/Levels/GameLevel_Auto9.umap
[2017.01.04-21.41.48:214][186]LogFileHelpers: Editor autosave (incl. sublevels) for '/Game/Assets/Levels/GameLevel' took 0.366
[2017.01.04-21.41.48:214][186]LogFileHelpers: Editor autosave (incl. sublevels) for all levels took 0.366
[2017.01.04-21.41.48:282][186]OBJ SavePackage: Generating thumbnails for [1] asset(s) in package [/Game/Assets/Blueprints/BP_GameBoard] ([1] browsable assets)...
[2017.01.04-21.41.48:354][186]OBJ SavePackage:     Rendered thumbnail for [Blueprint /Game/Assets/Blueprints/BP_GameBoard.BP_GameBoard]
[2017.01.04-21.41.48:354][186]OBJ SavePackage: Finished generating thumbnails for package [/Game/Assets/Blueprints/BP_GameBoard]
[2017.01.04-21.41.48:637][186]LogSavePackage: Save=251.84ms
[2017.01.04-21.41.48:637][186]LogSavePackage: Moving '../../../../../../Users/User/Desktop/NaughtsNCrosses/NaughtsNCrosses/Saved/BP_GameBoard_Auto95AD629D1428798110EE4638E2FDB354D.tmp' to '../../../../../../Users/User/Desktop/NaughtsNCrosses/NaughtsNCrosses/Saved/Autosaves/Game/Assets/Blueprints/BP_GameBoard_Auto9.uasset'
[2017.01.04-21.41.48:644][186]LogSavePackage:Display: Finished SavePackage ../../../../../../Users/User/Desktop/NaughtsNCrosses/NaughtsNCrosses/Saved/Autosaves/Game/Assets/Blueprints/BP_GameBoard_Auto9.uasset
[2017.01.04-21.41.48:644][186]LogFileHelpers: Auto-saving content packages took 0.365
[2017.01.04-21.43.36:522][326]LogTemp: Repeting last play command: Selected Viewport
[2017.01.04-21.43.36:566][326]LogPlayLevel: PlayLevel: No blueprints needed recompiling
[2017.01.04-21.43.36:566][326]PIE: New page: PIE session: GameLevel (4 Jan 2017 21:43:36)
[2017.01.04-21.43.36:567][326]LogPlayLevel: Creating play world package: /Game/Assets/Levels/UEDPIE_0_GameLevel
[2017.01.04-21.43.36:590][326]LogPlayLevel: PIE: StaticDuplicateObject took: (0.023584s)
[2017.01.04-21.43.36:593][326]LogAIModule: Creating AISystem for world GameLevel
[2017.01.04-21.43.36:593][326]LogPlayLevel: PIE: World Init took: (0.002908s)
[2017.01.04-21.43.36:594][326]LogPlayLevel: PIE: Created PIE world by copying editor world from /Game/Assets/Levels/GameLevel.GameLevel to /Game/Assets/Levels/UEDPIE_0_GameLevel.GameLevel (0.027312s)
[2017.01.04-21.43.36:661][326]LogInit: XAudio2 using 'Speakers (High Definition Audio Device)' : 2 channels at 44.1 kHz using 16 bits per sample (channel mask 0x3)
[2017.01.04-21.43.36:686][326]LogInit: FAudioDevice initialized.
[2017.01.04-21.43.36:736][326]LogLoad: Game class is 'BP_GameMode_C'
[2017.01.04-21.43.36:746][326]LogWorld: Bringing World /Game/Assets/Levels/UEDPIE_0_GameLevel.GameLevel up for play (max tick rate 0) at 2017.01.04-21.43.36
[2017.01.04-21.43.36:747][326]LogWorld: Bringing up level for play took: 0.007316
[2017.01.04-21.43.36:752][326]PIE: Info Play in editor start time for /Game/Assets/Levels/UEDPIE_0_GameLevel 0.931
[2017.01.04-21.50.53:310][ 23]Cmd: OBJ SAVEPACKAGE PACKAGE="/Game/Assets/Blueprints/BP_GameBoard" FILE="../../../../../../Users/User/Desktop/NaughtsNCrosses/NaughtsNCrosses/Content/Assets/Blueprints/BP_GameBoard.uasset" SILENT=true
[2017.01.04-21.50.53:377][ 23]LogSavePackage: Save=49.11ms
[2017.01.04-21.50.53:377][ 23]LogSavePackage: Moving '../../../../../../Users/User/Desktop/NaughtsNCrosses/NaughtsNCrosses/Saved/BP_GameBoard8203E1174BB06EA059B10086BF0387B6.tmp' to '../../../../../../Users/User/Desktop/NaughtsNCrosses/NaughtsNCrosses/Content/Assets/Blueprints/BP_GameBoard.uasset'
[2017.01.04-21.50.53:379][ 23]LogSavePackage:Display: Finished SavePackage ../../../../../../Users/User/Desktop/NaughtsNCrosses/NaughtsNCrosses/Content/Assets/Blueprints/BP_GameBoard.uasset
[2017.01.04-21.50.53:488][ 23]LogSavePackage: Save=35.35ms
[2017.01.04-21.50.53:488][ 23]LogSavePackage: Moving '../../../../../../Users/User/Desktop/NaughtsNCrosses/NaughtsNCrosses/Saved/GameLevel7C78A2944A38D311E6F66BB66E330100.tmp' to '../../../../../../Users/User/Desktop/NaughtsNCrosses/NaughtsNCrosses/Content/Assets/Levels/GameLevel.umap'
[2017.01.04-21.50.53:490][ 23]LogSavePackage:Display: Finished SavePackage ../../../../../../Users/User/Desktop/NaughtsNCrosses/NaughtsNCrosses/Content/Assets/Levels/GameLevel.umap
[2017.01.04-21.50.53:509][ 23]LogFileHelpers: Saving map 'GameLevel' took 0.126
[2017.01.04-21.50.53:679][ 23]LogActorComponent: UnregisterComponent: (/Engine/Transient.EditorFloorComp) Not registered. Aborting.
[2017.01.04-21.50.53:957][ 24]Cmd: QUIT_EDITOR
[2017.01.04-21.50.54:012][ 24]LogExit: Preparing to exit.
[2017.01.04-21.50.54:640][ 24]LogDirectoryWatcher: A directory notification failed for 'C:/Users/User/Desktop/NaughtsNCrosses/NaughtsNCrosses/Content/', and we were unable to create a new request.
[2017.01.04-21.50.54:672][ 24]LogExit: Editor shut down
[2017.01.04-21.50.54:672][ 24]LogExit: Transaction tracking system shut down
[2017.01.04-21.50.54:765][ 24]LogObj: Freed 0b from 0 cluster array pools.
[2017.01.04-21.50.54:766][ 24]LogExit: Object subsystem successfully closed.
[2017.01.04-21.50.54:779][ 24]LogD3D11RHI: Shutdown
[2017.01.04-21.50.54:779][ 24]LogD3D11RHI: CleanupD3DDevice
[2017.01.04-21.50.54:868][ 24]LogD3D11RHI: ~FD3D11DynamicRHI
[2017.01.04-21.50.54:880][ 24]LogHttp:Display: Http module shutting down, but needs to wait on 2 outstanding Http requests:
[2017.01.04-21.50.54:880][ 24]LogHttp:Display: 	verb=[POST] url=[https://datarouter.ol.epicgames.com/datarouter/api/v1/public/data?SessionID=%7B53296B99-4437-C62F-C12D-F1A8BDCE733D%7D&AppID=UEEditor.Rocket.Release&AppVersion=4.14.1-3224400%2B%2B%2BUE4%2BRelease-4.14&UserID=f06cb8564b71c70623abf59c48f4eb0f%7C969837ba78db4a5a8b4180254925176e%7C6da98324-19de-4fe4-954c-8b7a3a8ac982&AppEnvironment=datacollector-binary&UploadType=eteventstream] status=Processing
[2017.01.04-21.50.54:880][ 24]LogHttp:Display: 	verb=[POST] url=[https://datarouter.ol.epicgames.com/datarouter/api/v1/public/data?SessionID=%7B53296B99-4437-C62F-C12D-F1A8BDCE733D%7D&AppID=UEEditor.Rocket.Release&AppVersion=4.14.1-3224400%2B%2B%2BUE4%2BRelease-4.14&UserID=f06cb8564b71c70623abf59c48f4eb0f%7C969837ba78db4a5a8b4180254925176e%7C6da98324-19de-4fe4-954c-8b7a3a8ac982&AppEnvironment=datacollector-binary&UploadType=eteventstream] status=Processing
[2017.01.04-21.50.54:891][ 24]LogModuleManager: Shutting down and abandoning module BlueprintGraph (244)
[2017.01.04-21.50.54:891][ 24]LogModuleManager: Shutting down and abandoning module BlueprintProfiler (243)
[2017.01.04-21.50.54:891][ 24]LogModuleManager: Shutting down and abandoning module MovieSceneCapture (242)
[2017.01.04-21.50.54:891][ 24]LogModuleManager: Shutting down and abandoning module HierarchicalLODOutliner (241)
[2017.01.04-21.50.54:891][ 24]LogModuleManager: Shutting down and abandoning module WidgetCarousel (240)
[2017.01.04-21.50.54:891][ 24]LogModuleManager: Shutting down and abandoning module AddContentDialog (239)
[2017.01.04-21.50.54:891][ 24]LogDirectoryWatcher: A directory notification for 'C:/Program Files (x86)/Epic Games/4.14/FeaturePacks/' was aborted.
[2017.01.04-21.50.54:892][ 24]LogModuleManager: Shutting down and abandoning module GameplayTags (238)
[2017.01.04-21.50.54:892][ 24]LogModuleManager: Shutting down and abandoning module EditorWidgets (237)
[2017.01.04-21.50.54:892][ 24]LogModuleManager: Shutting down and abandoning module CollectionManager (236)
[2017.01.04-21.50.54:892][ 24]LogDirectoryWatcher: A directory notification for 'C:/Users/User/Desktop/NaughtsNCrosses/NaughtsNCrosses/Content/Collections/' was aborted.
[2017.01.04-21.50.54:892][ 24]LogDirectoryWatcher: A directory notification for 'C:/Users/User/Desktop/NaughtsNCrosses/NaughtsNCrosses/Content/Developers/User/Collections/' was aborted.
[2017.01.04-21.50.54:892][ 24]LogDirectoryWatcher: A directory notification for 'C:/Users/User/Desktop/NaughtsNCrosses/NaughtsNCrosses/Saved/Collections/' was aborted.
[2017.01.04-21.50.54:892][ 24]LogModuleManager: Shutting down and abandoning module CrashTracker (235)
[2017.01.04-21.50.54:892][ 24]LogModuleManager: Shutting down and abandoning module SceneOutliner (234)
[2017.01.04-21.50.54:892][ 24]LogModuleManager: Shutting down and abandoning module StatsViewer (233)
[2017.01.04-21.50.54:892][ 24]LogModuleManager: Shutting down and abandoning module FoliageEdit (232)
[2017.01.04-21.50.54:892][ 24]LogModuleManager: Shutting down and abandoning module LandscapeEditor (231)
[2017.01.04-21.50.54:892][ 24]LogModuleManager: Shutting down and abandoning module SceneDepthPickerMode (230)
[2017.01.04-21.50.54:892][ 24]LogModuleManager: Shutting down and abandoning module ActorPickerMode (229)
[2017.01.04-21.50.54:892][ 24]LogModuleManager: Shutting down and abandoning module GeometryMode (228)
[2017.01.04-21.50.54:892][ 24]LogModuleManager: Shutting down and abandoning module TextureAlignMode (227)
[2017.01.04-21.50.54:892][ 24]LogModuleManager: Shutting down and abandoning module BspMode (226)
[2017.01.04-21.50.54:893][ 24]LogModuleManager: Shutting down and abandoning module HardwareSurvey (225)
[2017.01.04-21.50.54:893][ 24]LogModuleManager: Shutting down and abandoning module SequenceRecorderSections (224)
[2017.01.04-21.50.54:893][ 24]LogModuleManager: Shutting down and abandoning module AutomationWorker (223)
[2017.01.04-21.50.54:893][ 24]LogModuleManager: Shutting down and abandoning module MatineeToLevelSequence (222)
[2017.01.04-21.50.54:893][ 24]LogModuleManager: Shutting down and abandoning module PlacementMode (221)
[2017.01.04-21.50.54:893][ 24]LogModuleManager: Shutting down and abandoning module LevelSequenceEditor (220)
[2017.01.04-21.50.54:893][ 24]LogModuleManager: Shutting down and abandoning module WmfMediaFactory (219)
[2017.01.04-21.50.54:893][ 24]LogModuleManager: Shutting down and abandoning module WmfMediaEditor (218)
[2017.01.04-21.50.54:893][ 24]LogModuleManager: Shutting down and abandoning module AvfMediaFactory (217)
[2017.01.04-21.50.54:893][ 24]LogModuleManager: Shutting down and abandoning module AvfMediaEditor (216)
[2017.01.04-21.50.54:893][ 24]LogModuleManager: Shutting down and abandoning module Media (215)
[2017.01.04-21.50.54:893][ 24]LogModuleManager: Shutting down and abandoning module AndroidMediaFactory (214)
[2017.01.04-21.50.54:893][ 24]LogModuleManager: Shutting down and abandoning module AndroidMediaEditor (213)
[2017.01.04-21.50.54:893][ 24]LogModuleManager: Shutting down and abandoning module CharacterAI (212)
[2017.01.04-21.50.54:893][ 24]LogModuleManager: Shutting down and abandoning module SequenceRecorder (211)
[2017.01.04-21.50.54:893][ 24]LogModuleManager: Shutting down and abandoning module AudioCapture (210)
[2017.01.04-21.50.54:893][ 24]LogModuleManager: Shutting down and abandoning module SmartSnapping (209)
[2017.01.04-21.50.54:893][ 24]LogModuleManager: Shutting down and abandoning module SessionServices (208)
[2017.01.04-21.50.54:893][ 24]LogModuleManager: Shutting down and abandoning module ViewportSnapping (207)
[2017.01.04-21.50.54:893][ 24]LogModuleManager: Shutting down and abandoning module ViewportInteraction (206)
[2017.01.04-21.50.54:893][ 24]LogModuleManager: Shutting down and abandoning module LogVisualizer (205)
[2017.01.04-21.50.54:893][ 24]LogModuleManager: Shutting down and abandoning module GameProjectGeneration (204)
[2017.01.04-21.50.54:893][ 24]LogModuleManager: Shutting down and abandoning module IntroTutorials (203)
[2017.01.04-21.50.54:893][ 24]LogModuleManager: Shutting down and abandoning module EditorLiveStreaming (202)
[2017.01.04-21.50.54:893][ 24]LogModuleManager: Shutting down and abandoning module IOSPlatformEditor (201)
[2017.01.04-21.50.54:893][ 24]LogModuleManager: Shutting down and abandoning module HTML5PlatformEditor (200)
[2017.01.04-21.50.54:893][ 24]LogModuleManager: Shutting down and abandoning module AndroidDeviceDetection (199)
[2017.01.04-21.50.55:574][ 24]LogModuleManager: Shutting down and abandoning module AndroidPlatformEditor (198)
[2017.01.04-21.50.55:574][ 24]LogModuleManager: Shutting down and abandoning module IOSRuntimeSettings (197)
[2017.01.04-21.50.55:574][ 24]LogModuleManager: Shutting down and abandoning module AndroidRuntimeSettings (196)
[2017.01.04-21.50.55:574][ 24]LogModuleManager: Shutting down and abandoning module InputBindingEditor (195)
[2017.01.04-21.50.55:574][ 24]LogModuleManager: Shutting down and abandoning module NiagaraEditor (194)
[2017.01.04-21.50.55:574][ 24]LogModuleManager: Shutting down and abandoning module MergeActors (193)
[2017.01.04-21.50.55:574][ 24]LogModuleManager: Shutting down and abandoning module SizeMap (192)
[2017.01.04-21.50.55:574][ 24]LogModuleManager: Shutting down and abandoning module TreeMap (191)
[2017.01.04-21.50.55:574][ 24]LogModuleManager: Shutting down and abandoning module ReferenceViewer (190)
[2017.01.04-21.50.55:574][ 24]LogModuleManager: Shutting down and abandoning module LocalizationService (189)
[2017.01.04-21.50.55:574][ 24]LogModuleManager: Shutting down and abandoning module LocalizationDashboard (188)
[2017.01.04-21.50.55:574][ 24]LogModuleManager: Shutting down and abandoning module HardwareTargeting (187)
[2017.01.04-21.50.55:574][ 24]LogModuleManager: Shutting down and abandoning module DeviceProfileEditor (186)
[2017.01.04-21.50.55:574][ 24]LogModuleManager: Shutting down and abandoning module UndoHistory (185)
[2017.01.04-21.50.55:574][ 24]LogModuleManager: Shutting down and abandoning module UserFeedback (184)
[2017.01.04-21.50.55:574][ 24]LogModuleManager: Shutting down and abandoning module XmlParser (183)
[2017.01.04-21.50.55:574][ 24]LogModuleManager: Shutting down and abandoning module Blutility (182)
[2017.01.04-21.50.55:574][ 24]LogModuleManager: Shutting down and abandoning module ProjectTargetPlatformEditor (181)
[2017.01.04-21.50.55:575][ 24]LogModuleManager: Shutting down and abandoning module ProjectSettingsViewer (180)
[2017.01.04-21.50.55:575][ 24]LogModuleManager: Shutting down and abandoning module EditorSettingsViewer (179)
[2017.01.04-21.50.55:575][ 24]LogModuleManager: Shutting down and abandoning module SettingsEditor (178)
[2017.01.04-21.50.55:575][ 24]LogModuleManager: Shutting down and abandoning module ProjectLauncher (177)
[2017.01.04-21.50.55:575][ 24]LogModuleManager: Shutting down and abandoning module SessionFrontend (176)
[2017.01.04-21.50.55:575][ 24]LogModuleManager: Shutting down and abandoning module ProfilerClient (175)
[2017.01.04-21.50.55:575][ 24]LogModuleManager: Shutting down and abandoning module TargetDeviceServices (174)
[2017.01.04-21.50.55:575][ 24]LogModuleManager: Shutting down and abandoning module DeviceManager (173)
[2017.01.04-21.50.55:615][ 24]LogModuleManager: Shutting down and abandoning module AutomationController (172)
[2017.01.04-21.50.55:615][ 24]LogModuleManager: Shutting down and abandoning module AutomationWindow (171)
[2017.01.04-21.50.55:615][ 24]LogModuleManager: Shutting down and abandoning module Layers (170)
[2017.01.04-21.50.55:615][ 24]LogModuleManager: Shutting down and abandoning module ComponentVisualizers (169)
[2017.01.04-21.50.55:615][ 24]LogModuleManager: Shutting down and abandoning module DetailCustomizations (168)
[2017.01.04-21.50.55:615][ 24]LogModuleManager: Shutting down and abandoning module PackagesDialog (167)
[2017.01.04-21.50.55:615][ 24]LogModuleManager: Shutting down and abandoning module AnimGraph (166)
[2017.01.04-21.50.55:615][ 24]LogModuleManager: Shutting down and abandoning module Persona (165)
[2017.01.04-21.50.55:615][ 24]LogModuleManager: Shutting down and abandoning module Kismet (164)
[2017.01.04-21.50.55:622][ 24]LogModuleManager: Shutting down and abandoning module GraphEditor (163)
[2017.01.04-21.50.55:622][ 24]LogModuleManager: Shutting down and abandoning module ClassViewer (162)
[2017.01.04-21.50.55:622][ 24]LogModuleManager: Shutting down and abandoning module Toolbox (161)
[2017.01.04-21.50.55:622][ 24]LogModuleManager: Shutting down and abandoning module ModuleUI (160)
[2017.01.04-21.50.55:622][ 24]LogModuleManager: Shutting down and abandoning module MovieSceneTools (159)
[2017.01.04-21.50.55:622][ 24]LogModuleManager: Shutting down and abandoning module OutputLog (158)
[2017.01.04-21.50.55:622][ 24]LogModuleManager: Shutting down and abandoning module GammaUI (157)
[2017.01.04-21.50.55:622][ 24]LogModuleManager: Shutting down and abandoning module Documentation (156)
[2017.01.04-21.50.55:622][ 24]LogModuleManager: Shutting down and abandoning module Niagara (155)
[2017.01.04-21.50.55:622][ 24]LogModuleManager: Shutting down and abandoning module StreamingPauseRendering (154)
[2017.01.04-21.50.55:622][ 24]LogModuleManager: Shutting down and abandoning module AnalyticsET (153)
[2017.01.04-21.50.55:622][ 24]LogModuleManager: Shutting down and abandoning module PortalServices (152)
[2017.01.04-21.50.55:622][ 24]LogModuleManager: Shutting down and abandoning module PortalRpc (151)
[2017.01.04-21.50.55:622][ 24]LogModuleManager: Shutting down and abandoning module MessagingRpc (150)
[2017.01.04-21.50.55:622][ 24]LogModuleManager: Shutting down and abandoning module GameplayDebugger (149)
[2017.01.04-21.50.55:622][ 24]LogModuleManager: Shutting down and abandoning module AITestSuite (148)
[2017.01.04-21.50.55:622][ 24]LogModuleManager: Shutting down and abandoning module AIModule (147)
[2017.01.04-21.50.55:622][ 24]LogModuleManager: Shutting down and abandoning module ProfilerService (146)
[2017.01.04-21.50.55:714][ 24]LogModuleManager: Shutting down and abandoning module TaskGraph (145)
[2017.01.04-21.50.55:714][ 24]LogModuleManager: Shutting down and abandoning module SlateRemote (144)
[2017.01.04-21.50.55:714][ 24]LogModuleManager: Shutting down and abandoning module SteamVRController (143)
[2017.01.04-21.50.55:714][ 24]LogModuleManager: Shutting down and abandoning module SteamVR (142)
[2017.01.04-21.50.55:714][ 24]LogModuleManager: Shutting down and abandoning module ProceduralMeshComponentEditor (141)
[2017.01.04-21.50.55:714][ 24]LogModuleManager: Shutting down and abandoning module ProceduralMeshComponent (140)
[2017.01.04-21.50.55:714][ 24]LogModuleManager: Shutting down and abandoning module OculusLibrary (139)
[2017.01.04-21.50.55:714][ 24]LogModuleManager: Shutting down and abandoning module OculusInput (138)
[2017.01.04-21.50.55:714][ 24]LogModuleManager: Shutting down and abandoning module MobilePatchingUtils (137)
[2017.01.04-21.50.55:714][ 24]LogModuleManager: Shutting down and abandoning module CustomMeshComponent (136)
[2017.01.04-21.50.55:714][ 24]LogModuleManager: Shutting down and abandoning module CableComponent (135)
[2017.01.04-21.50.55:714][ 24]LogModuleManager: Shutting down and abandoning module ArchVisCharacter (134)
[2017.01.04-21.50.55:714][ 24]LogModuleManager: Shutting down and abandoning module MediaPlayerEditor (132)
[2017.01.04-21.50.55:714][ 24]LogModuleManager: Shutting down and abandoning module HTML5Networking (131)
[2017.01.04-21.50.55:714][ 24]LogModuleManager: Shutting down and abandoning module GeometryCacheEd (130)
[2017.01.04-21.50.55:714][ 24]LogModuleManager: Shutting down and abandoning module GeometryCache (129)
[2017.01.04-21.50.55:714][ 24]LogModuleManager: Shutting down and abandoning module AlembicLibrary (128)
[2017.01.04-21.50.55:714][ 24]LogModuleManager: Shutting down and abandoning module AlembicImporter (127)
[2017.01.04-21.50.55:714][ 24]LogModuleManager: Shutting down and abandoning module SuperSearch (126)
[2017.01.04-21.50.55:714][ 24]LogModuleManager: Shutting down and abandoning module SuperSearchEditor (125)
[2017.01.04-21.50.55:714][ 24]LogModuleManager: Shutting down and abandoning module SpeedTreeImporter (124)
[2017.01.04-21.50.55:714][ 24]LogModuleManager: Shutting down and abandoning module PluginBrowser (123)
[2017.01.04-21.50.55:715][ 24]LogModuleManager: Shutting down and abandoning module MobileLauncherProfileWizard (122)
[2017.01.04-21.50.55:715][ 24]LogModuleManager: Shutting down and abandoning module EpicSurvey (121)
[2017.01.04-21.50.55:715][ 24]LogModuleManager: Shutting down and abandoning module DesktopPlatform (120)
[2017.01.04-21.50.55:715][ 24]LogModuleManager: Shutting down and abandoning module VisualStudioSourceCodeAccess (119)
[2017.01.04-21.50.55:715][ 24]LogModuleManager: Shutting down and abandoning module UObjectPlugin (118)
[2017.01.04-21.50.55:715][ 24]LogModuleManager: Shutting down and abandoning module SubversionSourceControl (117)
[2017.01.04-21.50.55:715][ 24]LogModuleManager: Shutting down and abandoning module PerforceSourceControl (116)
[2017.01.04-21.50.55:715][ 24]LogModuleManager: Shutting down and abandoning module SourceControl (115)
[2017.01.04-21.50.55:715][ 24]LogModuleManager: Shutting down and abandoning module GitSourceControl (114)
[2017.01.04-21.50.55:715][ 24]LogModuleManager: Shutting down and abandoning module LightPropagationVolumeEditor (113)
[2017.01.04-21.50.55:715][ 24]LogModuleManager: Shutting down and abandoning module PaperTiledImporter (112)
[2017.01.04-21.50.55:715][ 24]LogModuleManager: Shutting down and abandoning module PaperSpriteSheetImporter (111)
[2017.01.04-21.50.55:715][ 24]LogModuleManager: Shutting down and abandoning module MeshPaint (110)
[2017.01.04-21.50.55:715][ 24]LogModuleManager: Shutting down and abandoning module PixelInspectorModule (109)
[2017.01.04-21.50.55:715][ 24]LogModuleManager: Shutting down and abandoning module HotReload (108)
[2017.01.04-21.50.55:715][ 24]LogModuleManager: Shutting down and abandoning module MainFrame (107)
[2017.01.04-21.50.55:715][ 24]LogModuleManager: Shutting down and abandoning module LevelEditor (106)
[2017.01.04-21.50.55:716][ 24]LogModuleManager: Shutting down and abandoning module ContentBrowser (105)
[2017.01.04-21.50.55:717][ 24]LogModuleManager: Shutting down and abandoning module Paper2DEditor (104)
[2017.01.04-21.50.55:717][ 24]LogModuleManager: Shutting down and abandoning module UdpMessaging (103)
[2017.01.04-21.50.55:817][ 24]LogModuleManager: Shutting down and abandoning module TcpMessaging (102)
[2017.01.04-21.50.55:918][ 24]LogModuleManager: Shutting down and abandoning module LightPropagationVolumeRuntime (101)
[2017.01.04-21.50.55:918][ 24]LogModuleManager: Shutting down and abandoning module Paper2D (100)
[2017.01.04-21.50.55:918][ 24]LogModuleManager: Shutting down and abandoning module WindowsMoviePlayer (99)
[2017.01.04-21.50.55:918][ 24]LogModuleManager: Shutting down and abandoning module WmfMedia (98)
[2017.01.04-21.50.55:918][ 24]LogModuleManager: Shutting down and abandoning module MediaAssets (97)
[2017.01.04-21.50.55:918][ 24]LogModuleManager: Shutting down and abandoning module GameLiveStreaming (96)
[2017.01.04-21.50.55:918][ 24]LogModuleManager: Shutting down and abandoning module GameplayTagsEditor (95)
[2017.01.04-21.50.55:918][ 24]LogModuleManager: Shutting down and abandoning module VREditor (94)
[2017.01.04-21.50.55:918][ 24]LogModuleManager: Shutting down and abandoning module GameplayTasksEditor (93)
[2017.01.04-21.50.55:918][ 24]LogModuleManager: Shutting down and abandoning module BehaviorTreeEditor (92)
[2017.01.04-21.50.55:918][ 24]LogModuleManager: Shutting down and abandoning module FunctionalTesting (91)
[2017.01.04-21.50.55:918][ 24]LogModuleManager: Shutting down and abandoning module CollisionAnalyzer (90)
[2017.01.04-21.50.55:918][ 24]LogModuleManager: Shutting down and abandoning module Sequencer (89)
[2017.01.04-21.50.55:919][ 24]LogModuleManager: Shutting down and abandoning module WorkspaceMenuStructure (88)
[2017.01.04-21.50.55:919][ 24]LogModuleManager: Shutting down and abandoning module MessageLog (87)
[2017.01.04-21.50.55:919][ 24]LogModuleManager: Shutting down and abandoning module AssetTools (86)
[2017.01.04-21.50.55:919][ 24]LogModuleManager: Shutting down and abandoning module UMGEditor (85)
[2017.01.04-21.50.55:919][ 24]LogModuleManager: Shutting down and abandoning module UMG (84)
[2017.01.04-21.50.55:919][ 24]LogModuleManager: Shutting down and abandoning module SlateReflector (83)
[2017.01.04-21.50.55:919][ 24]LogModuleManager: Shutting down and abandoning module Slate (82)
[2017.01.04-21.50.55:919][ 24]LogModuleManager: Shutting down and abandoning module EditorStyle (81)
[2017.01.04-21.50.55:921][ 24]LogModuleManager: Shutting down and abandoning module SourceCodeAccess (80)
[2017.01.04-21.50.55:921][ 24]LogModuleManager: Shutting down and abandoning module HeadMountedDisplay (79)
[2017.01.04-21.50.55:921][ 24]LogModuleManager: Shutting down and abandoning module XAudio2 (78)
[2017.01.04-21.50.55:921][ 24]LogModuleManager: Shutting down and abandoning module Networking (76)
[2017.01.04-21.50.55:921][ 24]LogModuleManager: Shutting down and abandoning module Core (75)
[2017.01.04-21.50.55:921][ 24]LogModuleManager: Shutting down and abandoning module DirectoryWatcher (74)
[2017.01.04-21.50.55:921][ 24]LogDirectoryWatcher: A directory notification for '../../../Engine/Content/' was aborted.
[2017.01.04-21.50.55:921][ 24]LogDirectoryWatcher: A directory notification for '../../../../../../Users/User/Desktop/NaughtsNCrosses/NaughtsNCrosses/Content/' was aborted.
[2017.01.04-21.50.55:921][ 24]LogDirectoryWatcher: A directory notification for '../../../Engine/Plugins/2D/Paper2D/Content/' was aborted.
[2017.01.04-21.50.55:922][ 24]LogModuleManager: Shutting down and abandoning module AssetRegistry (73)
[2017.01.04-21.50.56:112][ 24]LogModuleManager: Shutting down and abandoning module KismetCompiler (72)
[2017.01.04-21.50.56:112][ 24]LogModuleManager: Shutting down and abandoning module PhysXFormats (71)
[2017.01.04-21.50.56:112][ 24]LogModuleManager: Shutting down and abandoning module SimplygonSwarm (70)
[2017.01.04-21.50.56:112][ 24]LogModuleManager: Shutting down and abandoning module SimplygonMeshReduction (69)
[2017.01.04-21.50.56:112][ 24]LogModuleManager: Shutting down and abandoning module QuadricMeshReduction (68)
[2017.01.04-21.50.56:113][ 24]LogModuleManager: Shutting down and abandoning module PropertyEditor (67)
[2017.01.04-21.50.56:113][ 24]LogModuleManager: Shutting down and abandoning module MeshUtilities (66)
[2017.01.04-21.50.56:113][ 24]LogModuleManager: Shutting down and abandoning module DerivedDataCache (65)
[2017.01.04-21.50.56:189][ 24]LogDerivedDataCache: Shutdown
[2017.01.04-21.50.56:189][ 24]LogModuleManager: Shutting down and abandoning module VulkanShaderFormat (64)
[2017.01.04-21.50.56:189][ 24]LogModuleManager: Shutting down and abandoning module ShaderFormatOpenGL (63)
[2017.01.04-21.50.56:189][ 24]LogModuleManager: Shutting down and abandoning module ShaderFormatD3D (62)
[2017.01.04-21.50.56:189][ 24]LogModuleManager: Shutting down and abandoning module MetalShaderFormat (61)
[2017.01.04-21.50.56:189][ 24]LogModuleManager: Shutting down and abandoning module TextureFormatUncompressed (60)
[2017.01.04-21.50.56:189][ 24]LogModuleManager: Shutting down and abandoning module TextureFormatPVR (59)
[2017.01.04-21.50.56:189][ 24]LogModuleManager: Shutting down and abandoning module TextureFormatDXT (58)
[2017.01.04-21.50.56:189][ 24]LogModuleManager: Shutting down and abandoning module TextureFormatIntelISPCTexComp (57)
[2017.01.04-21.50.56:189][ 24]LogModuleManager: Shutting down and abandoning module ImageWrapper (56)
[2017.01.04-21.50.56:189][ 24]LogModuleManager: Shutting down and abandoning module TextureFormatASTC (55)
[2017.01.04-21.50.56:189][ 24]LogModuleManager: Shutting down and abandoning module TextureFormatAndroid (54)
[2017.01.04-21.50.56:190][ 24]LogModuleManager: Shutting down and abandoning module AudioFormatOpus (53)
[2017.01.04-21.50.56:190][ 24]LogModuleManager: Shutting down and abandoning module AudioFormatOgg (52)
[2017.01.04-21.50.56:190][ 24]LogModuleManager: Shutting down and abandoning module AudioFormatADPCM (51)
[2017.01.04-21.50.56:190][ 24]LogModuleManager: Shutting down and abandoning module LinuxTargetPlatform (50)
[2017.01.04-21.50.56:190][ 24]LogModuleManager: Shutting down and abandoning module LinuxServerTargetPlatform (49)
[2017.01.04-21.50.56:190][ 24]LogModuleManager: Shutting down and abandoning module LinuxNoEditorTargetPlatform (48)
[2017.01.04-21.50.56:190][ 24]LogModuleManager: Shutting down and abandoning module LinuxClientTargetPlatform (47)
[2017.01.04-21.50.56:190][ 24]LogModuleManager: Shutting down and abandoning module TVOSTargetPlatform (46)
[2017.01.04-21.50.56:190][ 24]LogModuleManager: Shutting down and abandoning module Messaging (45)
[2017.01.04-21.50.56:190][ 24]LogModuleManager: Shutting down and abandoning module IOSTargetPlatform (44)
[2017.01.04-21.50.56:190][ 24]LogModuleManager: Shutting down and abandoning module HTML5TargetPlatform (43)
[2017.01.04-21.50.56:190][ 24]LogModuleManager: Shutting down and abandoning module Android_PVRTCTargetPlatform (42)
[2017.01.04-21.50.56:190][ 24]LogModuleManager: Shutting down and abandoning module Android_MultiTargetPlatform (41)
[2017.01.04-21.50.56:190][ 24]LogModuleManager: Shutting down and abandoning module Android_ETC2TargetPlatform (40)
[2017.01.04-21.50.56:190][ 24]LogModuleManager: Shutting down and abandoning module Android_ETC1TargetPlatform (39)
[2017.01.04-21.50.56:190][ 24]LogModuleManager: Shutting down and abandoning module Android_DXTTargetPlatform (38)
[2017.01.04-21.50.56:190][ 24]LogModuleManager: Shutting down and abandoning module Android_ATCTargetPlatform (37)
[2017.01.04-21.50.56:190][ 24]LogModuleManager: Shutting down and abandoning module Android_ASTCTargetPlatform (36)
[2017.01.04-21.50.56:190][ 24]LogModuleManager: Shutting down and abandoning module AndroidTargetPlatform (35)
[2017.01.04-21.50.56:190][ 24]LogModuleManager: Shutting down and abandoning module WindowsTargetPlatform (34)
[2017.01.04-21.50.56:190][ 24]LogModuleManager: Shutting down and abandoning module WindowsServerTargetPlatform (33)
[2017.01.04-21.50.56:190][ 24]LogModuleManager: Shutting down and abandoning module WindowsNoEditorTargetPlatform (32)
[2017.01.04-21.50.56:190][ 24]LogModuleManager: Shutting down and abandoning module WindowsClientTargetPlatform (31)
[2017.01.04-21.50.56:190][ 24]LogModuleManager: Shutting down and abandoning module MacTargetPlatform (30)
[2017.01.04-21.50.56:190][ 24]LogModuleManager: Shutting down and abandoning module MacServerTargetPlatform (29)
[2017.01.04-21.50.56:190][ 24]LogModuleManager: Shutting down and abandoning module MacNoEditorTargetPlatform (28)
[2017.01.04-21.50.56:190][ 24]LogModuleManager: Shutting down and abandoning module MacClientTargetPlatform (27)
[2017.01.04-21.50.56:190][ 24]LogModuleManager: Shutting down and abandoning module AllDesktopTargetPlatform (26)
[2017.01.04-21.50.56:190][ 24]LogModuleManager: Shutting down and abandoning module TargetPlatform (25)
[2017.01.04-21.50.56:190][ 24]LogModuleManager: Shutting down and abandoning module InputCore (24)
[2017.01.04-21.50.56:190][ 24]LogModuleManager: Shutting down and abandoning module Settings (23)
[2017.01.04-21.50.56:190][ 24]LogModuleManager: Shutting down and abandoning module OculusRift (22)
[2017.01.04-21.50.56:190][ 24]LogModuleManager: Shutting down and abandoning module ExampleDeviceProfileSelector (21)
[2017.01.04-21.50.56:190][ 24]LogModuleManager: Shutting down and abandoning module OnlineBlueprintSupport (20)
[2017.01.04-21.50.56:190][ 24]LogModuleManager: Shutting down and abandoning module OnlineSubsystem (18)
[2017.01.04-21.50.56:190][ 24]LogOnline:Display: Unloading online subsystem: NULL
[2017.01.04-21.50.56:190][ 24]LogModuleManager: Shutting down and abandoning module SSL (17)
[2017.01.04-21.50.56:191][ 24]LogModuleManager: Shutting down and abandoning module HTTP (16)
[2017.01.04-21.50.56:191][ 24]LogModuleManager: Shutting down and abandoning module XMPP (15)
[2017.01.04-21.50.56:191][ 24]LogModuleManager: Shutting down and abandoning module TextureCompressor (14)
[2017.01.04-21.50.56:191][ 24]LogModuleManager: Shutting down and abandoning module ShaderCore (13)
[2017.01.04-21.50.56:191][ 24]LogModuleManager: Shutting down and abandoning module Landscape (12)
[2017.01.04-21.50.56:191][ 24]LogModuleManager: Shutting down and abandoning module SlateRHIRenderer (11)
[2017.01.04-21.50.56:193][ 24]LogModuleManager: Shutting down and abandoning module OpenGLDrv (10)
[2017.01.04-21.50.56:193][ 24]LogModuleManager: Shutting down and abandoning module D3D11RHI (9)
[2017.01.04-21.50.56:193][ 24]LogModuleManager: Shutting down and abandoning module AnimGraphRuntime (8)
[2017.01.04-21.50.56:193][ 24]LogModuleManager: Shutting down and abandoning module Renderer (7)
[2017.01.04-21.50.56:193][ 24]LogModuleManager: Shutting down and abandoning module Engine (6)
[2017.01.04-21.50.56:194][ 24]LogModuleManager: Shutting down and abandoning module CoreUObject (5)
[2017.01.04-21.50.56:194][ 24]LogModuleManager: Shutting down and abandoning module NetworkFile (4)
[2017.01.04-21.50.56:194][ 24]LogModuleManager: Shutting down and abandoning module StreamingFile (3)
[2017.01.04-21.50.56:194][ 24]LogModuleManager: Shutting down and abandoning module SandboxFile (2)
[2017.01.04-21.50.56:194][ 24]LogModuleManager: Shutting down and abandoning module PakFile (1)
[2017.01.04-21.50.56:195][ 24]LogExit: Exiting.
[2017.01.04-21.50.56:197][ 24]Log file closed, 01/04/17 21:50:56
